[0.022s] Invoking command in '/home/shiva/Documents/AGV_Kalman_Filter_Robot/robo_car/build/robot_car_bringup': CMAKE_PREFIX_PATH=${CMAKE_PREFIX_PATH}:/home/shiva/Documents/wrk_spc/install/my_pkg:/opt/ros/humble /usr/bin/cmake /home/shiva/Documents/AGV_Kalman_Filter_Robot/robo_car/src/robot_car_bringup -DCMAKE_INSTALL_PREFIX=/home/shiva/Documents/AGV_Kalman_Filter_Robot/robo_car/install/robot_car_bringup
[0.079s] -- The C compiler identification is GNU 11.4.0
[0.161s] -- The CXX compiler identification is GNU 11.4.0
[0.168s] -- Detecting C compiler ABI info
[0.253s] -- Detecting C compiler ABI info - done
[0.270s] -- Check for working C compiler: /usr/bin/cc - skipped
[0.270s] -- Detecting C compile features
[0.271s] -- Detecting C compile features - done
[0.275s] -- Detecting CXX compiler ABI info
[0.381s] -- Detecting CXX compiler ABI info - done
[0.401s] -- Check for working CXX compiler: /usr/bin/c++ - skipped
[0.401s] -- Detecting CXX compile features
[0.402s] -- Detecting CXX compile features - done
[0.402s] -- Found ament_cmake: 1.3.10 (/opt/ros/humble/share/ament_cmake/cmake)
[1.266s] -- Found Python3: /home/shiva/.pyenv/shims/python3 (found version "3.10.9") found components: Interpreter 
[1.482s] -- Found ament_lint_auto: 0.12.11 (/opt/ros/humble/share/ament_lint_auto/cmake)
[1.716s] -- Added test 'flake8' to check Python code syntax and style conventions
[1.718s] -- Added test 'lint_cmake' to check CMake code style
[1.719s] -- Added test 'pep257' to check Python code against some of the docstring style conventions in PEP 257
[1.721s] -- Added test 'xmllint' to check XML markup files
[1.724s] -- Configuring done
[1.728s] -- Generating done
[1.729s] -- Build files have been written to: /home/shiva/Documents/AGV_Kalman_Filter_Robot/robo_car/build/robot_car_bringup
[1.735s] Invoked command in '/home/shiva/Documents/AGV_Kalman_Filter_Robot/robo_car/build/robot_car_bringup' returned '0': CMAKE_PREFIX_PATH=${CMAKE_PREFIX_PATH}:/home/shiva/Documents/wrk_spc/install/my_pkg:/opt/ros/humble /usr/bin/cmake /home/shiva/Documents/AGV_Kalman_Filter_Robot/robo_car/src/robot_car_bringup -DCMAKE_INSTALL_PREFIX=/home/shiva/Documents/AGV_Kalman_Filter_Robot/robo_car/install/robot_car_bringup
[1.738s] Invoking command in '/home/shiva/Documents/AGV_Kalman_Filter_Robot/robo_car/build/robot_car_bringup': CMAKE_PREFIX_PATH=${CMAKE_PREFIX_PATH}:/home/shiva/Documents/wrk_spc/install/my_pkg:/opt/ros/humble /usr/bin/cmake --build /home/shiva/Documents/AGV_Kalman_Filter_Robot/robo_car/build/robot_car_bringup -- -j8 -l8
[1.782s] Invoked command in '/home/shiva/Documents/AGV_Kalman_Filter_Robot/robo_car/build/robot_car_bringup' returned '0': CMAKE_PREFIX_PATH=${CMAKE_PREFIX_PATH}:/home/shiva/Documents/wrk_spc/install/my_pkg:/opt/ros/humble /usr/bin/cmake --build /home/shiva/Documents/AGV_Kalman_Filter_Robot/robo_car/build/robot_car_bringup -- -j8 -l8
[1.826s] Invoking command in '/home/shiva/Documents/AGV_Kalman_Filter_Robot/robo_car/build/robot_car_bringup': CMAKE_PREFIX_PATH=${CMAKE_PREFIX_PATH}:/home/shiva/Documents/wrk_spc/install/my_pkg:/opt/ros/humble /usr/bin/cmake --install /home/shiva/Documents/AGV_Kalman_Filter_Robot/robo_car/build/robot_car_bringup
[1.835s] -- Install configuration: ""
[1.835s] -- Installing: /home/shiva/Documents/AGV_Kalman_Filter_Robot/robo_car/install/robot_car_bringup/share/robot_car_bringup/launch
[1.835s] -- Installing: /home/shiva/Documents/AGV_Kalman_Filter_Robot/robo_car/install/robot_car_bringup/share/robot_car_bringup/launch/robot_car.launch.py
[1.836s] -- Installing: /home/shiva/Documents/AGV_Kalman_Filter_Robot/robo_car/install/robot_car_bringup/share/robot_car_bringup/rviz
[1.836s] -- Installing: /home/shiva/Documents/AGV_Kalman_Filter_Robot/robo_car/install/robot_car_bringup/share/robot_car_bringup/rviz/config.rviz
[1.836s] -- Installing: /home/shiva/Documents/AGV_Kalman_Filter_Robot/robo_car/install/robot_car_bringup/share/ament_index/resource_index/package_run_dependencies/robot_car_bringup
[1.836s] -- Installing: /home/shiva/Documents/AGV_Kalman_Filter_Robot/robo_car/install/robot_car_bringup/share/ament_index/resource_index/parent_prefix_path/robot_car_bringup
[1.836s] -- Installing: /home/shiva/Documents/AGV_Kalman_Filter_Robot/robo_car/install/robot_car_bringup/share/robot_car_bringup/environment/ament_prefix_path.sh
[1.837s] -- Installing: /home/shiva/Documents/AGV_Kalman_Filter_Robot/robo_car/install/robot_car_bringup/share/robot_car_bringup/environment/ament_prefix_path.dsv
[1.837s] -- Installing: /home/shiva/Documents/AGV_Kalman_Filter_Robot/robo_car/install/robot_car_bringup/share/robot_car_bringup/environment/path.sh
[1.837s] -- Installing: /home/shiva/Documents/AGV_Kalman_Filter_Robot/robo_car/install/robot_car_bringup/share/robot_car_bringup/environment/path.dsv
[1.837s] -- Installing: /home/shiva/Documents/AGV_Kalman_Filter_Robot/robo_car/install/robot_car_bringup/share/robot_car_bringup/local_setup.bash
[1.837s] -- Installing: /home/shiva/Documents/AGV_Kalman_Filter_Robot/robo_car/install/robot_car_bringup/share/robot_car_bringup/local_setup.sh
[1.837s] -- Installing: /home/shiva/Documents/AGV_Kalman_Filter_Robot/robo_car/install/robot_car_bringup/share/robot_car_bringup/local_setup.zsh
[1.838s] -- Installing: /home/shiva/Documents/AGV_Kalman_Filter_Robot/robo_car/install/robot_car_bringup/share/robot_car_bringup/local_setup.dsv
[1.838s] -- Installing: /home/shiva/Documents/AGV_Kalman_Filter_Robot/robo_car/install/robot_car_bringup/share/robot_car_bringup/package.dsv
[1.838s] -- Installing: /home/shiva/Documents/AGV_Kalman_Filter_Robot/robo_car/install/robot_car_bringup/share/ament_index/resource_index/packages/robot_car_bringup
[1.840s] -- Installing: /home/shiva/Documents/AGV_Kalman_Filter_Robot/robo_car/install/robot_car_bringup/share/robot_car_bringup/cmake/robot_car_bringupConfig.cmake
[1.840s] -- Installing: /home/shiva/Documents/AGV_Kalman_Filter_Robot/robo_car/install/robot_car_bringup/share/robot_car_bringup/cmake/robot_car_bringupConfig-version.cmake
[1.841s] -- Installing: /home/shiva/Documents/AGV_Kalman_Filter_Robot/robo_car/install/robot_car_bringup/share/robot_car_bringup/package.xml
[1.841s] Invoked command in '/home/shiva/Documents/AGV_Kalman_Filter_Robot/robo_car/build/robot_car_bringup' returned '0': CMAKE_PREFIX_PATH=${CMAKE_PREFIX_PATH}:/home/shiva/Documents/wrk_spc/install/my_pkg:/opt/ros/humble /usr/bin/cmake --install /home/shiva/Documents/AGV_Kalman_Filter_Robot/robo_car/build/robot_car_bringup
