[0.021s] Invoking command in '/home/shiva/Documents/AGV_Kalman_Filter_Robot/robo_car/build/robot_car_description': CMAKE_PREFIX_PATH=${CMAKE_PREFIX_PATH}:/home/shiva/Documents/wrk_spc/install/my_pkg:/opt/ros/humble /usr/bin/cmake --build /home/shiva/Documents/AGV_Kalman_Filter_Robot/robo_car/build/robot_car_description -- -j8 -l8
[0.060s] Invoked command in '/home/shiva/Documents/AGV_Kalman_Filter_Robot/robo_car/build/robot_car_description' returned '0': CMAKE_PREFIX_PATH=${CMAKE_PREFIX_PATH}:/home/shiva/Documents/wrk_spc/install/my_pkg:/opt/ros/humble /usr/bin/cmake --build /home/shiva/Documents/AGV_Kalman_Filter_Robot/robo_car/build/robot_car_description -- -j8 -l8
[0.080s] Invoking command in '/home/shiva/Documents/AGV_Kalman_Filter_Robot/robo_car/build/robot_car_description': CMAKE_PREFIX_PATH=${CMAKE_PREFIX_PATH}:/home/shiva/Documents/wrk_spc/install/my_pkg:/opt/ros/humble /usr/bin/cmake --install /home/shiva/Documents/AGV_Kalman_Filter_Robot/robo_car/build/robot_car_description
[0.088s] -- Install configuration: ""
[0.088s] -- Up-to-date: /home/shiva/Documents/AGV_Kalman_Filter_Robot/robo_car/install/robot_car_description/share/robot_car_description/launch
[0.089s] -- Up-to-date: /home/shiva/Documents/AGV_Kalman_Filter_Robot/robo_car/install/robot_car_description/share/robot_car_description/launch/display.launch.py
[0.089s] -- Up-to-date: /home/shiva/Documents/AGV_Kalman_Filter_Robot/robo_car/install/robot_car_description/share/robot_car_description/launch/gazebo.launch.py
[0.089s] -- Up-to-date: /home/shiva/Documents/AGV_Kalman_Filter_Robot/robo_car/install/robot_car_description/share/robot_car_description/meshes
[0.089s] -- Up-to-date: /home/shiva/Documents/AGV_Kalman_Filter_Robot/robo_car/install/robot_car_description/share/robot_car_description/meshes/imu_link.STL
[0.089s] -- Up-to-date: /home/shiva/Documents/AGV_Kalman_Filter_Robot/robo_car/install/robot_car_description/share/robot_car_description/meshes/wheel_left_link.STL
[0.089s] -- Up-to-date: /home/shiva/Documents/AGV_Kalman_Filter_Robot/robo_car/install/robot_car_description/share/robot_car_description/meshes/base_link.STL
[0.089s] -- Up-to-date: /home/shiva/Documents/AGV_Kalman_Filter_Robot/robo_car/install/robot_car_description/share/robot_car_description/meshes/wheel_right_link.STL
[0.089s] -- Up-to-date: /home/shiva/Documents/AGV_Kalman_Filter_Robot/robo_car/install/robot_car_description/share/robot_car_description/meshes/caster_rear_link.STL
[0.090s] -- Up-to-date: /home/shiva/Documents/AGV_Kalman_Filter_Robot/robo_car/install/robot_car_description/share/robot_car_description/meshes/caster_front_link.STL
[0.090s] -- Up-to-date: /home/shiva/Documents/AGV_Kalman_Filter_Robot/robo_car/install/robot_car_description/share/robot_car_description/urdf
[0.090s] -- Up-to-date: /home/shiva/Documents/AGV_Kalman_Filter_Robot/robo_car/install/robot_car_description/share/robot_car_description/urdf/robot_car_gazebo.xacro
[0.090s] -- Up-to-date: /home/shiva/Documents/AGV_Kalman_Filter_Robot/robo_car/install/robot_car_description/share/robot_car_description/urdf/robot_car_ros2_control.xacro
[0.090s] -- Up-to-date: /home/shiva/Documents/AGV_Kalman_Filter_Robot/robo_car/install/robot_car_description/share/robot_car_description/urdf/robot_car_urdf.urdf.xacro
[0.090s] -- Up-to-date: /home/shiva/Documents/AGV_Kalman_Filter_Robot/robo_car/install/robot_car_description/share/robot_car_description/rviz
[0.090s] -- Up-to-date: /home/shiva/Documents/AGV_Kalman_Filter_Robot/robo_car/install/robot_car_description/share/robot_car_description/rviz/urdf_config.rviz
[0.090s] -- Up-to-date: /home/shiva/Documents/AGV_Kalman_Filter_Robot/robo_car/install/robot_car_description/share/ament_index/resource_index/package_run_dependencies/robot_car_description
[0.090s] -- Up-to-date: /home/shiva/Documents/AGV_Kalman_Filter_Robot/robo_car/install/robot_car_description/share/ament_index/resource_index/parent_prefix_path/robot_car_description
[0.090s] -- Up-to-date: /home/shiva/Documents/AGV_Kalman_Filter_Robot/robo_car/install/robot_car_description/share/robot_car_description/environment/ament_prefix_path.sh
[0.090s] -- Up-to-date: /home/shiva/Documents/AGV_Kalman_Filter_Robot/robo_car/install/robot_car_description/share/robot_car_description/environment/ament_prefix_path.dsv
[0.090s] -- Up-to-date: /home/shiva/Documents/AGV_Kalman_Filter_Robot/robo_car/install/robot_car_description/share/robot_car_description/environment/path.sh
[0.090s] -- Up-to-date: /home/shiva/Documents/AGV_Kalman_Filter_Robot/robo_car/install/robot_car_description/share/robot_car_description/environment/path.dsv
[0.091s] -- Up-to-date: /home/shiva/Documents/AGV_Kalman_Filter_Robot/robo_car/install/robot_car_description/share/robot_car_description/local_setup.bash
[0.091s] -- Up-to-date: /home/shiva/Documents/AGV_Kalman_Filter_Robot/robo_car/install/robot_car_description/share/robot_car_description/local_setup.sh
[0.091s] -- Up-to-date: /home/shiva/Documents/AGV_Kalman_Filter_Robot/robo_car/install/robot_car_description/share/robot_car_description/local_setup.zsh
[0.091s] -- Up-to-date: /home/shiva/Documents/AGV_Kalman_Filter_Robot/robo_car/install/robot_car_description/share/robot_car_description/local_setup.dsv
[0.091s] -- Installing: /home/shiva/Documents/AGV_Kalman_Filter_Robot/robo_car/install/robot_car_description/share/robot_car_description/package.dsv
[0.092s] -- Up-to-date: /home/shiva/Documents/AGV_Kalman_Filter_Robot/robo_car/install/robot_car_description/share/ament_index/resource_index/packages/robot_car_description
[0.092s] -- Up-to-date: /home/shiva/Documents/AGV_Kalman_Filter_Robot/robo_car/install/robot_car_description/share/robot_car_description/cmake/robot_car_descriptionConfig.cmake
[0.092s] -- Up-to-date: /home/shiva/Documents/AGV_Kalman_Filter_Robot/robo_car/install/robot_car_description/share/robot_car_description/cmake/robot_car_descriptionConfig-version.cmake
[0.092s] -- Up-to-date: /home/shiva/Documents/AGV_Kalman_Filter_Robot/robo_car/install/robot_car_description/share/robot_car_description/package.xml
[0.107s] Invoked command in '/home/shiva/Documents/AGV_Kalman_Filter_Robot/robo_car/build/robot_car_description' returned '0': CMAKE_PREFIX_PATH=${CMAKE_PREFIX_PATH}:/home/shiva/Documents/wrk_spc/install/my_pkg:/opt/ros/humble /usr/bin/cmake --install /home/shiva/Documents/AGV_Kalman_Filter_Robot/robo_car/build/robot_car_description
