[0.113s] DEBUG:colcon:Command line arguments: ['/usr/bin/colcon', 'build']
[0.113s] DEBUG:colcon:Parsed command line arguments: Namespace(log_base=None, log_level=None, verb_name='build', build_base='build', install_base='install', merge_install=False, symlink_install=False, test_result_base=None, continue_on_error=False, executor='parallel', parallel_workers=8, event_handlers=None, ignore_user_meta=False, metas=['./colcon.meta'], base_paths=['.'], packages_ignore=None, packages_ignore_regex=None, paths=None, packages_up_to=None, packages_up_to_regex=None, packages_above=None, packages_above_and_dependencies=None, packages_above_depth=None, packages_select_by_dep=None, packages_skip_by_dep=None, packages_skip_up_to=None, packages_select_build_failed=False, packages_skip_build_finished=False, packages_select_test_failures=False, packages_skip_test_passed=False, packages_select=None, packages_skip=None, packages_select_regex=None, packages_skip_regex=None, packages_start=None, packages_end=None, allow_overriding=[], cmake_args=None, cmake_target=None, cmake_target_skip_unavailable=False, cmake_clean_cache=False, cmake_clean_first=False, cmake_force_configure=False, ament_cmake_args=None, catkin_cmake_args=None, catkin_skip_building_tests=False, mixin_files=None, mixin=None, verb_parser=<colcon_mixin.mixin.mixin_argument.MixinArgumentDecorator object at 0x78aa97e2e170>, verb_extension=<colcon_core.verb.build.BuildVerb object at 0x78aa97e2dae0>, main=<bound method BuildVerb.main of <colcon_core.verb.build.BuildVerb object at 0x78aa97e2dae0>>, mixin_verb=('build',))
[0.269s] Level 1:colcon.colcon_core.package_discovery:discover_packages(colcon_meta) check parameters
[0.269s] Level 1:colcon.colcon_core.package_discovery:discover_packages(recursive) check parameters
[0.269s] Level 1:colcon.colcon_core.package_discovery:discover_packages(ignore) check parameters
[0.269s] Level 1:colcon.colcon_core.package_discovery:discover_packages(path) check parameters
[0.269s] Level 1:colcon.colcon_core.package_discovery:discover_packages(colcon_meta) discover
[0.269s] Level 1:colcon.colcon_core.package_discovery:discover_packages(recursive) discover
[0.269s] INFO:colcon.colcon_core.package_discovery:Crawling recursively for packages in '/home/shiva/Documents/AGV_Kalman_Filter_Robot/robo_car'
[0.269s] Level 1:colcon.colcon_core.package_identification:_identify(.) by extensions ['ignore', 'ignore_ament_install']
[0.269s] Level 1:colcon.colcon_core.package_identification:_identify(.) by extension 'ignore'
[0.269s] Level 1:colcon.colcon_core.package_identification:_identify(.) by extension 'ignore_ament_install'
[0.269s] Level 1:colcon.colcon_core.package_identification:_identify(.) by extensions ['colcon_pkg']
[0.269s] Level 1:colcon.colcon_core.package_identification:_identify(.) by extension 'colcon_pkg'
[0.269s] Level 1:colcon.colcon_core.package_identification:_identify(.) by extensions ['colcon_meta']
[0.269s] Level 1:colcon.colcon_core.package_identification:_identify(.) by extension 'colcon_meta'
[0.269s] Level 1:colcon.colcon_core.package_identification:_identify(.) by extensions ['ros']
[0.269s] Level 1:colcon.colcon_core.package_identification:_identify(.) by extension 'ros'
[0.279s] Level 1:colcon.colcon_core.package_identification:_identify(.) by extensions ['cmake', 'python']
[0.279s] Level 1:colcon.colcon_core.package_identification:_identify(.) by extension 'cmake'
[0.279s] Level 1:colcon.colcon_core.package_identification:_identify(.) by extension 'python'
[0.279s] Level 1:colcon.colcon_core.package_identification:_identify(.) by extensions ['python_setup_py']
[0.279s] Level 1:colcon.colcon_core.package_identification:_identify(.) by extension 'python_setup_py'
[0.279s] Level 1:colcon.colcon_core.package_identification:_identify(build) by extensions ['ignore', 'ignore_ament_install']
[0.279s] Level 1:colcon.colcon_core.package_identification:_identify(build) by extension 'ignore'
[0.279s] Level 1:colcon.colcon_core.package_identification:_identify(build) ignored
[0.279s] Level 1:colcon.colcon_core.package_identification:_identify(install) by extensions ['ignore', 'ignore_ament_install']
[0.279s] Level 1:colcon.colcon_core.package_identification:_identify(install) by extension 'ignore'
[0.279s] Level 1:colcon.colcon_core.package_identification:_identify(install) ignored
[0.280s] Level 1:colcon.colcon_core.package_identification:_identify(log) by extensions ['ignore', 'ignore_ament_install']
[0.280s] Level 1:colcon.colcon_core.package_identification:_identify(log) by extension 'ignore'
[0.280s] Level 1:colcon.colcon_core.package_identification:_identify(log) ignored
[0.280s] Level 1:colcon.colcon_core.package_identification:_identify(src) by extensions ['ignore', 'ignore_ament_install']
[0.280s] Level 1:colcon.colcon_core.package_identification:_identify(src) by extension 'ignore'
[0.280s] Level 1:colcon.colcon_core.package_identification:_identify(src) by extension 'ignore_ament_install'
[0.280s] Level 1:colcon.colcon_core.package_identification:_identify(src) by extensions ['colcon_pkg']
[0.280s] Level 1:colcon.colcon_core.package_identification:_identify(src) by extension 'colcon_pkg'
[0.280s] Level 1:colcon.colcon_core.package_identification:_identify(src) by extensions ['colcon_meta']
[0.280s] Level 1:colcon.colcon_core.package_identification:_identify(src) by extension 'colcon_meta'
[0.280s] Level 1:colcon.colcon_core.package_identification:_identify(src) by extensions ['ros']
[0.280s] Level 1:colcon.colcon_core.package_identification:_identify(src) by extension 'ros'
[0.280s] Level 1:colcon.colcon_core.package_identification:_identify(src) by extensions ['cmake', 'python']
[0.280s] Level 1:colcon.colcon_core.package_identification:_identify(src) by extension 'cmake'
[0.280s] Level 1:colcon.colcon_core.package_identification:_identify(src) by extension 'python'
[0.280s] Level 1:colcon.colcon_core.package_identification:_identify(src) by extensions ['python_setup_py']
[0.280s] Level 1:colcon.colcon_core.package_identification:_identify(src) by extension 'python_setup_py'
[0.280s] Level 1:colcon.colcon_core.package_identification:_identify(src/robot_car_bringup) by extensions ['ignore', 'ignore_ament_install']
[0.280s] Level 1:colcon.colcon_core.package_identification:_identify(src/robot_car_bringup) by extension 'ignore'
[0.280s] Level 1:colcon.colcon_core.package_identification:_identify(src/robot_car_bringup) by extension 'ignore_ament_install'
[0.281s] Level 1:colcon.colcon_core.package_identification:_identify(src/robot_car_bringup) by extensions ['colcon_pkg']
[0.281s] Level 1:colcon.colcon_core.package_identification:_identify(src/robot_car_bringup) by extension 'colcon_pkg'
[0.281s] Level 1:colcon.colcon_core.package_identification:_identify(src/robot_car_bringup) by extensions ['colcon_meta']
[0.281s] Level 1:colcon.colcon_core.package_identification:_identify(src/robot_car_bringup) by extension 'colcon_meta'
[0.281s] Level 1:colcon.colcon_core.package_identification:_identify(src/robot_car_bringup) by extensions ['ros']
[0.281s] Level 1:colcon.colcon_core.package_identification:_identify(src/robot_car_bringup) by extension 'ros'
[0.283s] DEBUG:colcon.colcon_core.package_identification:Package 'src/robot_car_bringup' with type 'ros.ament_cmake' and name 'robot_car_bringup'
[0.283s] Level 1:colcon.colcon_core.package_identification:_identify(src/robot_car_controller) by extensions ['ignore', 'ignore_ament_install']
[0.283s] Level 1:colcon.colcon_core.package_identification:_identify(src/robot_car_controller) by extension 'ignore'
[0.283s] Level 1:colcon.colcon_core.package_identification:_identify(src/robot_car_controller) by extension 'ignore_ament_install'
[0.283s] Level 1:colcon.colcon_core.package_identification:_identify(src/robot_car_controller) by extensions ['colcon_pkg']
[0.283s] Level 1:colcon.colcon_core.package_identification:_identify(src/robot_car_controller) by extension 'colcon_pkg'
[0.283s] Level 1:colcon.colcon_core.package_identification:_identify(src/robot_car_controller) by extensions ['colcon_meta']
[0.283s] Level 1:colcon.colcon_core.package_identification:_identify(src/robot_car_controller) by extension 'colcon_meta'
[0.283s] Level 1:colcon.colcon_core.package_identification:_identify(src/robot_car_controller) by extensions ['ros']
[0.283s] Level 1:colcon.colcon_core.package_identification:_identify(src/robot_car_controller) by extension 'ros'
[0.284s] DEBUG:colcon.colcon_core.package_identification:Package 'src/robot_car_controller' with type 'ros.ament_cmake' and name 'robot_car_controller'
[0.284s] Level 1:colcon.colcon_core.package_identification:_identify(src/robot_car_description) by extensions ['ignore', 'ignore_ament_install']
[0.284s] Level 1:colcon.colcon_core.package_identification:_identify(src/robot_car_description) by extension 'ignore'
[0.285s] Level 1:colcon.colcon_core.package_identification:_identify(src/robot_car_description) by extension 'ignore_ament_install'
[0.285s] Level 1:colcon.colcon_core.package_identification:_identify(src/robot_car_description) by extensions ['colcon_pkg']
[0.285s] Level 1:colcon.colcon_core.package_identification:_identify(src/robot_car_description) by extension 'colcon_pkg'
[0.285s] Level 1:colcon.colcon_core.package_identification:_identify(src/robot_car_description) by extensions ['colcon_meta']
[0.285s] Level 1:colcon.colcon_core.package_identification:_identify(src/robot_car_description) by extension 'colcon_meta'
[0.285s] Level 1:colcon.colcon_core.package_identification:_identify(src/robot_car_description) by extensions ['ros']
[0.285s] Level 1:colcon.colcon_core.package_identification:_identify(src/robot_car_description) by extension 'ros'
[0.287s] DEBUG:colcon.colcon_core.package_identification:Package 'src/robot_car_description' with type 'ros.ament_cmake' and name 'robot_car_description'
[0.287s] Level 1:colcon.colcon_core.package_identification:_identify(src/robot_car_localization) by extensions ['ignore', 'ignore_ament_install']
[0.287s] Level 1:colcon.colcon_core.package_identification:_identify(src/robot_car_localization) by extension 'ignore'
[0.287s] Level 1:colcon.colcon_core.package_identification:_identify(src/robot_car_localization) by extension 'ignore_ament_install'
[0.287s] Level 1:colcon.colcon_core.package_identification:_identify(src/robot_car_localization) by extensions ['colcon_pkg']
[0.287s] Level 1:colcon.colcon_core.package_identification:_identify(src/robot_car_localization) by extension 'colcon_pkg'
[0.287s] Level 1:colcon.colcon_core.package_identification:_identify(src/robot_car_localization) by extensions ['colcon_meta']
[0.287s] Level 1:colcon.colcon_core.package_identification:_identify(src/robot_car_localization) by extension 'colcon_meta'
[0.287s] Level 1:colcon.colcon_core.package_identification:_identify(src/robot_car_localization) by extensions ['ros']
[0.287s] Level 1:colcon.colcon_core.package_identification:_identify(src/robot_car_localization) by extension 'ros'
[0.288s] DEBUG:colcon.colcon_core.package_identification:Package 'src/robot_car_localization' with type 'ros.ament_cmake' and name 'robot_car_localization'
[0.288s] Level 1:colcon.colcon_core.package_discovery:discover_packages(recursive) using defaults
[0.288s] Level 1:colcon.colcon_core.package_discovery:discover_packages(ignore) discover
[0.288s] Level 1:colcon.colcon_core.package_discovery:discover_packages(ignore) using defaults
[0.288s] Level 1:colcon.colcon_core.package_discovery:discover_packages(path) discover
[0.288s] Level 1:colcon.colcon_core.package_discovery:discover_packages(path) using defaults
[0.314s] Level 1:colcon.colcon_core.package_discovery:discover_packages(prefix_path) check parameters
[0.314s] Level 1:colcon.colcon_core.package_discovery:discover_packages(prefix_path) discover
[0.316s] DEBUG:colcon.colcon_installed_package_information.package_discovery:Found 2 installed packages in /home/shiva/Documents/bumperbot_wrkspc/install
[0.316s] DEBUG:colcon.colcon_installed_package_information.package_discovery:Found 7 installed packages in /home/shiva/Documents/robot_arm/install
[0.317s] DEBUG:colcon.colcon_installed_package_information.package_discovery:Found 3 installed packages in /home/shiva/Documents/wrk_spc/install
[0.317s] DEBUG:colcon.colcon_installed_package_information.package_discovery:Found 4 installed packages in /home/shiva/Documents/AGV_Kalman_Filter_Robot/robo_car/install
[0.318s] DEBUG:colcon.colcon_installed_package_information.package_discovery:Found 333 installed packages in /opt/ros/humble
[0.320s] Level 1:colcon.colcon_core.package_discovery:discover_packages(prefix_path) using defaults
[0.362s] Level 5:colcon.colcon_core.verb:set package 'robot_car_bringup' build argument 'cmake_args' from command line to 'None'
[0.362s] Level 5:colcon.colcon_core.verb:set package 'robot_car_bringup' build argument 'cmake_target' from command line to 'None'
[0.362s] Level 5:colcon.colcon_core.verb:set package 'robot_car_bringup' build argument 'cmake_target_skip_unavailable' from command line to 'False'
[0.362s] Level 5:colcon.colcon_core.verb:set package 'robot_car_bringup' build argument 'cmake_clean_cache' from command line to 'False'
[0.362s] Level 5:colcon.colcon_core.verb:set package 'robot_car_bringup' build argument 'cmake_clean_first' from command line to 'False'
[0.362s] Level 5:colcon.colcon_core.verb:set package 'robot_car_bringup' build argument 'cmake_force_configure' from command line to 'False'
[0.362s] Level 5:colcon.colcon_core.verb:set package 'robot_car_bringup' build argument 'ament_cmake_args' from command line to 'None'
[0.362s] Level 5:colcon.colcon_core.verb:set package 'robot_car_bringup' build argument 'catkin_cmake_args' from command line to 'None'
[0.362s] Level 5:colcon.colcon_core.verb:set package 'robot_car_bringup' build argument 'catkin_skip_building_tests' from command line to 'False'
[0.362s] DEBUG:colcon.colcon_core.verb:Building package 'robot_car_bringup' with the following arguments: {'ament_cmake_args': None, 'build_base': '/home/shiva/Documents/AGV_Kalman_Filter_Robot/robo_car/build/robot_car_bringup', 'catkin_cmake_args': None, 'catkin_skip_building_tests': False, 'cmake_args': None, 'cmake_clean_cache': False, 'cmake_clean_first': False, 'cmake_force_configure': False, 'cmake_target': None, 'cmake_target_skip_unavailable': False, 'install_base': '/home/shiva/Documents/AGV_Kalman_Filter_Robot/robo_car/install/robot_car_bringup', 'merge_install': False, 'path': '/home/shiva/Documents/AGV_Kalman_Filter_Robot/robo_car/src/robot_car_bringup', 'symlink_install': False, 'test_result_base': None}
[0.363s] Level 5:colcon.colcon_core.verb:set package 'robot_car_controller' build argument 'cmake_args' from command line to 'None'
[0.363s] Level 5:colcon.colcon_core.verb:set package 'robot_car_controller' build argument 'cmake_target' from command line to 'None'
[0.363s] Level 5:colcon.colcon_core.verb:set package 'robot_car_controller' build argument 'cmake_target_skip_unavailable' from command line to 'False'
[0.363s] Level 5:colcon.colcon_core.verb:set package 'robot_car_controller' build argument 'cmake_clean_cache' from command line to 'False'
[0.363s] Level 5:colcon.colcon_core.verb:set package 'robot_car_controller' build argument 'cmake_clean_first' from command line to 'False'
[0.363s] Level 5:colcon.colcon_core.verb:set package 'robot_car_controller' build argument 'cmake_force_configure' from command line to 'False'
[0.363s] Level 5:colcon.colcon_core.verb:set package 'robot_car_controller' build argument 'ament_cmake_args' from command line to 'None'
[0.363s] Level 5:colcon.colcon_core.verb:set package 'robot_car_controller' build argument 'catkin_cmake_args' from command line to 'None'
[0.363s] Level 5:colcon.colcon_core.verb:set package 'robot_car_controller' build argument 'catkin_skip_building_tests' from command line to 'False'
[0.363s] DEBUG:colcon.colcon_core.verb:Building package 'robot_car_controller' with the following arguments: {'ament_cmake_args': None, 'build_base': '/home/shiva/Documents/AGV_Kalman_Filter_Robot/robo_car/build/robot_car_controller', 'catkin_cmake_args': None, 'catkin_skip_building_tests': False, 'cmake_args': None, 'cmake_clean_cache': False, 'cmake_clean_first': False, 'cmake_force_configure': False, 'cmake_target': None, 'cmake_target_skip_unavailable': False, 'install_base': '/home/shiva/Documents/AGV_Kalman_Filter_Robot/robo_car/install/robot_car_controller', 'merge_install': False, 'path': '/home/shiva/Documents/AGV_Kalman_Filter_Robot/robo_car/src/robot_car_controller', 'symlink_install': False, 'test_result_base': None}
[0.363s] Level 5:colcon.colcon_core.verb:set package 'robot_car_description' build argument 'cmake_args' from command line to 'None'
[0.363s] Level 5:colcon.colcon_core.verb:set package 'robot_car_description' build argument 'cmake_target' from command line to 'None'
[0.363s] Level 5:colcon.colcon_core.verb:set package 'robot_car_description' build argument 'cmake_target_skip_unavailable' from command line to 'False'
[0.363s] Level 5:colcon.colcon_core.verb:set package 'robot_car_description' build argument 'cmake_clean_cache' from command line to 'False'
[0.363s] Level 5:colcon.colcon_core.verb:set package 'robot_car_description' build argument 'cmake_clean_first' from command line to 'False'
[0.364s] Level 5:colcon.colcon_core.verb:set package 'robot_car_description' build argument 'cmake_force_configure' from command line to 'False'
[0.364s] Level 5:colcon.colcon_core.verb:set package 'robot_car_description' build argument 'ament_cmake_args' from command line to 'None'
[0.364s] Level 5:colcon.colcon_core.verb:set package 'robot_car_description' build argument 'catkin_cmake_args' from command line to 'None'
[0.364s] Level 5:colcon.colcon_core.verb:set package 'robot_car_description' build argument 'catkin_skip_building_tests' from command line to 'False'
[0.364s] DEBUG:colcon.colcon_core.verb:Building package 'robot_car_description' with the following arguments: {'ament_cmake_args': None, 'build_base': '/home/shiva/Documents/AGV_Kalman_Filter_Robot/robo_car/build/robot_car_description', 'catkin_cmake_args': None, 'catkin_skip_building_tests': False, 'cmake_args': None, 'cmake_clean_cache': False, 'cmake_clean_first': False, 'cmake_force_configure': False, 'cmake_target': None, 'cmake_target_skip_unavailable': False, 'install_base': '/home/shiva/Documents/AGV_Kalman_Filter_Robot/robo_car/install/robot_car_description', 'merge_install': False, 'path': '/home/shiva/Documents/AGV_Kalman_Filter_Robot/robo_car/src/robot_car_description', 'symlink_install': False, 'test_result_base': None}
[0.364s] Level 5:colcon.colcon_core.verb:set package 'robot_car_localization' build argument 'cmake_args' from command line to 'None'
[0.364s] Level 5:colcon.colcon_core.verb:set package 'robot_car_localization' build argument 'cmake_target' from command line to 'None'
[0.364s] Level 5:colcon.colcon_core.verb:set package 'robot_car_localization' build argument 'cmake_target_skip_unavailable' from command line to 'False'
[0.364s] Level 5:colcon.colcon_core.verb:set package 'robot_car_localization' build argument 'cmake_clean_cache' from command line to 'False'
[0.364s] Level 5:colcon.colcon_core.verb:set package 'robot_car_localization' build argument 'cmake_clean_first' from command line to 'False'
[0.364s] Level 5:colcon.colcon_core.verb:set package 'robot_car_localization' build argument 'cmake_force_configure' from command line to 'False'
[0.364s] Level 5:colcon.colcon_core.verb:set package 'robot_car_localization' build argument 'ament_cmake_args' from command line to 'None'
[0.364s] Level 5:colcon.colcon_core.verb:set package 'robot_car_localization' build argument 'catkin_cmake_args' from command line to 'None'
[0.364s] Level 5:colcon.colcon_core.verb:set package 'robot_car_localization' build argument 'catkin_skip_building_tests' from command line to 'False'
[0.364s] DEBUG:colcon.colcon_core.verb:Building package 'robot_car_localization' with the following arguments: {'ament_cmake_args': None, 'build_base': '/home/shiva/Documents/AGV_Kalman_Filter_Robot/robo_car/build/robot_car_localization', 'catkin_cmake_args': None, 'catkin_skip_building_tests': False, 'cmake_args': None, 'cmake_clean_cache': False, 'cmake_clean_first': False, 'cmake_force_configure': False, 'cmake_target': None, 'cmake_target_skip_unavailable': False, 'install_base': '/home/shiva/Documents/AGV_Kalman_Filter_Robot/robo_car/install/robot_car_localization', 'merge_install': False, 'path': '/home/shiva/Documents/AGV_Kalman_Filter_Robot/robo_car/src/robot_car_localization', 'symlink_install': False, 'test_result_base': None}
[0.364s] INFO:colcon.colcon_core.executor:Executing jobs using 'parallel' executor
[0.365s] DEBUG:colcon.colcon_parallel_executor.executor.parallel:run_until_complete
[0.365s] INFO:colcon.colcon_ros.task.ament_cmake.build:Building ROS package in '/home/shiva/Documents/AGV_Kalman_Filter_Robot/robo_car/src/robot_car_bringup' with build type 'ament_cmake'
[0.366s] INFO:colcon.colcon_cmake.task.cmake.build:Building CMake package in '/home/shiva/Documents/AGV_Kalman_Filter_Robot/robo_car/src/robot_car_bringup'
[0.367s] INFO:colcon.colcon_core.plugin_system:Skipping extension 'colcon_core.shell.bat': Not used on non-Windows systems
[0.367s] INFO:colcon.colcon_core.shell:Skip shell extension 'powershell' for command environment: Not usable outside of PowerShell
[0.367s] DEBUG:colcon.colcon_core.shell:Skip shell extension 'dsv' for command environment
[0.372s] INFO:colcon.colcon_ros.task.ament_cmake.build:Building ROS package in '/home/shiva/Documents/AGV_Kalman_Filter_Robot/robo_car/src/robot_car_controller' with build type 'ament_cmake'
[0.372s] INFO:colcon.colcon_cmake.task.cmake.build:Building CMake package in '/home/shiva/Documents/AGV_Kalman_Filter_Robot/robo_car/src/robot_car_controller'
[0.372s] INFO:colcon.colcon_core.shell:Skip shell extension 'powershell' for command environment: Not usable outside of PowerShell
[0.372s] DEBUG:colcon.colcon_core.shell:Skip shell extension 'dsv' for command environment
[0.376s] INFO:colcon.colcon_ros.task.ament_cmake.build:Building ROS package in '/home/shiva/Documents/AGV_Kalman_Filter_Robot/robo_car/src/robot_car_description' with build type 'ament_cmake'
[0.376s] INFO:colcon.colcon_cmake.task.cmake.build:Building CMake package in '/home/shiva/Documents/AGV_Kalman_Filter_Robot/robo_car/src/robot_car_description'
[0.377s] INFO:colcon.colcon_core.shell:Skip shell extension 'powershell' for command environment: Not usable outside of PowerShell
[0.377s] DEBUG:colcon.colcon_core.shell:Skip shell extension 'dsv' for command environment
[0.381s] INFO:colcon.colcon_ros.task.ament_cmake.build:Building ROS package in '/home/shiva/Documents/AGV_Kalman_Filter_Robot/robo_car/src/robot_car_localization' with build type 'ament_cmake'
[0.381s] INFO:colcon.colcon_cmake.task.cmake.build:Building CMake package in '/home/shiva/Documents/AGV_Kalman_Filter_Robot/robo_car/src/robot_car_localization'
[0.381s] INFO:colcon.colcon_core.shell:Skip shell extension 'powershell' for command environment: Not usable outside of PowerShell
[0.381s] DEBUG:colcon.colcon_core.shell:Skip shell extension 'dsv' for command environment
[0.389s] DEBUG:colcon.colcon_core.event_handler.log_command:Invoking command in '/home/shiva/Documents/AGV_Kalman_Filter_Robot/robo_car/build/robot_car_bringup': CMAKE_PREFIX_PATH=${CMAKE_PREFIX_PATH}:/home/shiva/Documents/wrk_spc/install/my_pkg:/opt/ros/humble /usr/bin/cmake --build /home/shiva/Documents/AGV_Kalman_Filter_Robot/robo_car/build/robot_car_bringup -- -j8 -l8
[0.392s] DEBUG:colcon.colcon_core.event_handler.log_command:Invoking command in '/home/shiva/Documents/AGV_Kalman_Filter_Robot/robo_car/build/robot_car_controller': CMAKE_PREFIX_PATH=${CMAKE_PREFIX_PATH}:/home/shiva/Documents/wrk_spc/install/my_pkg:/opt/ros/humble /usr/bin/cmake --build /home/shiva/Documents/AGV_Kalman_Filter_Robot/robo_car/build/robot_car_controller -- -j8 -l8
[0.396s] DEBUG:colcon.colcon_core.event_handler.log_command:Invoking command in '/home/shiva/Documents/AGV_Kalman_Filter_Robot/robo_car/build/robot_car_description': CMAKE_PREFIX_PATH=${CMAKE_PREFIX_PATH}:/home/shiva/Documents/wrk_spc/install/my_pkg:/opt/ros/humble /usr/bin/cmake --build /home/shiva/Documents/AGV_Kalman_Filter_Robot/robo_car/build/robot_car_description -- -j8 -l8
[0.401s] DEBUG:colcon.colcon_core.event_handler.log_command:Invoking command in '/home/shiva/Documents/AGV_Kalman_Filter_Robot/robo_car/build/robot_car_localization': CMAKE_PREFIX_PATH=${CMAKE_PREFIX_PATH}:/home/shiva/Documents/wrk_spc/install/my_pkg:/opt/ros/humble /usr/bin/cmake --build /home/shiva/Documents/AGV_Kalman_Filter_Robot/robo_car/build/robot_car_localization -- -j8 -l8
[0.426s] DEBUG:colcon.colcon_core.event_handler.log_command:Invoked command in '/home/shiva/Documents/AGV_Kalman_Filter_Robot/robo_car/build/robot_car_bringup' returned '0': CMAKE_PREFIX_PATH=${CMAKE_PREFIX_PATH}:/home/shiva/Documents/wrk_spc/install/my_pkg:/opt/ros/humble /usr/bin/cmake --build /home/shiva/Documents/AGV_Kalman_Filter_Robot/robo_car/build/robot_car_bringup -- -j8 -l8
[0.428s] DEBUG:colcon.colcon_core.event_handler.log_command:Invoked command in '/home/shiva/Documents/AGV_Kalman_Filter_Robot/robo_car/build/robot_car_description' returned '0': CMAKE_PREFIX_PATH=${CMAKE_PREFIX_PATH}:/home/shiva/Documents/wrk_spc/install/my_pkg:/opt/ros/humble /usr/bin/cmake --build /home/shiva/Documents/AGV_Kalman_Filter_Robot/robo_car/build/robot_car_description -- -j8 -l8
[0.451s] DEBUG:colcon.colcon_core.event_handler.log_command:Invoking command in '/home/shiva/Documents/AGV_Kalman_Filter_Robot/robo_car/build/robot_car_bringup': CMAKE_PREFIX_PATH=${CMAKE_PREFIX_PATH}:/home/shiva/Documents/wrk_spc/install/my_pkg:/opt/ros/humble /usr/bin/cmake --install /home/shiva/Documents/AGV_Kalman_Filter_Robot/robo_car/build/robot_car_bringup
[0.454s] DEBUG:colcon.colcon_core.event_handler.log_command:Invoking command in '/home/shiva/Documents/AGV_Kalman_Filter_Robot/robo_car/build/robot_car_description': CMAKE_PREFIX_PATH=${CMAKE_PREFIX_PATH}:/home/shiva/Documents/wrk_spc/install/my_pkg:/opt/ros/humble /usr/bin/cmake --install /home/shiva/Documents/AGV_Kalman_Filter_Robot/robo_car/build/robot_car_description
[0.461s] Level 1:colcon.colcon_core.environment:create_environment_scripts_only(robot_car_bringup)
[0.463s] DEBUG:colcon.colcon_core.event_handler.log_command:Invoked command in '/home/shiva/Documents/AGV_Kalman_Filter_Robot/robo_car/build/robot_car_bringup' returned '0': CMAKE_PREFIX_PATH=${CMAKE_PREFIX_PATH}:/home/shiva/Documents/wrk_spc/install/my_pkg:/opt/ros/humble /usr/bin/cmake --install /home/shiva/Documents/AGV_Kalman_Filter_Robot/robo_car/build/robot_car_bringup
[0.466s] Level 1:colcon.colcon_core.environment:checking '/home/shiva/Documents/AGV_Kalman_Filter_Robot/robo_car/install/robot_car_bringup' for CMake module files
[0.467s] Level 1:colcon.colcon_core.environment:checking '/home/shiva/Documents/AGV_Kalman_Filter_Robot/robo_car/install/robot_car_bringup' for CMake config files
[0.467s] Level 1:colcon.colcon_core.shell:create_environment_hook('robot_car_bringup', 'cmake_prefix_path')
[0.467s] INFO:colcon.colcon_core.shell:Creating environment hook '/home/shiva/Documents/AGV_Kalman_Filter_Robot/robo_car/install/robot_car_bringup/share/robot_car_bringup/hook/cmake_prefix_path.ps1'
[0.468s] INFO:colcon.colcon_core.shell:Creating environment descriptor '/home/shiva/Documents/AGV_Kalman_Filter_Robot/robo_car/install/robot_car_bringup/share/robot_car_bringup/hook/cmake_prefix_path.dsv'
[0.468s] INFO:colcon.colcon_core.shell:Creating environment hook '/home/shiva/Documents/AGV_Kalman_Filter_Robot/robo_car/install/robot_car_bringup/share/robot_car_bringup/hook/cmake_prefix_path.sh'
[0.469s] Level 1:colcon.colcon_core.environment:checking '/home/shiva/Documents/AGV_Kalman_Filter_Robot/robo_car/install/robot_car_bringup/bin'
[0.469s] Level 1:colcon.colcon_core.environment:checking '/home/shiva/Documents/AGV_Kalman_Filter_Robot/robo_car/install/robot_car_bringup/lib/pkgconfig/robot_car_bringup.pc'
[0.470s] Level 1:colcon.colcon_core.environment:checking '/home/shiva/Documents/AGV_Kalman_Filter_Robot/robo_car/install/robot_car_bringup/lib/python3.10/site-packages'
[0.470s] Level 1:colcon.colcon_core.environment:checking '/home/shiva/Documents/AGV_Kalman_Filter_Robot/robo_car/install/robot_car_bringup/bin'
[0.470s] INFO:colcon.colcon_core.shell:Creating package script '/home/shiva/Documents/AGV_Kalman_Filter_Robot/robo_car/install/robot_car_bringup/share/robot_car_bringup/package.ps1'
[0.471s] INFO:colcon.colcon_core.shell:Creating package descriptor '/home/shiva/Documents/AGV_Kalman_Filter_Robot/robo_car/install/robot_car_bringup/share/robot_car_bringup/package.dsv'
[0.472s] INFO:colcon.colcon_core.shell:Creating package script '/home/shiva/Documents/AGV_Kalman_Filter_Robot/robo_car/install/robot_car_bringup/share/robot_car_bringup/package.sh'
[0.472s] INFO:colcon.colcon_core.shell:Creating package script '/home/shiva/Documents/AGV_Kalman_Filter_Robot/robo_car/install/robot_car_bringup/share/robot_car_bringup/package.bash'
[0.473s] INFO:colcon.colcon_core.shell:Creating package script '/home/shiva/Documents/AGV_Kalman_Filter_Robot/robo_car/install/robot_car_bringup/share/robot_car_bringup/package.zsh'
[0.474s] Level 1:colcon.colcon_core.environment:create_file_with_runtime_dependencies(/home/shiva/Documents/AGV_Kalman_Filter_Robot/robo_car/install/robot_car_bringup/share/colcon-core/packages/robot_car_bringup)
[0.475s] Level 1:colcon.colcon_core.environment:create_environment_scripts_only(robot_car_description)
[0.475s] Level 1:colcon.colcon_core.environment:checking '/home/shiva/Documents/AGV_Kalman_Filter_Robot/robo_car/install/robot_car_description' for CMake module files
[0.476s] DEBUG:colcon.colcon_core.event_handler.log_command:Invoked command in '/home/shiva/Documents/AGV_Kalman_Filter_Robot/robo_car/build/robot_car_description' returned '0': CMAKE_PREFIX_PATH=${CMAKE_PREFIX_PATH}:/home/shiva/Documents/wrk_spc/install/my_pkg:/opt/ros/humble /usr/bin/cmake --install /home/shiva/Documents/AGV_Kalman_Filter_Robot/robo_car/build/robot_car_description
[0.476s] Level 1:colcon.colcon_core.environment:checking '/home/shiva/Documents/AGV_Kalman_Filter_Robot/robo_car/install/robot_car_description' for CMake config files
[0.476s] Level 1:colcon.colcon_core.shell:create_environment_hook('robot_car_description', 'cmake_prefix_path')
[0.477s] INFO:colcon.colcon_core.shell:Creating environment hook '/home/shiva/Documents/AGV_Kalman_Filter_Robot/robo_car/install/robot_car_description/share/robot_car_description/hook/cmake_prefix_path.ps1'
[0.477s] INFO:colcon.colcon_core.shell:Creating environment descriptor '/home/shiva/Documents/AGV_Kalman_Filter_Robot/robo_car/install/robot_car_description/share/robot_car_description/hook/cmake_prefix_path.dsv'
[0.477s] INFO:colcon.colcon_core.shell:Creating environment hook '/home/shiva/Documents/AGV_Kalman_Filter_Robot/robo_car/install/robot_car_description/share/robot_car_description/hook/cmake_prefix_path.sh'
[0.478s] Level 1:colcon.colcon_core.environment:checking '/home/shiva/Documents/AGV_Kalman_Filter_Robot/robo_car/install/robot_car_description/bin'
[0.478s] Level 1:colcon.colcon_core.environment:checking '/home/shiva/Documents/AGV_Kalman_Filter_Robot/robo_car/install/robot_car_description/lib/pkgconfig/robot_car_description.pc'
[0.478s] Level 1:colcon.colcon_core.environment:checking '/home/shiva/Documents/AGV_Kalman_Filter_Robot/robo_car/install/robot_car_description/lib/python3.10/site-packages'
[0.478s] Level 1:colcon.colcon_core.environment:checking '/home/shiva/Documents/AGV_Kalman_Filter_Robot/robo_car/install/robot_car_description/bin'
[0.479s] INFO:colcon.colcon_core.shell:Creating package script '/home/shiva/Documents/AGV_Kalman_Filter_Robot/robo_car/install/robot_car_description/share/robot_car_description/package.ps1'
[0.479s] INFO:colcon.colcon_core.shell:Creating package descriptor '/home/shiva/Documents/AGV_Kalman_Filter_Robot/robo_car/install/robot_car_description/share/robot_car_description/package.dsv'
[0.480s] INFO:colcon.colcon_core.shell:Creating package script '/home/shiva/Documents/AGV_Kalman_Filter_Robot/robo_car/install/robot_car_description/share/robot_car_description/package.sh'
[0.480s] INFO:colcon.colcon_core.shell:Creating package script '/home/shiva/Documents/AGV_Kalman_Filter_Robot/robo_car/install/robot_car_description/share/robot_car_description/package.bash'
[0.480s] INFO:colcon.colcon_core.shell:Creating package script '/home/shiva/Documents/AGV_Kalman_Filter_Robot/robo_car/install/robot_car_description/share/robot_car_description/package.zsh'
[0.481s] Level 1:colcon.colcon_core.environment:create_file_with_runtime_dependencies(/home/shiva/Documents/AGV_Kalman_Filter_Robot/robo_car/install/robot_car_description/share/colcon-core/packages/robot_car_description)
[0.495s] Level 1:colcon.colcon_core.environment:create_environment_scripts_only(robot_car_bringup)
[0.496s] Level 1:colcon.colcon_core.environment:checking '/home/shiva/Documents/AGV_Kalman_Filter_Robot/robo_car/install/robot_car_bringup' for CMake module files
[0.496s] Level 1:colcon.colcon_core.environment:checking '/home/shiva/Documents/AGV_Kalman_Filter_Robot/robo_car/install/robot_car_bringup' for CMake config files
[0.496s] Level 1:colcon.colcon_core.shell:create_environment_hook('robot_car_bringup', 'cmake_prefix_path')
[0.497s] INFO:colcon.colcon_core.shell:Creating environment hook '/home/shiva/Documents/AGV_Kalman_Filter_Robot/robo_car/install/robot_car_bringup/share/robot_car_bringup/hook/cmake_prefix_path.ps1'
[0.497s] INFO:colcon.colcon_core.shell:Creating environment descriptor '/home/shiva/Documents/AGV_Kalman_Filter_Robot/robo_car/install/robot_car_bringup/share/robot_car_bringup/hook/cmake_prefix_path.dsv'
[0.498s] INFO:colcon.colcon_core.shell:Creating environment hook '/home/shiva/Documents/AGV_Kalman_Filter_Robot/robo_car/install/robot_car_bringup/share/robot_car_bringup/hook/cmake_prefix_path.sh'
[0.498s] Level 1:colcon.colcon_core.environment:checking '/home/shiva/Documents/AGV_Kalman_Filter_Robot/robo_car/install/robot_car_bringup/bin'
[0.499s] Level 1:colcon.colcon_core.environment:checking '/home/shiva/Documents/AGV_Kalman_Filter_Robot/robo_car/install/robot_car_bringup/lib/pkgconfig/robot_car_bringup.pc'
[0.499s] Level 1:colcon.colcon_core.environment:checking '/home/shiva/Documents/AGV_Kalman_Filter_Robot/robo_car/install/robot_car_bringup/lib/python3.10/site-packages'
[0.499s] Level 1:colcon.colcon_core.environment:checking '/home/shiva/Documents/AGV_Kalman_Filter_Robot/robo_car/install/robot_car_bringup/bin'
[0.500s] INFO:colcon.colcon_core.shell:Creating package script '/home/shiva/Documents/AGV_Kalman_Filter_Robot/robo_car/install/robot_car_bringup/share/robot_car_bringup/package.ps1'
[0.500s] INFO:colcon.colcon_core.shell:Creating package descriptor '/home/shiva/Documents/AGV_Kalman_Filter_Robot/robo_car/install/robot_car_bringup/share/robot_car_bringup/package.dsv'
[0.501s] INFO:colcon.colcon_core.shell:Creating package script '/home/shiva/Documents/AGV_Kalman_Filter_Robot/robo_car/install/robot_car_bringup/share/robot_car_bringup/package.sh'
[0.501s] INFO:colcon.colcon_core.shell:Creating package script '/home/shiva/Documents/AGV_Kalman_Filter_Robot/robo_car/install/robot_car_bringup/share/robot_car_bringup/package.bash'
[0.502s] INFO:colcon.colcon_core.shell:Creating package script '/home/shiva/Documents/AGV_Kalman_Filter_Robot/robo_car/install/robot_car_bringup/share/robot_car_bringup/package.zsh'
[0.502s] Level 1:colcon.colcon_core.environment:create_file_with_runtime_dependencies(/home/shiva/Documents/AGV_Kalman_Filter_Robot/robo_car/install/robot_car_bringup/share/colcon-core/packages/robot_car_bringup)
[0.503s] Level 1:colcon.colcon_core.environment:create_environment_scripts_only(robot_car_description)
[0.503s] Level 1:colcon.colcon_core.environment:checking '/home/shiva/Documents/AGV_Kalman_Filter_Robot/robo_car/install/robot_car_description' for CMake module files
[0.504s] Level 1:colcon.colcon_core.environment:checking '/home/shiva/Documents/AGV_Kalman_Filter_Robot/robo_car/install/robot_car_description' for CMake config files
[0.505s] Level 1:colcon.colcon_core.shell:create_environment_hook('robot_car_description', 'cmake_prefix_path')
[0.505s] INFO:colcon.colcon_core.shell:Creating environment hook '/home/shiva/Documents/AGV_Kalman_Filter_Robot/robo_car/install/robot_car_description/share/robot_car_description/hook/cmake_prefix_path.ps1'
[0.505s] INFO:colcon.colcon_core.shell:Creating environment descriptor '/home/shiva/Documents/AGV_Kalman_Filter_Robot/robo_car/install/robot_car_description/share/robot_car_description/hook/cmake_prefix_path.dsv'
[0.506s] INFO:colcon.colcon_core.shell:Creating environment hook '/home/shiva/Documents/AGV_Kalman_Filter_Robot/robo_car/install/robot_car_description/share/robot_car_description/hook/cmake_prefix_path.sh'
[0.506s] Level 1:colcon.colcon_core.environment:checking '/home/shiva/Documents/AGV_Kalman_Filter_Robot/robo_car/install/robot_car_description/bin'
[0.506s] Level 1:colcon.colcon_core.environment:checking '/home/shiva/Documents/AGV_Kalman_Filter_Robot/robo_car/install/robot_car_description/lib/pkgconfig/robot_car_description.pc'
[0.506s] Level 1:colcon.colcon_core.environment:checking '/home/shiva/Documents/AGV_Kalman_Filter_Robot/robo_car/install/robot_car_description/lib/python3.10/site-packages'
[0.507s] Level 1:colcon.colcon_core.environment:checking '/home/shiva/Documents/AGV_Kalman_Filter_Robot/robo_car/install/robot_car_description/bin'
[0.507s] INFO:colcon.colcon_core.shell:Creating package script '/home/shiva/Documents/AGV_Kalman_Filter_Robot/robo_car/install/robot_car_description/share/robot_car_description/package.ps1'
[0.508s] INFO:colcon.colcon_core.shell:Creating package descriptor '/home/shiva/Documents/AGV_Kalman_Filter_Robot/robo_car/install/robot_car_description/share/robot_car_description/package.dsv'
[0.509s] INFO:colcon.colcon_core.shell:Creating package script '/home/shiva/Documents/AGV_Kalman_Filter_Robot/robo_car/install/robot_car_description/share/robot_car_description/package.sh'
[0.509s] INFO:colcon.colcon_core.shell:Creating package script '/home/shiva/Documents/AGV_Kalman_Filter_Robot/robo_car/install/robot_car_description/share/robot_car_description/package.bash'
[0.509s] INFO:colcon.colcon_core.shell:Creating package script '/home/shiva/Documents/AGV_Kalman_Filter_Robot/robo_car/install/robot_car_description/share/robot_car_description/package.zsh'
[0.510s] Level 1:colcon.colcon_core.environment:create_file_with_runtime_dependencies(/home/shiva/Documents/AGV_Kalman_Filter_Robot/robo_car/install/robot_car_description/share/colcon-core/packages/robot_car_description)
[0.821s] DEBUG:colcon.colcon_core.event_handler.log_command:Invoked command in '/home/shiva/Documents/AGV_Kalman_Filter_Robot/robo_car/build/robot_car_controller' returned '0': CMAKE_PREFIX_PATH=${CMAKE_PREFIX_PATH}:/home/shiva/Documents/wrk_spc/install/my_pkg:/opt/ros/humble /usr/bin/cmake --build /home/shiva/Documents/AGV_Kalman_Filter_Robot/robo_car/build/robot_car_controller -- -j8 -l8
[0.829s] DEBUG:colcon.colcon_core.event_handler.log_command:Invoked command in '/home/shiva/Documents/AGV_Kalman_Filter_Robot/robo_car/build/robot_car_localization' returned '0': CMAKE_PREFIX_PATH=${CMAKE_PREFIX_PATH}:/home/shiva/Documents/wrk_spc/install/my_pkg:/opt/ros/humble /usr/bin/cmake --build /home/shiva/Documents/AGV_Kalman_Filter_Robot/robo_car/build/robot_car_localization -- -j8 -l8
[0.838s] DEBUG:colcon.colcon_core.event_handler.log_command:Invoking command in '/home/shiva/Documents/AGV_Kalman_Filter_Robot/robo_car/build/robot_car_controller': CMAKE_PREFIX_PATH=${CMAKE_PREFIX_PATH}:/home/shiva/Documents/wrk_spc/install/my_pkg:/opt/ros/humble /usr/bin/cmake --install /home/shiva/Documents/AGV_Kalman_Filter_Robot/robo_car/build/robot_car_controller
[0.846s] DEBUG:colcon.colcon_core.event_handler.log_command:Invoking command in '/home/shiva/Documents/AGV_Kalman_Filter_Robot/robo_car/build/robot_car_localization': CMAKE_PREFIX_PATH=${CMAKE_PREFIX_PATH}:/home/shiva/Documents/wrk_spc/install/my_pkg:/opt/ros/humble /usr/bin/cmake --install /home/shiva/Documents/AGV_Kalman_Filter_Robot/robo_car/build/robot_car_localization
[0.929s] Level 1:colcon.colcon_core.environment:create_environment_scripts_only(robot_car_controller)
[0.929s] DEBUG:colcon.colcon_core.event_handler.log_command:Invoked command in '/home/shiva/Documents/AGV_Kalman_Filter_Robot/robo_car/build/robot_car_controller' returned '0': CMAKE_PREFIX_PATH=${CMAKE_PREFIX_PATH}:/home/shiva/Documents/wrk_spc/install/my_pkg:/opt/ros/humble /usr/bin/cmake --install /home/shiva/Documents/AGV_Kalman_Filter_Robot/robo_car/build/robot_car_controller
[0.930s] Level 1:colcon.colcon_core.environment:checking '/home/shiva/Documents/AGV_Kalman_Filter_Robot/robo_car/install/robot_car_controller' for CMake module files
[0.930s] Level 1:colcon.colcon_core.environment:checking '/home/shiva/Documents/AGV_Kalman_Filter_Robot/robo_car/install/robot_car_controller' for CMake config files
[0.931s] Level 1:colcon.colcon_core.shell:create_environment_hook('robot_car_controller', 'cmake_prefix_path')
[0.931s] INFO:colcon.colcon_core.shell:Creating environment hook '/home/shiva/Documents/AGV_Kalman_Filter_Robot/robo_car/install/robot_car_controller/share/robot_car_controller/hook/cmake_prefix_path.ps1'
[0.931s] INFO:colcon.colcon_core.shell:Creating environment descriptor '/home/shiva/Documents/AGV_Kalman_Filter_Robot/robo_car/install/robot_car_controller/share/robot_car_controller/hook/cmake_prefix_path.dsv'
[0.931s] INFO:colcon.colcon_core.shell:Creating environment hook '/home/shiva/Documents/AGV_Kalman_Filter_Robot/robo_car/install/robot_car_controller/share/robot_car_controller/hook/cmake_prefix_path.sh'
[0.932s] Level 1:colcon.colcon_core.environment:checking '/home/shiva/Documents/AGV_Kalman_Filter_Robot/robo_car/install/robot_car_controller/lib'
[0.932s] Level 1:colcon.colcon_core.environment:checking '/home/shiva/Documents/AGV_Kalman_Filter_Robot/robo_car/install/robot_car_controller/bin'
[0.932s] Level 1:colcon.colcon_core.environment:checking '/home/shiva/Documents/AGV_Kalman_Filter_Robot/robo_car/install/robot_car_controller/lib/pkgconfig/robot_car_controller.pc'
[0.932s] Level 1:colcon.colcon_core.environment:checking '/home/shiva/Documents/AGV_Kalman_Filter_Robot/robo_car/install/robot_car_controller/lib/python3.10/site-packages'
[0.932s] Level 1:colcon.colcon_core.shell:create_environment_hook('robot_car_controller', 'pythonpath')
[0.933s] INFO:colcon.colcon_core.shell:Creating environment hook '/home/shiva/Documents/AGV_Kalman_Filter_Robot/robo_car/install/robot_car_controller/share/robot_car_controller/hook/pythonpath.ps1'
[0.933s] INFO:colcon.colcon_core.shell:Creating environment descriptor '/home/shiva/Documents/AGV_Kalman_Filter_Robot/robo_car/install/robot_car_controller/share/robot_car_controller/hook/pythonpath.dsv'
[0.933s] INFO:colcon.colcon_core.shell:Creating environment hook '/home/shiva/Documents/AGV_Kalman_Filter_Robot/robo_car/install/robot_car_controller/share/robot_car_controller/hook/pythonpath.sh'
[0.935s] Level 1:colcon.colcon_core.environment:checking '/home/shiva/Documents/AGV_Kalman_Filter_Robot/robo_car/install/robot_car_controller/bin'
[0.936s] INFO:colcon.colcon_core.shell:Creating package script '/home/shiva/Documents/AGV_Kalman_Filter_Robot/robo_car/install/robot_car_controller/share/robot_car_controller/package.ps1'
[0.936s] INFO:colcon.colcon_core.shell:Creating package descriptor '/home/shiva/Documents/AGV_Kalman_Filter_Robot/robo_car/install/robot_car_controller/share/robot_car_controller/package.dsv'
[0.937s] INFO:colcon.colcon_core.shell:Creating package script '/home/shiva/Documents/AGV_Kalman_Filter_Robot/robo_car/install/robot_car_controller/share/robot_car_controller/package.sh'
[0.937s] INFO:colcon.colcon_core.shell:Creating package script '/home/shiva/Documents/AGV_Kalman_Filter_Robot/robo_car/install/robot_car_controller/share/robot_car_controller/package.bash'
[0.937s] INFO:colcon.colcon_core.shell:Creating package script '/home/shiva/Documents/AGV_Kalman_Filter_Robot/robo_car/install/robot_car_controller/share/robot_car_controller/package.zsh'
[0.938s] Level 1:colcon.colcon_core.environment:create_file_with_runtime_dependencies(/home/shiva/Documents/AGV_Kalman_Filter_Robot/robo_car/install/robot_car_controller/share/colcon-core/packages/robot_car_controller)
[0.939s] Level 1:colcon.colcon_core.environment:create_environment_scripts_only(robot_car_localization)
[0.939s] Level 1:colcon.colcon_core.environment:checking '/home/shiva/Documents/AGV_Kalman_Filter_Robot/robo_car/install/robot_car_localization' for CMake module files
[0.940s] DEBUG:colcon.colcon_core.event_handler.log_command:Invoked command in '/home/shiva/Documents/AGV_Kalman_Filter_Robot/robo_car/build/robot_car_localization' returned '0': CMAKE_PREFIX_PATH=${CMAKE_PREFIX_PATH}:/home/shiva/Documents/wrk_spc/install/my_pkg:/opt/ros/humble /usr/bin/cmake --install /home/shiva/Documents/AGV_Kalman_Filter_Robot/robo_car/build/robot_car_localization
[0.940s] Level 1:colcon.colcon_core.environment:checking '/home/shiva/Documents/AGV_Kalman_Filter_Robot/robo_car/install/robot_car_localization' for CMake config files
[0.940s] Level 1:colcon.colcon_core.shell:create_environment_hook('robot_car_localization', 'cmake_prefix_path')
[0.940s] INFO:colcon.colcon_core.shell:Creating environment hook '/home/shiva/Documents/AGV_Kalman_Filter_Robot/robo_car/install/robot_car_localization/share/robot_car_localization/hook/cmake_prefix_path.ps1'
[0.941s] INFO:colcon.colcon_core.shell:Creating environment descriptor '/home/shiva/Documents/AGV_Kalman_Filter_Robot/robo_car/install/robot_car_localization/share/robot_car_localization/hook/cmake_prefix_path.dsv'
[0.941s] INFO:colcon.colcon_core.shell:Creating environment hook '/home/shiva/Documents/AGV_Kalman_Filter_Robot/robo_car/install/robot_car_localization/share/robot_car_localization/hook/cmake_prefix_path.sh'
[0.941s] Level 1:colcon.colcon_core.environment:checking '/home/shiva/Documents/AGV_Kalman_Filter_Robot/robo_car/install/robot_car_localization/lib'
[0.941s] Level 1:colcon.colcon_core.environment:checking '/home/shiva/Documents/AGV_Kalman_Filter_Robot/robo_car/install/robot_car_localization/bin'
[0.941s] Level 1:colcon.colcon_core.environment:checking '/home/shiva/Documents/AGV_Kalman_Filter_Robot/robo_car/install/robot_car_localization/lib/pkgconfig/robot_car_localization.pc'
[0.942s] Level 1:colcon.colcon_core.environment:checking '/home/shiva/Documents/AGV_Kalman_Filter_Robot/robo_car/install/robot_car_localization/lib/python3.10/site-packages'
[0.942s] Level 1:colcon.colcon_core.shell:create_environment_hook('robot_car_localization', 'pythonpath')
[0.942s] INFO:colcon.colcon_core.shell:Creating environment hook '/home/shiva/Documents/AGV_Kalman_Filter_Robot/robo_car/install/robot_car_localization/share/robot_car_localization/hook/pythonpath.ps1'
[0.942s] INFO:colcon.colcon_core.shell:Creating environment descriptor '/home/shiva/Documents/AGV_Kalman_Filter_Robot/robo_car/install/robot_car_localization/share/robot_car_localization/hook/pythonpath.dsv'
[0.942s] INFO:colcon.colcon_core.shell:Creating environment hook '/home/shiva/Documents/AGV_Kalman_Filter_Robot/robo_car/install/robot_car_localization/share/robot_car_localization/hook/pythonpath.sh'
[0.943s] Level 1:colcon.colcon_core.environment:checking '/home/shiva/Documents/AGV_Kalman_Filter_Robot/robo_car/install/robot_car_localization/bin'
[0.943s] INFO:colcon.colcon_core.shell:Creating package script '/home/shiva/Documents/AGV_Kalman_Filter_Robot/robo_car/install/robot_car_localization/share/robot_car_localization/package.ps1'
[0.944s] INFO:colcon.colcon_core.shell:Creating package descriptor '/home/shiva/Documents/AGV_Kalman_Filter_Robot/robo_car/install/robot_car_localization/share/robot_car_localization/package.dsv'
[0.944s] INFO:colcon.colcon_core.shell:Creating package script '/home/shiva/Documents/AGV_Kalman_Filter_Robot/robo_car/install/robot_car_localization/share/robot_car_localization/package.sh'
[0.945s] INFO:colcon.colcon_core.shell:Creating package script '/home/shiva/Documents/AGV_Kalman_Filter_Robot/robo_car/install/robot_car_localization/share/robot_car_localization/package.bash'
[0.945s] INFO:colcon.colcon_core.shell:Creating package script '/home/shiva/Documents/AGV_Kalman_Filter_Robot/robo_car/install/robot_car_localization/share/robot_car_localization/package.zsh'
[0.945s] Level 1:colcon.colcon_core.environment:create_file_with_runtime_dependencies(/home/shiva/Documents/AGV_Kalman_Filter_Robot/robo_car/install/robot_car_localization/share/colcon-core/packages/robot_car_localization)
[0.956s] Level 1:colcon.colcon_core.environment:create_environment_scripts_only(robot_car_controller)
[0.956s] Level 1:colcon.colcon_core.environment:checking '/home/shiva/Documents/AGV_Kalman_Filter_Robot/robo_car/install/robot_car_controller' for CMake module files
[0.957s] Level 1:colcon.colcon_core.environment:checking '/home/shiva/Documents/AGV_Kalman_Filter_Robot/robo_car/install/robot_car_controller' for CMake config files
[0.957s] Level 1:colcon.colcon_core.shell:create_environment_hook('robot_car_controller', 'cmake_prefix_path')
[0.957s] INFO:colcon.colcon_core.shell:Creating environment hook '/home/shiva/Documents/AGV_Kalman_Filter_Robot/robo_car/install/robot_car_controller/share/robot_car_controller/hook/cmake_prefix_path.ps1'
[0.957s] INFO:colcon.colcon_core.shell:Creating environment descriptor '/home/shiva/Documents/AGV_Kalman_Filter_Robot/robo_car/install/robot_car_controller/share/robot_car_controller/hook/cmake_prefix_path.dsv'
[0.958s] INFO:colcon.colcon_core.shell:Creating environment hook '/home/shiva/Documents/AGV_Kalman_Filter_Robot/robo_car/install/robot_car_controller/share/robot_car_controller/hook/cmake_prefix_path.sh'
[0.958s] Level 1:colcon.colcon_core.environment:checking '/home/shiva/Documents/AGV_Kalman_Filter_Robot/robo_car/install/robot_car_controller/lib'
[0.958s] Level 1:colcon.colcon_core.environment:checking '/home/shiva/Documents/AGV_Kalman_Filter_Robot/robo_car/install/robot_car_controller/bin'
[0.958s] Level 1:colcon.colcon_core.environment:checking '/home/shiva/Documents/AGV_Kalman_Filter_Robot/robo_car/install/robot_car_controller/lib/pkgconfig/robot_car_controller.pc'
[0.958s] Level 1:colcon.colcon_core.environment:checking '/home/shiva/Documents/AGV_Kalman_Filter_Robot/robo_car/install/robot_car_controller/lib/python3.10/site-packages'
[0.959s] Level 1:colcon.colcon_core.shell:create_environment_hook('robot_car_controller', 'pythonpath')
[0.959s] INFO:colcon.colcon_core.shell:Creating environment hook '/home/shiva/Documents/AGV_Kalman_Filter_Robot/robo_car/install/robot_car_controller/share/robot_car_controller/hook/pythonpath.ps1'
[0.959s] INFO:colcon.colcon_core.shell:Creating environment descriptor '/home/shiva/Documents/AGV_Kalman_Filter_Robot/robo_car/install/robot_car_controller/share/robot_car_controller/hook/pythonpath.dsv'
[0.959s] INFO:colcon.colcon_core.shell:Creating environment hook '/home/shiva/Documents/AGV_Kalman_Filter_Robot/robo_car/install/robot_car_controller/share/robot_car_controller/hook/pythonpath.sh'
[0.960s] Level 1:colcon.colcon_core.environment:checking '/home/shiva/Documents/AGV_Kalman_Filter_Robot/robo_car/install/robot_car_controller/bin'
[0.960s] INFO:colcon.colcon_core.shell:Creating package script '/home/shiva/Documents/AGV_Kalman_Filter_Robot/robo_car/install/robot_car_controller/share/robot_car_controller/package.ps1'
[0.960s] INFO:colcon.colcon_core.shell:Creating package descriptor '/home/shiva/Documents/AGV_Kalman_Filter_Robot/robo_car/install/robot_car_controller/share/robot_car_controller/package.dsv'
[0.961s] INFO:colcon.colcon_core.shell:Creating package script '/home/shiva/Documents/AGV_Kalman_Filter_Robot/robo_car/install/robot_car_controller/share/robot_car_controller/package.sh'
[0.961s] INFO:colcon.colcon_core.shell:Creating package script '/home/shiva/Documents/AGV_Kalman_Filter_Robot/robo_car/install/robot_car_controller/share/robot_car_controller/package.bash'
[0.962s] INFO:colcon.colcon_core.shell:Creating package script '/home/shiva/Documents/AGV_Kalman_Filter_Robot/robo_car/install/robot_car_controller/share/robot_car_controller/package.zsh'
[0.962s] Level 1:colcon.colcon_core.environment:create_file_with_runtime_dependencies(/home/shiva/Documents/AGV_Kalman_Filter_Robot/robo_car/install/robot_car_controller/share/colcon-core/packages/robot_car_controller)
[0.964s] Level 1:colcon.colcon_core.environment:create_environment_scripts_only(robot_car_localization)
[0.964s] Level 1:colcon.colcon_core.environment:checking '/home/shiva/Documents/AGV_Kalman_Filter_Robot/robo_car/install/robot_car_localization' for CMake module files
[0.964s] Level 1:colcon.colcon_core.environment:checking '/home/shiva/Documents/AGV_Kalman_Filter_Robot/robo_car/install/robot_car_localization' for CMake config files
[0.964s] Level 1:colcon.colcon_core.shell:create_environment_hook('robot_car_localization', 'cmake_prefix_path')
[0.965s] INFO:colcon.colcon_core.shell:Creating environment hook '/home/shiva/Documents/AGV_Kalman_Filter_Robot/robo_car/install/robot_car_localization/share/robot_car_localization/hook/cmake_prefix_path.ps1'
[0.965s] INFO:colcon.colcon_core.shell:Creating environment descriptor '/home/shiva/Documents/AGV_Kalman_Filter_Robot/robo_car/install/robot_car_localization/share/robot_car_localization/hook/cmake_prefix_path.dsv'
[0.965s] INFO:colcon.colcon_core.shell:Creating environment hook '/home/shiva/Documents/AGV_Kalman_Filter_Robot/robo_car/install/robot_car_localization/share/robot_car_localization/hook/cmake_prefix_path.sh'
[0.966s] Level 1:colcon.colcon_core.environment:checking '/home/shiva/Documents/AGV_Kalman_Filter_Robot/robo_car/install/robot_car_localization/lib'
[0.966s] Level 1:colcon.colcon_core.environment:checking '/home/shiva/Documents/AGV_Kalman_Filter_Robot/robo_car/install/robot_car_localization/bin'
[0.966s] Level 1:colcon.colcon_core.environment:checking '/home/shiva/Documents/AGV_Kalman_Filter_Robot/robo_car/install/robot_car_localization/lib/pkgconfig/robot_car_localization.pc'
[0.966s] Level 1:colcon.colcon_core.environment:checking '/home/shiva/Documents/AGV_Kalman_Filter_Robot/robo_car/install/robot_car_localization/lib/python3.10/site-packages'
[0.966s] Level 1:colcon.colcon_core.shell:create_environment_hook('robot_car_localization', 'pythonpath')
[0.966s] INFO:colcon.colcon_core.shell:Creating environment hook '/home/shiva/Documents/AGV_Kalman_Filter_Robot/robo_car/install/robot_car_localization/share/robot_car_localization/hook/pythonpath.ps1'
[0.967s] INFO:colcon.colcon_core.shell:Creating environment descriptor '/home/shiva/Documents/AGV_Kalman_Filter_Robot/robo_car/install/robot_car_localization/share/robot_car_localization/hook/pythonpath.dsv'
[0.967s] INFO:colcon.colcon_core.shell:Creating environment hook '/home/shiva/Documents/AGV_Kalman_Filter_Robot/robo_car/install/robot_car_localization/share/robot_car_localization/hook/pythonpath.sh'
[0.967s] Level 1:colcon.colcon_core.environment:checking '/home/shiva/Documents/AGV_Kalman_Filter_Robot/robo_car/install/robot_car_localization/bin'
[0.968s] INFO:colcon.colcon_core.shell:Creating package script '/home/shiva/Documents/AGV_Kalman_Filter_Robot/robo_car/install/robot_car_localization/share/robot_car_localization/package.ps1'
[0.968s] INFO:colcon.colcon_core.shell:Creating package descriptor '/home/shiva/Documents/AGV_Kalman_Filter_Robot/robo_car/install/robot_car_localization/share/robot_car_localization/package.dsv'
[0.969s] INFO:colcon.colcon_core.shell:Creating package script '/home/shiva/Documents/AGV_Kalman_Filter_Robot/robo_car/install/robot_car_localization/share/robot_car_localization/package.sh'
[0.969s] INFO:colcon.colcon_core.shell:Creating package script '/home/shiva/Documents/AGV_Kalman_Filter_Robot/robo_car/install/robot_car_localization/share/robot_car_localization/package.bash'
[0.969s] INFO:colcon.colcon_core.shell:Creating package script '/home/shiva/Documents/AGV_Kalman_Filter_Robot/robo_car/install/robot_car_localization/share/robot_car_localization/package.zsh'
[0.970s] Level 1:colcon.colcon_core.environment:create_file_with_runtime_dependencies(/home/shiva/Documents/AGV_Kalman_Filter_Robot/robo_car/install/robot_car_localization/share/colcon-core/packages/robot_car_localization)
[0.970s] DEBUG:colcon.colcon_parallel_executor.executor.parallel:closing loop
[0.970s] DEBUG:colcon.colcon_parallel_executor.executor.parallel:loop closed
[0.970s] DEBUG:colcon.colcon_parallel_executor.executor.parallel:run_until_complete finished with '0'
[0.970s] DEBUG:colcon.colcon_core.event_reactor:joining thread
[0.975s] INFO:colcon.colcon_core.plugin_system:Skipping extension 'colcon_notification.desktop_notification.terminal_notifier': Not used on non-Darwin systems
[0.975s] INFO:colcon.colcon_core.plugin_system:Skipping extension 'colcon_notification.desktop_notification.win32': Not used on non-Windows systems
[0.975s] INFO:colcon.colcon_notification.desktop_notification:Sending desktop notification using 'notify2'
[0.984s] DEBUG:colcon.colcon_core.event_reactor:joined thread
[0.984s] INFO:colcon.colcon_core.shell:Creating prefix script '/home/shiva/Documents/AGV_Kalman_Filter_Robot/robo_car/install/local_setup.ps1'
[0.985s] INFO:colcon.colcon_core.shell:Creating prefix util module '/home/shiva/Documents/AGV_Kalman_Filter_Robot/robo_car/install/_local_setup_util_ps1.py'
[0.986s] INFO:colcon.colcon_core.shell:Creating prefix chain script '/home/shiva/Documents/AGV_Kalman_Filter_Robot/robo_car/install/setup.ps1'
[0.987s] INFO:colcon.colcon_core.shell:Creating prefix script '/home/shiva/Documents/AGV_Kalman_Filter_Robot/robo_car/install/local_setup.sh'
[0.988s] INFO:colcon.colcon_core.shell:Creating prefix util module '/home/shiva/Documents/AGV_Kalman_Filter_Robot/robo_car/install/_local_setup_util_sh.py'
[0.988s] INFO:colcon.colcon_core.shell:Creating prefix chain script '/home/shiva/Documents/AGV_Kalman_Filter_Robot/robo_car/install/setup.sh'
[0.989s] INFO:colcon.colcon_core.shell:Creating prefix script '/home/shiva/Documents/AGV_Kalman_Filter_Robot/robo_car/install/local_setup.bash'
[0.990s] INFO:colcon.colcon_core.shell:Creating prefix chain script '/home/shiva/Documents/AGV_Kalman_Filter_Robot/robo_car/install/setup.bash'
[0.991s] INFO:colcon.colcon_core.shell:Creating prefix script '/home/shiva/Documents/AGV_Kalman_Filter_Robot/robo_car/install/local_setup.zsh'
[0.992s] INFO:colcon.colcon_core.shell:Creating prefix chain script '/home/shiva/Documents/AGV_Kalman_Filter_Robot/robo_car/install/setup.zsh'
