[0.205s] DEBUG:colcon:Command line arguments: ['/usr/bin/colcon', 'list', '-p', '--base-paths', '/home/shiva/Documents/AGV_Kalman_Filter_Robot/robo_car']
[0.205s] DEBUG:colcon:Parsed command line arguments: Namespace(log_base=None, log_level=None, verb_name='list', build_base='build', ignore_user_meta=False, metas=['./colcon.meta'], base_paths=['/home/shiva/Documents/AGV_Kalman_Filter_Robot/robo_car'], packages_ignore=None, packages_ignore_regex=None, paths=None, packages_up_to=None, packages_up_to_regex=None, packages_above=None, packages_above_and_dependencies=None, packages_above_depth=None, packages_select_by_dep=None, packages_skip_by_dep=None, packages_skip_up_to=None, packages_select_build_failed=False, packages_skip_build_finished=False, packages_select_test_failures=False, packages_skip_test_passed=False, packages_select=None, packages_skip=None, packages_select_regex=None, packages_skip_regex=None, packages_start=None, packages_end=None, allow_overriding=[], topological_order=False, names_only=False, paths_only=True, topological_graph=False, topological_graph_dot=False, topological_graph_density=False, topological_graph_legend=False, topological_graph_dot_cluster=False, topological_graph_dot_include_skipped=False, mixin_files=None, mixin=None, verb_parser=<colcon_mixin.mixin.mixin_argument.MixinArgumentDecorator object at 0x7ab750efb730>, verb_extension=<colcon_package_information.verb.list.ListVerb object at 0x7ab750efa5c0>, main=<bound method ListVerb.main of <colcon_package_information.verb.list.ListVerb object at 0x7ab750efa5c0>>, mixin_verb=('list',))
[0.577s] Level 1:colcon.colcon_core.package_discovery:discover_packages(colcon_meta) check parameters
[0.577s] Level 1:colcon.colcon_core.package_discovery:discover_packages(recursive) check parameters
[0.578s] Level 1:colcon.colcon_core.package_discovery:discover_packages(ignore) check parameters
[0.578s] Level 1:colcon.colcon_core.package_discovery:discover_packages(path) check parameters
[0.578s] Level 1:colcon.colcon_core.package_discovery:discover_packages(recursive) discover
[0.578s] INFO:colcon.colcon_core.package_discovery:Crawling recursively for packages in '/home/shiva/Documents/AGV_Kalman_Filter_Robot/robo_car'
[0.578s] Level 1:colcon.colcon_core.package_identification:_identify(/home/shiva/Documents/AGV_Kalman_Filter_Robot/robo_car) by extensions ['ignore', 'ignore_ament_install']
[0.578s] Level 1:colcon.colcon_core.package_identification:_identify(/home/shiva/Documents/AGV_Kalman_Filter_Robot/robo_car) by extension 'ignore'
[0.578s] Level 1:colcon.colcon_core.package_identification:_identify(/home/shiva/Documents/AGV_Kalman_Filter_Robot/robo_car) by extension 'ignore_ament_install'
[0.579s] Level 1:colcon.colcon_core.package_identification:_identify(/home/shiva/Documents/AGV_Kalman_Filter_Robot/robo_car) by extensions ['colcon_pkg']
[0.579s] Level 1:colcon.colcon_core.package_identification:_identify(/home/shiva/Documents/AGV_Kalman_Filter_Robot/robo_car) by extension 'colcon_pkg'
[0.579s] Level 1:colcon.colcon_core.package_identification:_identify(/home/shiva/Documents/AGV_Kalman_Filter_Robot/robo_car) by extensions ['colcon_meta']
[0.579s] Level 1:colcon.colcon_core.package_identification:_identify(/home/shiva/Documents/AGV_Kalman_Filter_Robot/robo_car) by extension 'colcon_meta'
[0.579s] Level 1:colcon.colcon_core.package_identification:_identify(/home/shiva/Documents/AGV_Kalman_Filter_Robot/robo_car) by extensions ['ros']
[0.579s] Level 1:colcon.colcon_core.package_identification:_identify(/home/shiva/Documents/AGV_Kalman_Filter_Robot/robo_car) by extension 'ros'
[0.604s] Level 1:colcon.colcon_core.package_identification:_identify(/home/shiva/Documents/AGV_Kalman_Filter_Robot/robo_car) by extensions ['cmake', 'python']
[0.604s] Level 1:colcon.colcon_core.package_identification:_identify(/home/shiva/Documents/AGV_Kalman_Filter_Robot/robo_car) by extension 'cmake'
[0.604s] Level 1:colcon.colcon_core.package_identification:_identify(/home/shiva/Documents/AGV_Kalman_Filter_Robot/robo_car) by extension 'python'
[0.604s] Level 1:colcon.colcon_core.package_identification:_identify(/home/shiva/Documents/AGV_Kalman_Filter_Robot/robo_car) by extensions ['python_setup_py']
[0.604s] Level 1:colcon.colcon_core.package_identification:_identify(/home/shiva/Documents/AGV_Kalman_Filter_Robot/robo_car) by extension 'python_setup_py'
[0.605s] Level 1:colcon.colcon_core.package_identification:_identify(/home/shiva/Documents/AGV_Kalman_Filter_Robot/robo_car/build) by extensions ['ignore', 'ignore_ament_install']
[0.605s] Level 1:colcon.colcon_core.package_identification:_identify(/home/shiva/Documents/AGV_Kalman_Filter_Robot/robo_car/build) by extension 'ignore'
[0.605s] Level 1:colcon.colcon_core.package_identification:_identify(/home/shiva/Documents/AGV_Kalman_Filter_Robot/robo_car/build) ignored
[0.605s] Level 1:colcon.colcon_core.package_identification:_identify(/home/shiva/Documents/AGV_Kalman_Filter_Robot/robo_car/install) by extensions ['ignore', 'ignore_ament_install']
[0.605s] Level 1:colcon.colcon_core.package_identification:_identify(/home/shiva/Documents/AGV_Kalman_Filter_Robot/robo_car/install) by extension 'ignore'
[0.606s] Level 1:colcon.colcon_core.package_identification:_identify(/home/shiva/Documents/AGV_Kalman_Filter_Robot/robo_car/install) ignored
[0.606s] Level 1:colcon.colcon_core.package_identification:_identify(/home/shiva/Documents/AGV_Kalman_Filter_Robot/robo_car/log) by extensions ['ignore', 'ignore_ament_install']
[0.606s] Level 1:colcon.colcon_core.package_identification:_identify(/home/shiva/Documents/AGV_Kalman_Filter_Robot/robo_car/log) by extension 'ignore'
[0.606s] Level 1:colcon.colcon_core.package_identification:_identify(/home/shiva/Documents/AGV_Kalman_Filter_Robot/robo_car/log) ignored
[0.606s] Level 1:colcon.colcon_core.package_identification:_identify(/home/shiva/Documents/AGV_Kalman_Filter_Robot/robo_car/src) by extensions ['ignore', 'ignore_ament_install']
[0.606s] Level 1:colcon.colcon_core.package_identification:_identify(/home/shiva/Documents/AGV_Kalman_Filter_Robot/robo_car/src) by extension 'ignore'
[0.607s] Level 1:colcon.colcon_core.package_identification:_identify(/home/shiva/Documents/AGV_Kalman_Filter_Robot/robo_car/src) by extension 'ignore_ament_install'
[0.607s] Level 1:colcon.colcon_core.package_identification:_identify(/home/shiva/Documents/AGV_Kalman_Filter_Robot/robo_car/src) by extensions ['colcon_pkg']
[0.607s] Level 1:colcon.colcon_core.package_identification:_identify(/home/shiva/Documents/AGV_Kalman_Filter_Robot/robo_car/src) by extension 'colcon_pkg'
[0.607s] Level 1:colcon.colcon_core.package_identification:_identify(/home/shiva/Documents/AGV_Kalman_Filter_Robot/robo_car/src) by extensions ['colcon_meta']
[0.607s] Level 1:colcon.colcon_core.package_identification:_identify(/home/shiva/Documents/AGV_Kalman_Filter_Robot/robo_car/src) by extension 'colcon_meta'
[0.607s] Level 1:colcon.colcon_core.package_identification:_identify(/home/shiva/Documents/AGV_Kalman_Filter_Robot/robo_car/src) by extensions ['ros']
[0.607s] Level 1:colcon.colcon_core.package_identification:_identify(/home/shiva/Documents/AGV_Kalman_Filter_Robot/robo_car/src) by extension 'ros'
[0.607s] Level 1:colcon.colcon_core.package_identification:_identify(/home/shiva/Documents/AGV_Kalman_Filter_Robot/robo_car/src) by extensions ['cmake', 'python']
[0.607s] Level 1:colcon.colcon_core.package_identification:_identify(/home/shiva/Documents/AGV_Kalman_Filter_Robot/robo_car/src) by extension 'cmake'
[0.607s] Level 1:colcon.colcon_core.package_identification:_identify(/home/shiva/Documents/AGV_Kalman_Filter_Robot/robo_car/src) by extension 'python'
[0.607s] Level 1:colcon.colcon_core.package_identification:_identify(/home/shiva/Documents/AGV_Kalman_Filter_Robot/robo_car/src) by extensions ['python_setup_py']
[0.608s] Level 1:colcon.colcon_core.package_identification:_identify(/home/shiva/Documents/AGV_Kalman_Filter_Robot/robo_car/src) by extension 'python_setup_py'
[0.608s] Level 1:colcon.colcon_core.package_identification:_identify(/home/shiva/Documents/AGV_Kalman_Filter_Robot/robo_car/src/robot_car_bringup) by extensions ['ignore', 'ignore_ament_install']
[0.608s] Level 1:colcon.colcon_core.package_identification:_identify(/home/shiva/Documents/AGV_Kalman_Filter_Robot/robo_car/src/robot_car_bringup) by extension 'ignore'
[0.608s] Level 1:colcon.colcon_core.package_identification:_identify(/home/shiva/Documents/AGV_Kalman_Filter_Robot/robo_car/src/robot_car_bringup) by extension 'ignore_ament_install'
[0.608s] Level 1:colcon.colcon_core.package_identification:_identify(/home/shiva/Documents/AGV_Kalman_Filter_Robot/robo_car/src/robot_car_bringup) by extensions ['colcon_pkg']
[0.608s] Level 1:colcon.colcon_core.package_identification:_identify(/home/shiva/Documents/AGV_Kalman_Filter_Robot/robo_car/src/robot_car_bringup) by extension 'colcon_pkg'
[0.608s] Level 1:colcon.colcon_core.package_identification:_identify(/home/shiva/Documents/AGV_Kalman_Filter_Robot/robo_car/src/robot_car_bringup) by extensions ['colcon_meta']
[0.608s] Level 1:colcon.colcon_core.package_identification:_identify(/home/shiva/Documents/AGV_Kalman_Filter_Robot/robo_car/src/robot_car_bringup) by extension 'colcon_meta'
[0.609s] Level 1:colcon.colcon_core.package_identification:_identify(/home/shiva/Documents/AGV_Kalman_Filter_Robot/robo_car/src/robot_car_bringup) by extensions ['ros']
[0.609s] Level 1:colcon.colcon_core.package_identification:_identify(/home/shiva/Documents/AGV_Kalman_Filter_Robot/robo_car/src/robot_car_bringup) by extension 'ros'
[0.614s] DEBUG:colcon.colcon_core.package_identification:Package '/home/shiva/Documents/AGV_Kalman_Filter_Robot/robo_car/src/robot_car_bringup' with type 'ros.ament_cmake' and name 'robot_car_bringup'
[0.614s] Level 1:colcon.colcon_core.package_identification:_identify(/home/shiva/Documents/AGV_Kalman_Filter_Robot/robo_car/src/robot_car_controller) by extensions ['ignore', 'ignore_ament_install']
[0.614s] Level 1:colcon.colcon_core.package_identification:_identify(/home/shiva/Documents/AGV_Kalman_Filter_Robot/robo_car/src/robot_car_controller) by extension 'ignore'
[0.615s] Level 1:colcon.colcon_core.package_identification:_identify(/home/shiva/Documents/AGV_Kalman_Filter_Robot/robo_car/src/robot_car_controller) by extension 'ignore_ament_install'
[0.615s] Level 1:colcon.colcon_core.package_identification:_identify(/home/shiva/Documents/AGV_Kalman_Filter_Robot/robo_car/src/robot_car_controller) by extensions ['colcon_pkg']
[0.615s] Level 1:colcon.colcon_core.package_identification:_identify(/home/shiva/Documents/AGV_Kalman_Filter_Robot/robo_car/src/robot_car_controller) by extension 'colcon_pkg'
[0.615s] Level 1:colcon.colcon_core.package_identification:_identify(/home/shiva/Documents/AGV_Kalman_Filter_Robot/robo_car/src/robot_car_controller) by extensions ['colcon_meta']
[0.615s] Level 1:colcon.colcon_core.package_identification:_identify(/home/shiva/Documents/AGV_Kalman_Filter_Robot/robo_car/src/robot_car_controller) by extension 'colcon_meta'
[0.615s] Level 1:colcon.colcon_core.package_identification:_identify(/home/shiva/Documents/AGV_Kalman_Filter_Robot/robo_car/src/robot_car_controller) by extensions ['ros']
[0.615s] Level 1:colcon.colcon_core.package_identification:_identify(/home/shiva/Documents/AGV_Kalman_Filter_Robot/robo_car/src/robot_car_controller) by extension 'ros'
[0.618s] DEBUG:colcon.colcon_core.package_identification:Package '/home/shiva/Documents/AGV_Kalman_Filter_Robot/robo_car/src/robot_car_controller' with type 'ros.ament_cmake' and name 'robot_car_controller'
[0.619s] Level 1:colcon.colcon_core.package_identification:_identify(/home/shiva/Documents/AGV_Kalman_Filter_Robot/robo_car/src/robot_car_description) by extensions ['ignore', 'ignore_ament_install']
[0.619s] Level 1:colcon.colcon_core.package_identification:_identify(/home/shiva/Documents/AGV_Kalman_Filter_Robot/robo_car/src/robot_car_description) by extension 'ignore'
[0.619s] Level 1:colcon.colcon_core.package_identification:_identify(/home/shiva/Documents/AGV_Kalman_Filter_Robot/robo_car/src/robot_car_description) by extension 'ignore_ament_install'
[0.619s] Level 1:colcon.colcon_core.package_identification:_identify(/home/shiva/Documents/AGV_Kalman_Filter_Robot/robo_car/src/robot_car_description) by extensions ['colcon_pkg']
[0.619s] Level 1:colcon.colcon_core.package_identification:_identify(/home/shiva/Documents/AGV_Kalman_Filter_Robot/robo_car/src/robot_car_description) by extension 'colcon_pkg'
[0.619s] Level 1:colcon.colcon_core.package_identification:_identify(/home/shiva/Documents/AGV_Kalman_Filter_Robot/robo_car/src/robot_car_description) by extensions ['colcon_meta']
[0.619s] Level 1:colcon.colcon_core.package_identification:_identify(/home/shiva/Documents/AGV_Kalman_Filter_Robot/robo_car/src/robot_car_description) by extension 'colcon_meta'
[0.620s] Level 1:colcon.colcon_core.package_identification:_identify(/home/shiva/Documents/AGV_Kalman_Filter_Robot/robo_car/src/robot_car_description) by extensions ['ros']
[0.620s] Level 1:colcon.colcon_core.package_identification:_identify(/home/shiva/Documents/AGV_Kalman_Filter_Robot/robo_car/src/robot_car_description) by extension 'ros'
[0.625s] DEBUG:colcon.colcon_core.package_identification:Package '/home/shiva/Documents/AGV_Kalman_Filter_Robot/robo_car/src/robot_car_description' with type 'ros.ament_cmake' and name 'robot_car_description'
[0.625s] Level 1:colcon.colcon_core.package_identification:_identify(/home/shiva/Documents/AGV_Kalman_Filter_Robot/robo_car/src/robot_car_localization) by extensions ['ignore', 'ignore_ament_install']
[0.625s] Level 1:colcon.colcon_core.package_identification:_identify(/home/shiva/Documents/AGV_Kalman_Filter_Robot/robo_car/src/robot_car_localization) by extension 'ignore'
[0.625s] Level 1:colcon.colcon_core.package_identification:_identify(/home/shiva/Documents/AGV_Kalman_Filter_Robot/robo_car/src/robot_car_localization) by extension 'ignore_ament_install'
[0.625s] Level 1:colcon.colcon_core.package_identification:_identify(/home/shiva/Documents/AGV_Kalman_Filter_Robot/robo_car/src/robot_car_localization) by extensions ['colcon_pkg']
[0.625s] Level 1:colcon.colcon_core.package_identification:_identify(/home/shiva/Documents/AGV_Kalman_Filter_Robot/robo_car/src/robot_car_localization) by extension 'colcon_pkg'
[0.626s] Level 1:colcon.colcon_core.package_identification:_identify(/home/shiva/Documents/AGV_Kalman_Filter_Robot/robo_car/src/robot_car_localization) by extensions ['colcon_meta']
[0.626s] Level 1:colcon.colcon_core.package_identification:_identify(/home/shiva/Documents/AGV_Kalman_Filter_Robot/robo_car/src/robot_car_localization) by extension 'colcon_meta'
[0.626s] Level 1:colcon.colcon_core.package_identification:_identify(/home/shiva/Documents/AGV_Kalman_Filter_Robot/robo_car/src/robot_car_localization) by extensions ['ros']
[0.626s] Level 1:colcon.colcon_core.package_identification:_identify(/home/shiva/Documents/AGV_Kalman_Filter_Robot/robo_car/src/robot_car_localization) by extension 'ros'
[0.628s] DEBUG:colcon.colcon_core.package_identification:Package '/home/shiva/Documents/AGV_Kalman_Filter_Robot/robo_car/src/robot_car_localization' with type 'ros.ament_cmake' and name 'robot_car_localization'
[0.628s] Level 1:colcon.colcon_core.package_discovery:discover_packages(recursive) using defaults
