-- The C compiler identification is GNU 11.4.0
-- The CXX compiler identification is GNU 11.4.0
-- Detecting C compiler ABI info
-- Detecting C compiler ABI info - done
-- Check for working C compiler: /usr/bin/cc - skipped
-- Detecting C compile features
-- Detecting C compile features - done
-- Detecting CXX compiler ABI info
-- Detecting CXX compiler ABI info - done
-- Check for working CXX compiler: /usr/bin/c++ - skipped
-- Detecting CXX compile features
-- Detecting CXX compile features - done
-- Found ament_cmake: 1.3.10 (/opt/ros/humble/share/ament_cmake/cmake)
-- Found Python3: /home/shiva/.pyenv/shims/python3 (found version "3.10.9") found components: Interpreter 
-- Found urdf: 2.6.1 (/opt/ros/humble/share/urdf/cmake)
-- Found ament_lint_auto: 0.12.11 (/opt/ros/humble/share/ament_lint_auto/cmake)
-- Added test 'flake8' to check Python code syntax and style conventions
-- Added test 'lint_cmake' to check CMake code style
-- Added test 'pep257' to check Python code against some of the docstring style conventions in PEP 257
-- Added test 'xmllint' to check XML markup files
-- Configuring done
-- Generating done
-- Build files have been written to: /home/shiva/Documents/AGV_Kalman_Filter_Robot/robo_car/build/robot_car_description
-- Install configuration: ""
-- Installing: /home/shiva/Documents/AGV_Kalman_Filter_Robot/robo_car/install/robot_car_description/share/robot_car_description/launch
-- Installing: /home/shiva/Documents/AGV_Kalman_Filter_Robot/robo_car/install/robot_car_description/share/robot_car_description/launch/display.launch.py
-- Installing: /home/shiva/Documents/AGV_Kalman_Filter_Robot/robo_car/install/robot_car_description/share/robot_car_description/launch/gazebo.launch.py
-- Installing: /home/shiva/Documents/AGV_Kalman_Filter_Robot/robo_car/install/robot_car_description/share/robot_car_description/meshes
-- Installing: /home/shiva/Documents/AGV_Kalman_Filter_Robot/robo_car/install/robot_car_description/share/robot_car_description/meshes/imu_link.STL
-- Installing: /home/shiva/Documents/AGV_Kalman_Filter_Robot/robo_car/install/robot_car_description/share/robot_car_description/meshes/wheel_left_link.STL
-- Installing: /home/shiva/Documents/AGV_Kalman_Filter_Robot/robo_car/install/robot_car_description/share/robot_car_description/meshes/base_link.STL
-- Installing: /home/shiva/Documents/AGV_Kalman_Filter_Robot/robo_car/install/robot_car_description/share/robot_car_description/meshes/wheel_right_link.STL
-- Installing: /home/shiva/Documents/AGV_Kalman_Filter_Robot/robo_car/install/robot_car_description/share/robot_car_description/meshes/caster_rear_link.STL
-- Installing: /home/shiva/Documents/AGV_Kalman_Filter_Robot/robo_car/install/robot_car_description/share/robot_car_description/meshes/caster_front_link.STL
-- Installing: /home/shiva/Documents/AGV_Kalman_Filter_Robot/robo_car/install/robot_car_description/share/robot_car_description/urdf
-- Installing: /home/shiva/Documents/AGV_Kalman_Filter_Robot/robo_car/install/robot_car_description/share/robot_car_description/urdf/robot_car_gazebo.xacro
-- Installing: /home/shiva/Documents/AGV_Kalman_Filter_Robot/robo_car/install/robot_car_description/share/robot_car_description/urdf/robot_car_ros2_control.xacro
-- Installing: /home/shiva/Documents/AGV_Kalman_Filter_Robot/robo_car/install/robot_car_description/share/robot_car_description/urdf/robot_car_urdf.urdf.xacro
-- Installing: /home/shiva/Documents/AGV_Kalman_Filter_Robot/robo_car/install/robot_car_description/share/robot_car_description/rviz
-- Installing: /home/shiva/Documents/AGV_Kalman_Filter_Robot/robo_car/install/robot_car_description/share/robot_car_description/rviz/urdf_config.rviz
-- Installing: /home/shiva/Documents/AGV_Kalman_Filter_Robot/robo_car/install/robot_car_description/share/ament_index/resource_index/package_run_dependencies/robot_car_description
-- Installing: /home/shiva/Documents/AGV_Kalman_Filter_Robot/robo_car/install/robot_car_description/share/ament_index/resource_index/parent_prefix_path/robot_car_description
-- Installing: /home/shiva/Documents/AGV_Kalman_Filter_Robot/robo_car/install/robot_car_description/share/robot_car_description/environment/ament_prefix_path.sh
-- Installing: /home/shiva/Documents/AGV_Kalman_Filter_Robot/robo_car/install/robot_car_description/share/robot_car_description/environment/ament_prefix_path.dsv
-- Installing: /home/shiva/Documents/AGV_Kalman_Filter_Robot/robo_car/install/robot_car_description/share/robot_car_description/environment/path.sh
-- Installing: /home/shiva/Documents/AGV_Kalman_Filter_Robot/robo_car/install/robot_car_description/share/robot_car_description/environment/path.dsv
-- Installing: /home/shiva/Documents/AGV_Kalman_Filter_Robot/robo_car/install/robot_car_description/share/robot_car_description/local_setup.bash
-- Installing: /home/shiva/Documents/AGV_Kalman_Filter_Robot/robo_car/install/robot_car_description/share/robot_car_description/local_setup.sh
-- Installing: /home/shiva/Documents/AGV_Kalman_Filter_Robot/robo_car/install/robot_car_description/share/robot_car_description/local_setup.zsh
-- Installing: /home/shiva/Documents/AGV_Kalman_Filter_Robot/robo_car/install/robot_car_description/share/robot_car_description/local_setup.dsv
-- Installing: /home/shiva/Documents/AGV_Kalman_Filter_Robot/robo_car/install/robot_car_description/share/robot_car_description/package.dsv
-- Installing: /home/shiva/Documents/AGV_Kalman_Filter_Robot/robo_car/install/robot_car_description/share/ament_index/resource_index/packages/robot_car_description
-- Installing: /home/shiva/Documents/AGV_Kalman_Filter_Robot/robo_car/install/robot_car_description/share/robot_car_description/cmake/robot_car_descriptionConfig.cmake
-- Installing: /home/shiva/Documents/AGV_Kalman_Filter_Robot/robo_car/install/robot_car_description/share/robot_car_description/cmake/robot_car_descriptionConfig-version.cmake
-- Installing: /home/shiva/Documents/AGV_Kalman_Filter_Robot/robo_car/install/robot_car_description/share/robot_car_description/package.xml
