[0.023s] Invoking command in '/home/shiva/Documents/AGV_Kalman_Filter_Robot/robo_car/build/robot_car_localization': CMAKE_PREFIX_PATH=${CMAKE_PREFIX_PATH}:/home/shiva/Documents/wrk_spc/install/my_pkg:/opt/ros/humble /usr/bin/cmake --build /home/shiva/Documents/AGV_Kalman_Filter_Robot/robo_car/build/robot_car_localization -- -j8 -l8
[0.082s] Built target ament_cmake_python_copy_robot_car_localization
[0.385s] running egg_info
[0.399s] writing robot_car_localization.egg-info/PKG-INFO
[0.399s] writing dependency_links to robot_car_localization.egg-info/dependency_links.txt
[0.399s] writing top-level names to robot_car_localization.egg-info/top_level.txt
[0.441s] reading manifest file 'robot_car_localization.egg-info/SOURCES.txt'
[0.442s] writing manifest file 'robot_car_localization.egg-info/SOURCES.txt'
[0.471s] Built target ament_cmake_python_build_robot_car_localization_egg
[0.479s] Invoked command in '/home/shiva/Documents/AGV_Kalman_Filter_Robot/robo_car/build/robot_car_localization' returned '0': CMAKE_PREFIX_PATH=${CMAKE_PREFIX_PATH}:/home/shiva/Documents/wrk_spc/install/my_pkg:/opt/ros/humble /usr/bin/cmake --build /home/shiva/Documents/AGV_Kalman_Filter_Robot/robo_car/build/robot_car_localization -- -j8 -l8
[0.498s] Invoking command in '/home/shiva/Documents/AGV_Kalman_Filter_Robot/robo_car/build/robot_car_localization': CMAKE_PREFIX_PATH=${CMAKE_PREFIX_PATH}:/home/shiva/Documents/wrk_spc/install/my_pkg:/opt/ros/humble /usr/bin/cmake --install /home/shiva/Documents/AGV_Kalman_Filter_Robot/robo_car/build/robot_car_localization
[0.505s] -- Install configuration: ""
[0.506s] -- Up-to-date: /home/shiva/Documents/AGV_Kalman_Filter_Robot/robo_car/install/robot_car_localization/share/robot_car_localization/environment/pythonpath.sh
[0.506s] -- Up-to-date: /home/shiva/Documents/AGV_Kalman_Filter_Robot/robo_car/install/robot_car_localization/share/robot_car_localization/environment/pythonpath.dsv
[0.506s] -- Up-to-date: /home/shiva/Documents/AGV_Kalman_Filter_Robot/robo_car/install/robot_car_localization/lib/python3.10/site-packages/robot_car_localization-0.0.0-py3.10.egg-info
[0.506s] -- Installing: /home/shiva/Documents/AGV_Kalman_Filter_Robot/robo_car/install/robot_car_localization/lib/python3.10/site-packages/robot_car_localization-0.0.0-py3.10.egg-info/PKG-INFO
[0.506s] -- Installing: /home/shiva/Documents/AGV_Kalman_Filter_Robot/robo_car/install/robot_car_localization/lib/python3.10/site-packages/robot_car_localization-0.0.0-py3.10.egg-info/top_level.txt
[0.507s] -- Installing: /home/shiva/Documents/AGV_Kalman_Filter_Robot/robo_car/install/robot_car_localization/lib/python3.10/site-packages/robot_car_localization-0.0.0-py3.10.egg-info/SOURCES.txt
[0.507s] -- Installing: /home/shiva/Documents/AGV_Kalman_Filter_Robot/robo_car/install/robot_car_localization/lib/python3.10/site-packages/robot_car_localization-0.0.0-py3.10.egg-info/dependency_links.txt
[0.507s] -- Up-to-date: /home/shiva/Documents/AGV_Kalman_Filter_Robot/robo_car/install/robot_car_localization/lib/python3.10/site-packages/robot_car_localization
[0.507s] -- Up-to-date: /home/shiva/Documents/AGV_Kalman_Filter_Robot/robo_car/install/robot_car_localization/lib/python3.10/site-packages/robot_car_localization/kalman_filter.py
[0.507s] -- Up-to-date: /home/shiva/Documents/AGV_Kalman_Filter_Robot/robo_car/install/robot_car_localization/lib/python3.10/site-packages/robot_car_localization/__init__.py
[0.507s] -- Up-to-date: /home/shiva/Documents/AGV_Kalman_Filter_Robot/robo_car/install/robot_car_localization/lib/python3.10/site-packages/robot_car_localization/imu_republisher.py
[0.610s] Listing '/home/shiva/Documents/AGV_Kalman_Filter_Robot/robo_car/install/robot_car_localization/lib/python3.10/site-packages/robot_car_localization'...
[0.615s] -- Up-to-date: /home/shiva/Documents/AGV_Kalman_Filter_Robot/robo_car/install/robot_car_localization/include/include
[0.615s] -- Up-to-date: /home/shiva/Documents/AGV_Kalman_Filter_Robot/robo_car/install/robot_car_localization/include/include/robot_car_localization
[0.616s] -- Up-to-date: /home/shiva/Documents/AGV_Kalman_Filter_Robot/robo_car/install/robot_car_localization/share/robot_car_localization/launch
[0.617s] -- Up-to-date: /home/shiva/Documents/AGV_Kalman_Filter_Robot/robo_car/install/robot_car_localization/share/robot_car_localization/launch/local_localization.launch.py
[0.618s] -- Up-to-date: /home/shiva/Documents/AGV_Kalman_Filter_Robot/robo_car/install/robot_car_localization/share/robot_car_localization/config
[0.618s] -- Up-to-date: /home/shiva/Documents/AGV_Kalman_Filter_Robot/robo_car/install/robot_car_localization/share/robot_car_localization/config/ekf.yaml
[0.619s] -- Up-to-date: /home/shiva/Documents/AGV_Kalman_Filter_Robot/robo_car/install/robot_car_localization/lib/robot_car_localization/kalman_filter.py
[0.619s] -- Up-to-date: /home/shiva/Documents/AGV_Kalman_Filter_Robot/robo_car/install/robot_car_localization/lib/robot_car_localization/imu_republisher.py
[0.619s] -- Up-to-date: /home/shiva/Documents/AGV_Kalman_Filter_Robot/robo_car/install/robot_car_localization/share/ament_index/resource_index/package_run_dependencies/robot_car_localization
[0.620s] -- Up-to-date: /home/shiva/Documents/AGV_Kalman_Filter_Robot/robo_car/install/robot_car_localization/share/ament_index/resource_index/parent_prefix_path/robot_car_localization
[0.620s] -- Up-to-date: /home/shiva/Documents/AGV_Kalman_Filter_Robot/robo_car/install/robot_car_localization/share/robot_car_localization/environment/ament_prefix_path.sh
[0.620s] -- Up-to-date: /home/shiva/Documents/AGV_Kalman_Filter_Robot/robo_car/install/robot_car_localization/share/robot_car_localization/environment/ament_prefix_path.dsv
[0.621s] -- Up-to-date: /home/shiva/Documents/AGV_Kalman_Filter_Robot/robo_car/install/robot_car_localization/share/robot_car_localization/environment/path.sh
[0.621s] -- Up-to-date: /home/shiva/Documents/AGV_Kalman_Filter_Robot/robo_car/install/robot_car_localization/share/robot_car_localization/environment/path.dsv
[0.621s] -- Up-to-date: /home/shiva/Documents/AGV_Kalman_Filter_Robot/robo_car/install/robot_car_localization/share/robot_car_localization/local_setup.bash
[0.621s] -- Up-to-date: /home/shiva/Documents/AGV_Kalman_Filter_Robot/robo_car/install/robot_car_localization/share/robot_car_localization/local_setup.sh
[0.622s] -- Up-to-date: /home/shiva/Documents/AGV_Kalman_Filter_Robot/robo_car/install/robot_car_localization/share/robot_car_localization/local_setup.zsh
[0.622s] -- Up-to-date: /home/shiva/Documents/AGV_Kalman_Filter_Robot/robo_car/install/robot_car_localization/share/robot_car_localization/local_setup.dsv
[0.622s] -- Installing: /home/shiva/Documents/AGV_Kalman_Filter_Robot/robo_car/install/robot_car_localization/share/robot_car_localization/package.dsv
[0.622s] -- Up-to-date: /home/shiva/Documents/AGV_Kalman_Filter_Robot/robo_car/install/robot_car_localization/share/ament_index/resource_index/packages/robot_car_localization
[0.622s] -- Up-to-date: /home/shiva/Documents/AGV_Kalman_Filter_Robot/robo_car/install/robot_car_localization/share/robot_car_localization/cmake/robot_car_localizationConfig.cmake
[0.623s] -- Up-to-date: /home/shiva/Documents/AGV_Kalman_Filter_Robot/robo_car/install/robot_car_localization/share/robot_car_localization/cmake/robot_car_localizationConfig-version.cmake
[0.623s] -- Up-to-date: /home/shiva/Documents/AGV_Kalman_Filter_Robot/robo_car/install/robot_car_localization/share/robot_car_localization/package.xml
[0.625s] Invoked command in '/home/shiva/Documents/AGV_Kalman_Filter_Robot/robo_car/build/robot_car_localization' returned '0': CMAKE_PREFIX_PATH=${CMAKE_PREFIX_PATH}:/home/shiva/Documents/wrk_spc/install/my_pkg:/opt/ros/humble /usr/bin/cmake --install /home/shiva/Documents/AGV_Kalman_Filter_Robot/robo_car/build/robot_car_localization
