Built target ament_cmake_python_copy_robot_car_localization
running egg_info
writing robot_car_localization.egg-info/PKG-INFO
writing dependency_links to robot_car_localization.egg-info/dependency_links.txt
writing top-level names to robot_car_localization.egg-info/top_level.txt
reading manifest file 'robot_car_localization.egg-info/SOURCES.txt'
writing manifest file 'robot_car_localization.egg-info/SOURCES.txt'
Built target ament_cmake_python_build_robot_car_localization_egg
-- Install configuration: ""
-- Up-to-date: /home/shiva/Documents/AGV_Kalman_Filter_Robot/robo_car/install/robot_car_localization/share/robot_car_localization/environment/pythonpath.sh
-- Up-to-date: /home/shiva/Documents/AGV_Kalman_Filter_Robot/robo_car/install/robot_car_localization/share/robot_car_localization/environment/pythonpath.dsv
-- Up-to-date: /home/shiva/Documents/AGV_Kalman_Filter_Robot/robo_car/install/robot_car_localization/lib/python3.10/site-packages/robot_car_localization-0.0.0-py3.10.egg-info
-- Installing: /home/shiva/Documents/AGV_Kalman_Filter_Robot/robo_car/install/robot_car_localization/lib/python3.10/site-packages/robot_car_localization-0.0.0-py3.10.egg-info/PKG-INFO
-- Installing: /home/shiva/Documents/AGV_Kalman_Filter_Robot/robo_car/install/robot_car_localization/lib/python3.10/site-packages/robot_car_localization-0.0.0-py3.10.egg-info/top_level.txt
-- Installing: /home/shiva/Documents/AGV_Kalman_Filter_Robot/robo_car/install/robot_car_localization/lib/python3.10/site-packages/robot_car_localization-0.0.0-py3.10.egg-info/SOURCES.txt
-- Installing: /home/shiva/Documents/AGV_Kalman_Filter_Robot/robo_car/install/robot_car_localization/lib/python3.10/site-packages/robot_car_localization-0.0.0-py3.10.egg-info/dependency_links.txt
-- Up-to-date: /home/shiva/Documents/AGV_Kalman_Filter_Robot/robo_car/install/robot_car_localization/lib/python3.10/site-packages/robot_car_localization
-- Up-to-date: /home/shiva/Documents/AGV_Kalman_Filter_Robot/robo_car/install/robot_car_localization/lib/python3.10/site-packages/robot_car_localization/kalman_filter.py
-- Up-to-date: /home/shiva/Documents/AGV_Kalman_Filter_Robot/robo_car/install/robot_car_localization/lib/python3.10/site-packages/robot_car_localization/__init__.py
-- Up-to-date: /home/shiva/Documents/AGV_Kalman_Filter_Robot/robo_car/install/robot_car_localization/lib/python3.10/site-packages/robot_car_localization/imu_republisher.py
Listing '/home/shiva/Documents/AGV_Kalman_Filter_Robot/robo_car/install/robot_car_localization/lib/python3.10/site-packages/robot_car_localization'...
-- Up-to-date: /home/shiva/Documents/AGV_Kalman_Filter_Robot/robo_car/install/robot_car_localization/include/include
-- Up-to-date: /home/shiva/Documents/AGV_Kalman_Filter_Robot/robo_car/install/robot_car_localization/include/include/robot_car_localization
-- Up-to-date: /home/shiva/Documents/AGV_Kalman_Filter_Robot/robo_car/install/robot_car_localization/share/robot_car_localization/launch
-- Up-to-date: /home/shiva/Documents/AGV_Kalman_Filter_Robot/robo_car/install/robot_car_localization/share/robot_car_localization/launch/local_localization.launch.py
-- Up-to-date: /home/shiva/Documents/AGV_Kalman_Filter_Robot/robo_car/install/robot_car_localization/share/robot_car_localization/config
-- Up-to-date: /home/shiva/Documents/AGV_Kalman_Filter_Robot/robo_car/install/robot_car_localization/share/robot_car_localization/config/ekf.yaml
-- Up-to-date: /home/shiva/Documents/AGV_Kalman_Filter_Robot/robo_car/install/robot_car_localization/lib/robot_car_localization/kalman_filter.py
-- Up-to-date: /home/shiva/Documents/AGV_Kalman_Filter_Robot/robo_car/install/robot_car_localization/lib/robot_car_localization/imu_republisher.py
-- Up-to-date: /home/shiva/Documents/AGV_Kalman_Filter_Robot/robo_car/install/robot_car_localization/share/ament_index/resource_index/package_run_dependencies/robot_car_localization
-- Up-to-date: /home/shiva/Documents/AGV_Kalman_Filter_Robot/robo_car/install/robot_car_localization/share/ament_index/resource_index/parent_prefix_path/robot_car_localization
-- Up-to-date: /home/shiva/Documents/AGV_Kalman_Filter_Robot/robo_car/install/robot_car_localization/share/robot_car_localization/environment/ament_prefix_path.sh
-- Up-to-date: /home/shiva/Documents/AGV_Kalman_Filter_Robot/robo_car/install/robot_car_localization/share/robot_car_localization/environment/ament_prefix_path.dsv
-- Up-to-date: /home/shiva/Documents/AGV_Kalman_Filter_Robot/robo_car/install/robot_car_localization/share/robot_car_localization/environment/path.sh
-- Up-to-date: /home/shiva/Documents/AGV_Kalman_Filter_Robot/robo_car/install/robot_car_localization/share/robot_car_localization/environment/path.dsv
-- Up-to-date: /home/shiva/Documents/AGV_Kalman_Filter_Robot/robo_car/install/robot_car_localization/share/robot_car_localization/local_setup.bash
-- Up-to-date: /home/shiva/Documents/AGV_Kalman_Filter_Robot/robo_car/install/robot_car_localization/share/robot_car_localization/local_setup.sh
-- Up-to-date: /home/shiva/Documents/AGV_Kalman_Filter_Robot/robo_car/install/robot_car_localization/share/robot_car_localization/local_setup.zsh
-- Up-to-date: /home/shiva/Documents/AGV_Kalman_Filter_Robot/robo_car/install/robot_car_localization/share/robot_car_localization/local_setup.dsv
-- Installing: /home/shiva/Documents/AGV_Kalman_Filter_Robot/robo_car/install/robot_car_localization/share/robot_car_localization/package.dsv
-- Up-to-date: /home/shiva/Documents/AGV_Kalman_Filter_Robot/robo_car/install/robot_car_localization/share/ament_index/resource_index/packages/robot_car_localization
-- Up-to-date: /home/shiva/Documents/AGV_Kalman_Filter_Robot/robo_car/install/robot_car_localization/share/robot_car_localization/cmake/robot_car_localizationConfig.cmake
-- Up-to-date: /home/shiva/Documents/AGV_Kalman_Filter_Robot/robo_car/install/robot_car_localization/share/robot_car_localization/cmake/robot_car_localizationConfig-version.cmake
-- Up-to-date: /home/shiva/Documents/AGV_Kalman_Filter_Robot/robo_car/install/robot_car_localization/share/robot_car_localization/package.xml
