[0.237s] DEBUG:colcon:Command line arguments: ['/usr/bin/colcon', 'build']
[0.237s] DEBUG:colcon:Parsed command line arguments: Namespace(log_base=None, log_level=None, verb_name='build', build_base='build', install_base='install', merge_install=False, symlink_install=False, test_result_base=None, continue_on_error=False, executor='parallel', parallel_workers=8, event_handlers=None, ignore_user_meta=False, metas=['./colcon.meta'], base_paths=['.'], packages_ignore=None, packages_ignore_regex=None, paths=None, packages_up_to=None, packages_up_to_regex=None, packages_above=None, packages_above_and_dependencies=None, packages_above_depth=None, packages_select_by_dep=None, packages_skip_by_dep=None, packages_skip_up_to=None, packages_select_build_failed=False, packages_skip_build_finished=False, packages_select_test_failures=False, packages_skip_test_passed=False, packages_select=None, packages_skip=None, packages_select_regex=None, packages_skip_regex=None, packages_start=None, packages_end=None, allow_overriding=[], cmake_args=None, cmake_target=None, cmake_target_skip_unavailable=False, cmake_clean_cache=False, cmake_clean_first=False, cmake_force_configure=False, ament_cmake_args=None, catkin_cmake_args=None, catkin_skip_building_tests=False, mixin_files=None, mixin=None, verb_parser=<colcon_mixin.mixin.mixin_argument.MixinArgumentDecorator object at 0x7b0e241ee170>, verb_extension=<colcon_core.verb.build.BuildVerb object at 0x7b0e241edae0>, main=<bound method BuildVerb.main of <colcon_core.verb.build.BuildVerb object at 0x7b0e241edae0>>, mixin_verb=('build',))
[0.491s] Level 1:colcon.colcon_core.package_discovery:discover_packages(colcon_meta) check parameters
[0.491s] Level 1:colcon.colcon_core.package_discovery:discover_packages(recursive) check parameters
[0.491s] Level 1:colcon.colcon_core.package_discovery:discover_packages(ignore) check parameters
[0.491s] Level 1:colcon.colcon_core.package_discovery:discover_packages(path) check parameters
[0.491s] Level 1:colcon.colcon_core.package_discovery:discover_packages(colcon_meta) discover
[0.491s] Level 1:colcon.colcon_core.package_discovery:discover_packages(recursive) discover
[0.491s] INFO:colcon.colcon_core.package_discovery:Crawling recursively for packages in '/home/shiva/Documents/AGV_Kalman_Filter_Robot/robo_car'
[0.492s] Level 1:colcon.colcon_core.package_identification:_identify(.) by extensions ['ignore', 'ignore_ament_install']
[0.492s] Level 1:colcon.colcon_core.package_identification:_identify(.) by extension 'ignore'
[0.492s] Level 1:colcon.colcon_core.package_identification:_identify(.) by extension 'ignore_ament_install'
[0.492s] Level 1:colcon.colcon_core.package_identification:_identify(.) by extensions ['colcon_pkg']
[0.492s] Level 1:colcon.colcon_core.package_identification:_identify(.) by extension 'colcon_pkg'
[0.492s] Level 1:colcon.colcon_core.package_identification:_identify(.) by extensions ['colcon_meta']
[0.492s] Level 1:colcon.colcon_core.package_identification:_identify(.) by extension 'colcon_meta'
[0.492s] Level 1:colcon.colcon_core.package_identification:_identify(.) by extensions ['ros']
[0.492s] Level 1:colcon.colcon_core.package_identification:_identify(.) by extension 'ros'
[0.509s] Level 1:colcon.colcon_core.package_identification:_identify(.) by extensions ['cmake', 'python']
[0.509s] Level 1:colcon.colcon_core.package_identification:_identify(.) by extension 'cmake'
[0.509s] Level 1:colcon.colcon_core.package_identification:_identify(.) by extension 'python'
[0.510s] Level 1:colcon.colcon_core.package_identification:_identify(.) by extensions ['python_setup_py']
[0.510s] Level 1:colcon.colcon_core.package_identification:_identify(.) by extension 'python_setup_py'
[0.510s] Level 1:colcon.colcon_core.package_identification:_identify(build) by extensions ['ignore', 'ignore_ament_install']
[0.510s] Level 1:colcon.colcon_core.package_identification:_identify(build) by extension 'ignore'
[0.510s] Level 1:colcon.colcon_core.package_identification:_identify(build) ignored
[0.510s] Level 1:colcon.colcon_core.package_identification:_identify(install) by extensions ['ignore', 'ignore_ament_install']
[0.510s] Level 1:colcon.colcon_core.package_identification:_identify(install) by extension 'ignore'
[0.510s] Level 1:colcon.colcon_core.package_identification:_identify(install) ignored
[0.510s] Level 1:colcon.colcon_core.package_identification:_identify(log) by extensions ['ignore', 'ignore_ament_install']
[0.510s] Level 1:colcon.colcon_core.package_identification:_identify(log) by extension 'ignore'
[0.510s] Level 1:colcon.colcon_core.package_identification:_identify(log) ignored
[0.510s] Level 1:colcon.colcon_core.package_identification:_identify(src) by extensions ['ignore', 'ignore_ament_install']
[0.511s] Level 1:colcon.colcon_core.package_identification:_identify(src) by extension 'ignore'
[0.511s] Level 1:colcon.colcon_core.package_identification:_identify(src) by extension 'ignore_ament_install'
[0.511s] Level 1:colcon.colcon_core.package_identification:_identify(src) by extensions ['colcon_pkg']
[0.511s] Level 1:colcon.colcon_core.package_identification:_identify(src) by extension 'colcon_pkg'
[0.511s] Level 1:colcon.colcon_core.package_identification:_identify(src) by extensions ['colcon_meta']
[0.511s] Level 1:colcon.colcon_core.package_identification:_identify(src) by extension 'colcon_meta'
[0.511s] Level 1:colcon.colcon_core.package_identification:_identify(src) by extensions ['ros']
[0.511s] Level 1:colcon.colcon_core.package_identification:_identify(src) by extension 'ros'
[0.511s] Level 1:colcon.colcon_core.package_identification:_identify(src) by extensions ['cmake', 'python']
[0.511s] Level 1:colcon.colcon_core.package_identification:_identify(src) by extension 'cmake'
[0.511s] Level 1:colcon.colcon_core.package_identification:_identify(src) by extension 'python'
[0.511s] Level 1:colcon.colcon_core.package_identification:_identify(src) by extensions ['python_setup_py']
[0.511s] Level 1:colcon.colcon_core.package_identification:_identify(src) by extension 'python_setup_py'
[0.511s] Level 1:colcon.colcon_core.package_identification:_identify(src/robot_car_bringup) by extensions ['ignore', 'ignore_ament_install']
[0.511s] Level 1:colcon.colcon_core.package_identification:_identify(src/robot_car_bringup) by extension 'ignore'
[0.511s] Level 1:colcon.colcon_core.package_identification:_identify(src/robot_car_bringup) by extension 'ignore_ament_install'
[0.511s] Level 1:colcon.colcon_core.package_identification:_identify(src/robot_car_bringup) by extensions ['colcon_pkg']
[0.512s] Level 1:colcon.colcon_core.package_identification:_identify(src/robot_car_bringup) by extension 'colcon_pkg'
[0.512s] Level 1:colcon.colcon_core.package_identification:_identify(src/robot_car_bringup) by extensions ['colcon_meta']
[0.512s] Level 1:colcon.colcon_core.package_identification:_identify(src/robot_car_bringup) by extension 'colcon_meta'
[0.512s] Level 1:colcon.colcon_core.package_identification:_identify(src/robot_car_bringup) by extensions ['ros']
[0.512s] Level 1:colcon.colcon_core.package_identification:_identify(src/robot_car_bringup) by extension 'ros'
[0.515s] DEBUG:colcon.colcon_core.package_identification:Package 'src/robot_car_bringup' with type 'ros.ament_cmake' and name 'robot_car_bringup'
[0.515s] Level 1:colcon.colcon_core.package_identification:_identify(src/robot_car_controller) by extensions ['ignore', 'ignore_ament_install']
[0.516s] Level 1:colcon.colcon_core.package_identification:_identify(src/robot_car_controller) by extension 'ignore'
[0.516s] Level 1:colcon.colcon_core.package_identification:_identify(src/robot_car_controller) by extension 'ignore_ament_install'
[0.516s] Level 1:colcon.colcon_core.package_identification:_identify(src/robot_car_controller) by extensions ['colcon_pkg']
[0.516s] Level 1:colcon.colcon_core.package_identification:_identify(src/robot_car_controller) by extension 'colcon_pkg'
[0.516s] Level 1:colcon.colcon_core.package_identification:_identify(src/robot_car_controller) by extensions ['colcon_meta']
[0.516s] Level 1:colcon.colcon_core.package_identification:_identify(src/robot_car_controller) by extension 'colcon_meta'
[0.516s] Level 1:colcon.colcon_core.package_identification:_identify(src/robot_car_controller) by extensions ['ros']
[0.516s] Level 1:colcon.colcon_core.package_identification:_identify(src/robot_car_controller) by extension 'ros'
[0.517s] DEBUG:colcon.colcon_core.package_identification:Package 'src/robot_car_controller' with type 'ros.ament_cmake' and name 'robot_car_controller'
[0.517s] Level 1:colcon.colcon_core.package_identification:_identify(src/robot_car_description) by extensions ['ignore', 'ignore_ament_install']
[0.518s] Level 1:colcon.colcon_core.package_identification:_identify(src/robot_car_description) by extension 'ignore'
[0.518s] Level 1:colcon.colcon_core.package_identification:_identify(src/robot_car_description) by extension 'ignore_ament_install'
[0.518s] Level 1:colcon.colcon_core.package_identification:_identify(src/robot_car_description) by extensions ['colcon_pkg']
[0.518s] Level 1:colcon.colcon_core.package_identification:_identify(src/robot_car_description) by extension 'colcon_pkg'
[0.518s] Level 1:colcon.colcon_core.package_identification:_identify(src/robot_car_description) by extensions ['colcon_meta']
[0.518s] Level 1:colcon.colcon_core.package_identification:_identify(src/robot_car_description) by extension 'colcon_meta'
[0.518s] Level 1:colcon.colcon_core.package_identification:_identify(src/robot_car_description) by extensions ['ros']
[0.518s] Level 1:colcon.colcon_core.package_identification:_identify(src/robot_car_description) by extension 'ros'
[0.521s] DEBUG:colcon.colcon_core.package_identification:Package 'src/robot_car_description' with type 'ros.ament_cmake' and name 'robot_car_description'
[0.521s] Level 1:colcon.colcon_core.package_identification:_identify(src/robot_car_localization) by extensions ['ignore', 'ignore_ament_install']
[0.521s] Level 1:colcon.colcon_core.package_identification:_identify(src/robot_car_localization) by extension 'ignore'
[0.521s] Level 1:colcon.colcon_core.package_identification:_identify(src/robot_car_localization) by extension 'ignore_ament_install'
[0.521s] Level 1:colcon.colcon_core.package_identification:_identify(src/robot_car_localization) by extensions ['colcon_pkg']
[0.521s] Level 1:colcon.colcon_core.package_identification:_identify(src/robot_car_localization) by extension 'colcon_pkg'
[0.521s] Level 1:colcon.colcon_core.package_identification:_identify(src/robot_car_localization) by extensions ['colcon_meta']
[0.521s] Level 1:colcon.colcon_core.package_identification:_identify(src/robot_car_localization) by extension 'colcon_meta'
[0.521s] Level 1:colcon.colcon_core.package_identification:_identify(src/robot_car_localization) by extensions ['ros']
[0.521s] Level 1:colcon.colcon_core.package_identification:_identify(src/robot_car_localization) by extension 'ros'
[0.522s] DEBUG:colcon.colcon_core.package_identification:Package 'src/robot_car_localization' with type 'ros.ament_cmake' and name 'robot_car_localization'
[0.522s] Level 1:colcon.colcon_core.package_discovery:discover_packages(recursive) using defaults
[0.523s] Level 1:colcon.colcon_core.package_discovery:discover_packages(ignore) discover
[0.523s] Level 1:colcon.colcon_core.package_discovery:discover_packages(ignore) using defaults
[0.523s] Level 1:colcon.colcon_core.package_discovery:discover_packages(path) discover
[0.523s] Level 1:colcon.colcon_core.package_discovery:discover_packages(path) using defaults
[0.565s] Level 1:colcon.colcon_core.package_discovery:discover_packages(prefix_path) check parameters
[0.565s] Level 1:colcon.colcon_core.package_discovery:discover_packages(prefix_path) discover
[0.568s] DEBUG:colcon.colcon_installed_package_information.package_discovery:Found 2 installed packages in /home/shiva/Documents/bumperbot_wrkspc/install
[0.569s] DEBUG:colcon.colcon_installed_package_information.package_discovery:Found 7 installed packages in /home/shiva/Documents/robot_arm/install
[0.570s] DEBUG:colcon.colcon_installed_package_information.package_discovery:Found 3 installed packages in /home/shiva/Documents/wrk_spc/install
[0.570s] DEBUG:colcon.colcon_installed_package_information.package_discovery:Found 4 installed packages in /home/shiva/Documents/AGV_Kalman_Filter_Robot/robo_car/install
[0.572s] DEBUG:colcon.colcon_installed_package_information.package_discovery:Found 333 installed packages in /opt/ros/humble
[0.573s] Level 1:colcon.colcon_core.package_discovery:discover_packages(prefix_path) using defaults
[0.632s] Level 5:colcon.colcon_core.verb:set package 'robot_car_bringup' build argument 'cmake_args' from command line to 'None'
[0.632s] Level 5:colcon.colcon_core.verb:set package 'robot_car_bringup' build argument 'cmake_target' from command line to 'None'
[0.632s] Level 5:colcon.colcon_core.verb:set package 'robot_car_bringup' build argument 'cmake_target_skip_unavailable' from command line to 'False'
[0.632s] Level 5:colcon.colcon_core.verb:set package 'robot_car_bringup' build argument 'cmake_clean_cache' from command line to 'False'
[0.632s] Level 5:colcon.colcon_core.verb:set package 'robot_car_bringup' build argument 'cmake_clean_first' from command line to 'False'
[0.632s] Level 5:colcon.colcon_core.verb:set package 'robot_car_bringup' build argument 'cmake_force_configure' from command line to 'False'
[0.632s] Level 5:colcon.colcon_core.verb:set package 'robot_car_bringup' build argument 'ament_cmake_args' from command line to 'None'
[0.632s] Level 5:colcon.colcon_core.verb:set package 'robot_car_bringup' build argument 'catkin_cmake_args' from command line to 'None'
[0.632s] Level 5:colcon.colcon_core.verb:set package 'robot_car_bringup' build argument 'catkin_skip_building_tests' from command line to 'False'
[0.632s] DEBUG:colcon.colcon_core.verb:Building package 'robot_car_bringup' with the following arguments: {'ament_cmake_args': None, 'build_base': '/home/shiva/Documents/AGV_Kalman_Filter_Robot/robo_car/build/robot_car_bringup', 'catkin_cmake_args': None, 'catkin_skip_building_tests': False, 'cmake_args': None, 'cmake_clean_cache': False, 'cmake_clean_first': False, 'cmake_force_configure': False, 'cmake_target': None, 'cmake_target_skip_unavailable': False, 'install_base': '/home/shiva/Documents/AGV_Kalman_Filter_Robot/robo_car/install/robot_car_bringup', 'merge_install': False, 'path': '/home/shiva/Documents/AGV_Kalman_Filter_Robot/robo_car/src/robot_car_bringup', 'symlink_install': False, 'test_result_base': None}
[0.632s] Level 5:colcon.colcon_core.verb:set package 'robot_car_controller' build argument 'cmake_args' from command line to 'None'
[0.632s] Level 5:colcon.colcon_core.verb:set package 'robot_car_controller' build argument 'cmake_target' from command line to 'None'
[0.633s] Level 5:colcon.colcon_core.verb:set package 'robot_car_controller' build argument 'cmake_target_skip_unavailable' from command line to 'False'
[0.633s] Level 5:colcon.colcon_core.verb:set package 'robot_car_controller' build argument 'cmake_clean_cache' from command line to 'False'
[0.633s] Level 5:colcon.colcon_core.verb:set package 'robot_car_controller' build argument 'cmake_clean_first' from command line to 'False'
[0.633s] Level 5:colcon.colcon_core.verb:set package 'robot_car_controller' build argument 'cmake_force_configure' from command line to 'False'
[0.633s] Level 5:colcon.colcon_core.verb:set package 'robot_car_controller' build argument 'ament_cmake_args' from command line to 'None'
[0.633s] Level 5:colcon.colcon_core.verb:set package 'robot_car_controller' build argument 'catkin_cmake_args' from command line to 'None'
[0.633s] Level 5:colcon.colcon_core.verb:set package 'robot_car_controller' build argument 'catkin_skip_building_tests' from command line to 'False'
[0.633s] DEBUG:colcon.colcon_core.verb:Building package 'robot_car_controller' with the following arguments: {'ament_cmake_args': None, 'build_base': '/home/shiva/Documents/AGV_Kalman_Filter_Robot/robo_car/build/robot_car_controller', 'catkin_cmake_args': None, 'catkin_skip_building_tests': False, 'cmake_args': None, 'cmake_clean_cache': False, 'cmake_clean_first': False, 'cmake_force_configure': False, 'cmake_target': None, 'cmake_target_skip_unavailable': False, 'install_base': '/home/shiva/Documents/AGV_Kalman_Filter_Robot/robo_car/install/robot_car_controller', 'merge_install': False, 'path': '/home/shiva/Documents/AGV_Kalman_Filter_Robot/robo_car/src/robot_car_controller', 'symlink_install': False, 'test_result_base': None}
[0.633s] Level 5:colcon.colcon_core.verb:set package 'robot_car_description' build argument 'cmake_args' from command line to 'None'
[0.633s] Level 5:colcon.colcon_core.verb:set package 'robot_car_description' build argument 'cmake_target' from command line to 'None'
[0.633s] Level 5:colcon.colcon_core.verb:set package 'robot_car_description' build argument 'cmake_target_skip_unavailable' from command line to 'False'
[0.633s] Level 5:colcon.colcon_core.verb:set package 'robot_car_description' build argument 'cmake_clean_cache' from command line to 'False'
[0.633s] Level 5:colcon.colcon_core.verb:set package 'robot_car_description' build argument 'cmake_clean_first' from command line to 'False'
[0.633s] Level 5:colcon.colcon_core.verb:set package 'robot_car_description' build argument 'cmake_force_configure' from command line to 'False'
[0.633s] Level 5:colcon.colcon_core.verb:set package 'robot_car_description' build argument 'ament_cmake_args' from command line to 'None'
[0.633s] Level 5:colcon.colcon_core.verb:set package 'robot_car_description' build argument 'catkin_cmake_args' from command line to 'None'
[0.633s] Level 5:colcon.colcon_core.verb:set package 'robot_car_description' build argument 'catkin_skip_building_tests' from command line to 'False'
[0.633s] DEBUG:colcon.colcon_core.verb:Building package 'robot_car_description' with the following arguments: {'ament_cmake_args': None, 'build_base': '/home/shiva/Documents/AGV_Kalman_Filter_Robot/robo_car/build/robot_car_description', 'catkin_cmake_args': None, 'catkin_skip_building_tests': False, 'cmake_args': None, 'cmake_clean_cache': False, 'cmake_clean_first': False, 'cmake_force_configure': False, 'cmake_target': None, 'cmake_target_skip_unavailable': False, 'install_base': '/home/shiva/Documents/AGV_Kalman_Filter_Robot/robo_car/install/robot_car_description', 'merge_install': False, 'path': '/home/shiva/Documents/AGV_Kalman_Filter_Robot/robo_car/src/robot_car_description', 'symlink_install': False, 'test_result_base': None}
[0.634s] Level 5:colcon.colcon_core.verb:set package 'robot_car_localization' build argument 'cmake_args' from command line to 'None'
[0.634s] Level 5:colcon.colcon_core.verb:set package 'robot_car_localization' build argument 'cmake_target' from command line to 'None'
[0.634s] Level 5:colcon.colcon_core.verb:set package 'robot_car_localization' build argument 'cmake_target_skip_unavailable' from command line to 'False'
[0.634s] Level 5:colcon.colcon_core.verb:set package 'robot_car_localization' build argument 'cmake_clean_cache' from command line to 'False'
[0.634s] Level 5:colcon.colcon_core.verb:set package 'robot_car_localization' build argument 'cmake_clean_first' from command line to 'False'
[0.634s] Level 5:colcon.colcon_core.verb:set package 'robot_car_localization' build argument 'cmake_force_configure' from command line to 'False'
[0.634s] Level 5:colcon.colcon_core.verb:set package 'robot_car_localization' build argument 'ament_cmake_args' from command line to 'None'
[0.634s] Level 5:colcon.colcon_core.verb:set package 'robot_car_localization' build argument 'catkin_cmake_args' from command line to 'None'
[0.634s] Level 5:colcon.colcon_core.verb:set package 'robot_car_localization' build argument 'catkin_skip_building_tests' from command line to 'False'
[0.634s] DEBUG:colcon.colcon_core.verb:Building package 'robot_car_localization' with the following arguments: {'ament_cmake_args': None, 'build_base': '/home/shiva/Documents/AGV_Kalman_Filter_Robot/robo_car/build/robot_car_localization', 'catkin_cmake_args': None, 'catkin_skip_building_tests': False, 'cmake_args': None, 'cmake_clean_cache': False, 'cmake_clean_first': False, 'cmake_force_configure': False, 'cmake_target': None, 'cmake_target_skip_unavailable': False, 'install_base': '/home/shiva/Documents/AGV_Kalman_Filter_Robot/robo_car/install/robot_car_localization', 'merge_install': False, 'path': '/home/shiva/Documents/AGV_Kalman_Filter_Robot/robo_car/src/robot_car_localization', 'symlink_install': False, 'test_result_base': None}
[0.634s] INFO:colcon.colcon_core.executor:Executing jobs using 'parallel' executor
[0.635s] DEBUG:colcon.colcon_parallel_executor.executor.parallel:run_until_complete
[0.636s] INFO:colcon.colcon_ros.task.ament_cmake.build:Building ROS package in '/home/shiva/Documents/AGV_Kalman_Filter_Robot/robo_car/src/robot_car_bringup' with build type 'ament_cmake'
[0.636s] INFO:colcon.colcon_cmake.task.cmake.build:Building CMake package in '/home/shiva/Documents/AGV_Kalman_Filter_Robot/robo_car/src/robot_car_bringup'
[0.640s] INFO:colcon.colcon_core.plugin_system:Skipping extension 'colcon_core.shell.bat': Not used on non-Windows systems
[0.640s] INFO:colcon.colcon_core.shell:Skip shell extension 'powershell' for command environment: Not usable outside of PowerShell
[0.640s] DEBUG:colcon.colcon_core.shell:Skip shell extension 'dsv' for command environment
[0.647s] INFO:colcon.colcon_ros.task.ament_cmake.build:Building ROS package in '/home/shiva/Documents/AGV_Kalman_Filter_Robot/robo_car/src/robot_car_controller' with build type 'ament_cmake'
[0.647s] INFO:colcon.colcon_cmake.task.cmake.build:Building CMake package in '/home/shiva/Documents/AGV_Kalman_Filter_Robot/robo_car/src/robot_car_controller'
[0.647s] INFO:colcon.colcon_core.shell:Skip shell extension 'powershell' for command environment: Not usable outside of PowerShell
[0.647s] DEBUG:colcon.colcon_core.shell:Skip shell extension 'dsv' for command environment
[0.653s] INFO:colcon.colcon_ros.task.ament_cmake.build:Building ROS package in '/home/shiva/Documents/AGV_Kalman_Filter_Robot/robo_car/src/robot_car_description' with build type 'ament_cmake'
[0.653s] INFO:colcon.colcon_cmake.task.cmake.build:Building CMake package in '/home/shiva/Documents/AGV_Kalman_Filter_Robot/robo_car/src/robot_car_description'
[0.653s] INFO:colcon.colcon_core.shell:Skip shell extension 'powershell' for command environment: Not usable outside of PowerShell
[0.653s] DEBUG:colcon.colcon_core.shell:Skip shell extension 'dsv' for command environment
[0.658s] INFO:colcon.colcon_ros.task.ament_cmake.build:Building ROS package in '/home/shiva/Documents/AGV_Kalman_Filter_Robot/robo_car/src/robot_car_localization' with build type 'ament_cmake'
[0.658s] INFO:colcon.colcon_cmake.task.cmake.build:Building CMake package in '/home/shiva/Documents/AGV_Kalman_Filter_Robot/robo_car/src/robot_car_localization'
[0.659s] INFO:colcon.colcon_core.shell:Skip shell extension 'powershell' for command environment: Not usable outside of PowerShell
[0.659s] DEBUG:colcon.colcon_core.shell:Skip shell extension 'dsv' for command environment
[0.672s] DEBUG:colcon.colcon_core.event_handler.log_command:Invoking command in '/home/shiva/Documents/AGV_Kalman_Filter_Robot/robo_car/build/robot_car_bringup': CMAKE_PREFIX_PATH=${CMAKE_PREFIX_PATH}:/home/shiva/Documents/wrk_spc/install/my_pkg:/opt/ros/humble /usr/bin/cmake --build /home/shiva/Documents/AGV_Kalman_Filter_Robot/robo_car/build/robot_car_bringup -- -j8 -l8
[0.677s] DEBUG:colcon.colcon_core.event_handler.log_command:Invoking command in '/home/shiva/Documents/AGV_Kalman_Filter_Robot/robo_car/build/robot_car_controller': CMAKE_PREFIX_PATH=${CMAKE_PREFIX_PATH}:/home/shiva/Documents/wrk_spc/install/my_pkg:/opt/ros/humble /usr/bin/cmake --build /home/shiva/Documents/AGV_Kalman_Filter_Robot/robo_car/build/robot_car_controller -- -j8 -l8
[0.682s] DEBUG:colcon.colcon_core.event_handler.log_command:Invoking command in '/home/shiva/Documents/AGV_Kalman_Filter_Robot/robo_car/build/robot_car_description': CMAKE_PREFIX_PATH=${CMAKE_PREFIX_PATH}:/home/shiva/Documents/wrk_spc/install/my_pkg:/opt/ros/humble /usr/bin/cmake --build /home/shiva/Documents/AGV_Kalman_Filter_Robot/robo_car/build/robot_car_description -- -j8 -l8
[0.687s] DEBUG:colcon.colcon_core.event_handler.log_command:Invoking command in '/home/shiva/Documents/AGV_Kalman_Filter_Robot/robo_car/build/robot_car_localization': CMAKE_PREFIX_PATH=${CMAKE_PREFIX_PATH}:/home/shiva/Documents/wrk_spc/install/my_pkg:/opt/ros/humble /usr/bin/cmake --build /home/shiva/Documents/AGV_Kalman_Filter_Robot/robo_car/build/robot_car_localization -- -j8 -l8
[0.741s] DEBUG:colcon.colcon_core.event_handler.log_command:Invoked command in '/home/shiva/Documents/AGV_Kalman_Filter_Robot/robo_car/build/robot_car_bringup' returned '0': CMAKE_PREFIX_PATH=${CMAKE_PREFIX_PATH}:/home/shiva/Documents/wrk_spc/install/my_pkg:/opt/ros/humble /usr/bin/cmake --build /home/shiva/Documents/AGV_Kalman_Filter_Robot/robo_car/build/robot_car_bringup -- -j8 -l8
[0.744s] DEBUG:colcon.colcon_core.event_handler.log_command:Invoked command in '/home/shiva/Documents/AGV_Kalman_Filter_Robot/robo_car/build/robot_car_description' returned '0': CMAKE_PREFIX_PATH=${CMAKE_PREFIX_PATH}:/home/shiva/Documents/wrk_spc/install/my_pkg:/opt/ros/humble /usr/bin/cmake --build /home/shiva/Documents/AGV_Kalman_Filter_Robot/robo_car/build/robot_car_description -- -j8 -l8
[0.782s] DEBUG:colcon.colcon_core.event_handler.log_command:Invoking command in '/home/shiva/Documents/AGV_Kalman_Filter_Robot/robo_car/build/robot_car_description': CMAKE_PREFIX_PATH=${CMAKE_PREFIX_PATH}:/home/shiva/Documents/wrk_spc/install/my_pkg:/opt/ros/humble /usr/bin/cmake --install /home/shiva/Documents/AGV_Kalman_Filter_Robot/robo_car/build/robot_car_description
[0.783s] DEBUG:colcon.colcon_core.event_handler.log_command:Invoking command in '/home/shiva/Documents/AGV_Kalman_Filter_Robot/robo_car/build/robot_car_bringup': CMAKE_PREFIX_PATH=${CMAKE_PREFIX_PATH}:/home/shiva/Documents/wrk_spc/install/my_pkg:/opt/ros/humble /usr/bin/cmake --install /home/shiva/Documents/AGV_Kalman_Filter_Robot/robo_car/build/robot_car_bringup
[0.794s] Level 1:colcon.colcon_core.environment:create_environment_scripts_only(robot_car_description)
[0.795s] DEBUG:colcon.colcon_core.event_handler.log_command:Invoked command in '/home/shiva/Documents/AGV_Kalman_Filter_Robot/robo_car/build/robot_car_description' returned '0': CMAKE_PREFIX_PATH=${CMAKE_PREFIX_PATH}:/home/shiva/Documents/wrk_spc/install/my_pkg:/opt/ros/humble /usr/bin/cmake --install /home/shiva/Documents/AGV_Kalman_Filter_Robot/robo_car/build/robot_car_description
[0.803s] Level 1:colcon.colcon_core.environment:checking '/home/shiva/Documents/AGV_Kalman_Filter_Robot/robo_car/install/robot_car_description' for CMake module files
[0.804s] Level 1:colcon.colcon_core.environment:checking '/home/shiva/Documents/AGV_Kalman_Filter_Robot/robo_car/install/robot_car_description' for CMake config files
[0.804s] Level 1:colcon.colcon_core.shell:create_environment_hook('robot_car_description', 'cmake_prefix_path')
[0.804s] INFO:colcon.colcon_core.shell:Creating environment hook '/home/shiva/Documents/AGV_Kalman_Filter_Robot/robo_car/install/robot_car_description/share/robot_car_description/hook/cmake_prefix_path.ps1'
[0.805s] INFO:colcon.colcon_core.shell:Creating environment descriptor '/home/shiva/Documents/AGV_Kalman_Filter_Robot/robo_car/install/robot_car_description/share/robot_car_description/hook/cmake_prefix_path.dsv'
[0.806s] INFO:colcon.colcon_core.shell:Creating environment hook '/home/shiva/Documents/AGV_Kalman_Filter_Robot/robo_car/install/robot_car_description/share/robot_car_description/hook/cmake_prefix_path.sh'
[0.807s] Level 1:colcon.colcon_core.environment:checking '/home/shiva/Documents/AGV_Kalman_Filter_Robot/robo_car/install/robot_car_description/bin'
[0.807s] Level 1:colcon.colcon_core.environment:checking '/home/shiva/Documents/AGV_Kalman_Filter_Robot/robo_car/install/robot_car_description/lib/pkgconfig/robot_car_description.pc'
[0.807s] Level 1:colcon.colcon_core.environment:checking '/home/shiva/Documents/AGV_Kalman_Filter_Robot/robo_car/install/robot_car_description/lib/python3.10/site-packages'
[0.808s] Level 1:colcon.colcon_core.environment:checking '/home/shiva/Documents/AGV_Kalman_Filter_Robot/robo_car/install/robot_car_description/bin'
[0.808s] INFO:colcon.colcon_core.shell:Creating package script '/home/shiva/Documents/AGV_Kalman_Filter_Robot/robo_car/install/robot_car_description/share/robot_car_description/package.ps1'
[0.810s] INFO:colcon.colcon_core.shell:Creating package descriptor '/home/shiva/Documents/AGV_Kalman_Filter_Robot/robo_car/install/robot_car_description/share/robot_car_description/package.dsv'
[0.811s] INFO:colcon.colcon_core.shell:Creating package script '/home/shiva/Documents/AGV_Kalman_Filter_Robot/robo_car/install/robot_car_description/share/robot_car_description/package.sh'
[0.812s] INFO:colcon.colcon_core.shell:Creating package script '/home/shiva/Documents/AGV_Kalman_Filter_Robot/robo_car/install/robot_car_description/share/robot_car_description/package.bash'
[0.813s] INFO:colcon.colcon_core.shell:Creating package script '/home/shiva/Documents/AGV_Kalman_Filter_Robot/robo_car/install/robot_car_description/share/robot_car_description/package.zsh'
[0.814s] Level 1:colcon.colcon_core.environment:create_file_with_runtime_dependencies(/home/shiva/Documents/AGV_Kalman_Filter_Robot/robo_car/install/robot_car_description/share/colcon-core/packages/robot_car_description)
[0.815s] Level 1:colcon.colcon_core.environment:create_environment_scripts_only(robot_car_bringup)
[0.816s] Level 1:colcon.colcon_core.environment:checking '/home/shiva/Documents/AGV_Kalman_Filter_Robot/robo_car/install/robot_car_bringup' for CMake module files
[0.817s] DEBUG:colcon.colcon_core.event_handler.log_command:Invoked command in '/home/shiva/Documents/AGV_Kalman_Filter_Robot/robo_car/build/robot_car_bringup' returned '0': CMAKE_PREFIX_PATH=${CMAKE_PREFIX_PATH}:/home/shiva/Documents/wrk_spc/install/my_pkg:/opt/ros/humble /usr/bin/cmake --install /home/shiva/Documents/AGV_Kalman_Filter_Robot/robo_car/build/robot_car_bringup
[0.818s] Level 1:colcon.colcon_core.environment:checking '/home/shiva/Documents/AGV_Kalman_Filter_Robot/robo_car/install/robot_car_bringup' for CMake config files
[0.818s] Level 1:colcon.colcon_core.shell:create_environment_hook('robot_car_bringup', 'cmake_prefix_path')
[0.818s] INFO:colcon.colcon_core.shell:Creating environment hook '/home/shiva/Documents/AGV_Kalman_Filter_Robot/robo_car/install/robot_car_bringup/share/robot_car_bringup/hook/cmake_prefix_path.ps1'
[0.819s] INFO:colcon.colcon_core.shell:Creating environment descriptor '/home/shiva/Documents/AGV_Kalman_Filter_Robot/robo_car/install/robot_car_bringup/share/robot_car_bringup/hook/cmake_prefix_path.dsv'
[0.820s] INFO:colcon.colcon_core.shell:Creating environment hook '/home/shiva/Documents/AGV_Kalman_Filter_Robot/robo_car/install/robot_car_bringup/share/robot_car_bringup/hook/cmake_prefix_path.sh'
[0.821s] Level 1:colcon.colcon_core.environment:checking '/home/shiva/Documents/AGV_Kalman_Filter_Robot/robo_car/install/robot_car_bringup/bin'
[0.821s] Level 1:colcon.colcon_core.environment:checking '/home/shiva/Documents/AGV_Kalman_Filter_Robot/robo_car/install/robot_car_bringup/lib/pkgconfig/robot_car_bringup.pc'
[0.821s] Level 1:colcon.colcon_core.environment:checking '/home/shiva/Documents/AGV_Kalman_Filter_Robot/robo_car/install/robot_car_bringup/lib/python3.10/site-packages'
[0.822s] Level 1:colcon.colcon_core.environment:checking '/home/shiva/Documents/AGV_Kalman_Filter_Robot/robo_car/install/robot_car_bringup/bin'
[0.822s] INFO:colcon.colcon_core.shell:Creating package script '/home/shiva/Documents/AGV_Kalman_Filter_Robot/robo_car/install/robot_car_bringup/share/robot_car_bringup/package.ps1'
[0.823s] INFO:colcon.colcon_core.shell:Creating package descriptor '/home/shiva/Documents/AGV_Kalman_Filter_Robot/robo_car/install/robot_car_bringup/share/robot_car_bringup/package.dsv'
[0.823s] INFO:colcon.colcon_core.shell:Creating package script '/home/shiva/Documents/AGV_Kalman_Filter_Robot/robo_car/install/robot_car_bringup/share/robot_car_bringup/package.sh'
[0.824s] INFO:colcon.colcon_core.shell:Creating package script '/home/shiva/Documents/AGV_Kalman_Filter_Robot/robo_car/install/robot_car_bringup/share/robot_car_bringup/package.bash'
[0.825s] INFO:colcon.colcon_core.shell:Creating package script '/home/shiva/Documents/AGV_Kalman_Filter_Robot/robo_car/install/robot_car_bringup/share/robot_car_bringup/package.zsh'
[0.825s] Level 1:colcon.colcon_core.environment:create_file_with_runtime_dependencies(/home/shiva/Documents/AGV_Kalman_Filter_Robot/robo_car/install/robot_car_bringup/share/colcon-core/packages/robot_car_bringup)
[0.841s] Level 1:colcon.colcon_core.environment:create_environment_scripts_only(robot_car_description)
[0.841s] Level 1:colcon.colcon_core.environment:checking '/home/shiva/Documents/AGV_Kalman_Filter_Robot/robo_car/install/robot_car_description' for CMake module files
[0.842s] Level 1:colcon.colcon_core.environment:checking '/home/shiva/Documents/AGV_Kalman_Filter_Robot/robo_car/install/robot_car_description' for CMake config files
[0.842s] Level 1:colcon.colcon_core.shell:create_environment_hook('robot_car_description', 'cmake_prefix_path')
[0.843s] INFO:colcon.colcon_core.shell:Creating environment hook '/home/shiva/Documents/AGV_Kalman_Filter_Robot/robo_car/install/robot_car_description/share/robot_car_description/hook/cmake_prefix_path.ps1'
[0.843s] INFO:colcon.colcon_core.shell:Creating environment descriptor '/home/shiva/Documents/AGV_Kalman_Filter_Robot/robo_car/install/robot_car_description/share/robot_car_description/hook/cmake_prefix_path.dsv'
[0.844s] INFO:colcon.colcon_core.shell:Creating environment hook '/home/shiva/Documents/AGV_Kalman_Filter_Robot/robo_car/install/robot_car_description/share/robot_car_description/hook/cmake_prefix_path.sh'
[0.844s] Level 1:colcon.colcon_core.environment:checking '/home/shiva/Documents/AGV_Kalman_Filter_Robot/robo_car/install/robot_car_description/bin'
[0.845s] Level 1:colcon.colcon_core.environment:checking '/home/shiva/Documents/AGV_Kalman_Filter_Robot/robo_car/install/robot_car_description/lib/pkgconfig/robot_car_description.pc'
[0.845s] Level 1:colcon.colcon_core.environment:checking '/home/shiva/Documents/AGV_Kalman_Filter_Robot/robo_car/install/robot_car_description/lib/python3.10/site-packages'
[0.845s] Level 1:colcon.colcon_core.environment:checking '/home/shiva/Documents/AGV_Kalman_Filter_Robot/robo_car/install/robot_car_description/bin'
[0.846s] INFO:colcon.colcon_core.shell:Creating package script '/home/shiva/Documents/AGV_Kalman_Filter_Robot/robo_car/install/robot_car_description/share/robot_car_description/package.ps1'
[0.847s] INFO:colcon.colcon_core.shell:Creating package descriptor '/home/shiva/Documents/AGV_Kalman_Filter_Robot/robo_car/install/robot_car_description/share/robot_car_description/package.dsv'
[0.848s] INFO:colcon.colcon_core.shell:Creating package script '/home/shiva/Documents/AGV_Kalman_Filter_Robot/robo_car/install/robot_car_description/share/robot_car_description/package.sh'
[0.848s] INFO:colcon.colcon_core.shell:Creating package script '/home/shiva/Documents/AGV_Kalman_Filter_Robot/robo_car/install/robot_car_description/share/robot_car_description/package.bash'
[0.849s] INFO:colcon.colcon_core.shell:Creating package script '/home/shiva/Documents/AGV_Kalman_Filter_Robot/robo_car/install/robot_car_description/share/robot_car_description/package.zsh'
[0.849s] Level 1:colcon.colcon_core.environment:create_file_with_runtime_dependencies(/home/shiva/Documents/AGV_Kalman_Filter_Robot/robo_car/install/robot_car_description/share/colcon-core/packages/robot_car_description)
[0.851s] Level 1:colcon.colcon_core.environment:create_environment_scripts_only(robot_car_bringup)
[0.851s] Level 1:colcon.colcon_core.environment:checking '/home/shiva/Documents/AGV_Kalman_Filter_Robot/robo_car/install/robot_car_bringup' for CMake module files
[0.851s] Level 1:colcon.colcon_core.environment:checking '/home/shiva/Documents/AGV_Kalman_Filter_Robot/robo_car/install/robot_car_bringup' for CMake config files
[0.852s] Level 1:colcon.colcon_core.shell:create_environment_hook('robot_car_bringup', 'cmake_prefix_path')
[0.852s] INFO:colcon.colcon_core.shell:Creating environment hook '/home/shiva/Documents/AGV_Kalman_Filter_Robot/robo_car/install/robot_car_bringup/share/robot_car_bringup/hook/cmake_prefix_path.ps1'
[0.852s] INFO:colcon.colcon_core.shell:Creating environment descriptor '/home/shiva/Documents/AGV_Kalman_Filter_Robot/robo_car/install/robot_car_bringup/share/robot_car_bringup/hook/cmake_prefix_path.dsv'
[0.853s] INFO:colcon.colcon_core.shell:Creating environment hook '/home/shiva/Documents/AGV_Kalman_Filter_Robot/robo_car/install/robot_car_bringup/share/robot_car_bringup/hook/cmake_prefix_path.sh'
[0.853s] Level 1:colcon.colcon_core.environment:checking '/home/shiva/Documents/AGV_Kalman_Filter_Robot/robo_car/install/robot_car_bringup/bin'
[0.854s] Level 1:colcon.colcon_core.environment:checking '/home/shiva/Documents/AGV_Kalman_Filter_Robot/robo_car/install/robot_car_bringup/lib/pkgconfig/robot_car_bringup.pc'
[0.854s] Level 1:colcon.colcon_core.environment:checking '/home/shiva/Documents/AGV_Kalman_Filter_Robot/robo_car/install/robot_car_bringup/lib/python3.10/site-packages'
[0.854s] Level 1:colcon.colcon_core.environment:checking '/home/shiva/Documents/AGV_Kalman_Filter_Robot/robo_car/install/robot_car_bringup/bin'
[0.854s] INFO:colcon.colcon_core.shell:Creating package script '/home/shiva/Documents/AGV_Kalman_Filter_Robot/robo_car/install/robot_car_bringup/share/robot_car_bringup/package.ps1'
[0.855s] INFO:colcon.colcon_core.shell:Creating package descriptor '/home/shiva/Documents/AGV_Kalman_Filter_Robot/robo_car/install/robot_car_bringup/share/robot_car_bringup/package.dsv'
[0.856s] INFO:colcon.colcon_core.shell:Creating package script '/home/shiva/Documents/AGV_Kalman_Filter_Robot/robo_car/install/robot_car_bringup/share/robot_car_bringup/package.sh'
[0.856s] INFO:colcon.colcon_core.shell:Creating package script '/home/shiva/Documents/AGV_Kalman_Filter_Robot/robo_car/install/robot_car_bringup/share/robot_car_bringup/package.bash'
[0.856s] INFO:colcon.colcon_core.shell:Creating package script '/home/shiva/Documents/AGV_Kalman_Filter_Robot/robo_car/install/robot_car_bringup/share/robot_car_bringup/package.zsh'
[0.857s] Level 1:colcon.colcon_core.environment:create_file_with_runtime_dependencies(/home/shiva/Documents/AGV_Kalman_Filter_Robot/robo_car/install/robot_car_bringup/share/colcon-core/packages/robot_car_bringup)
[1.221s] DEBUG:colcon.colcon_core.event_handler.log_command:Invoked command in '/home/shiva/Documents/AGV_Kalman_Filter_Robot/robo_car/build/robot_car_localization' returned '0': CMAKE_PREFIX_PATH=${CMAKE_PREFIX_PATH}:/home/shiva/Documents/wrk_spc/install/my_pkg:/opt/ros/humble /usr/bin/cmake --build /home/shiva/Documents/AGV_Kalman_Filter_Robot/robo_car/build/robot_car_localization -- -j8 -l8
[1.240s] DEBUG:colcon.colcon_core.event_handler.log_command:Invoked command in '/home/shiva/Documents/AGV_Kalman_Filter_Robot/robo_car/build/robot_car_controller' returned '0': CMAKE_PREFIX_PATH=${CMAKE_PREFIX_PATH}:/home/shiva/Documents/wrk_spc/install/my_pkg:/opt/ros/humble /usr/bin/cmake --build /home/shiva/Documents/AGV_Kalman_Filter_Robot/robo_car/build/robot_car_controller -- -j8 -l8
[1.245s] DEBUG:colcon.colcon_core.event_handler.log_command:Invoking command in '/home/shiva/Documents/AGV_Kalman_Filter_Robot/robo_car/build/robot_car_localization': CMAKE_PREFIX_PATH=${CMAKE_PREFIX_PATH}:/home/shiva/Documents/wrk_spc/install/my_pkg:/opt/ros/humble /usr/bin/cmake --install /home/shiva/Documents/AGV_Kalman_Filter_Robot/robo_car/build/robot_car_localization
[1.266s] DEBUG:colcon.colcon_core.event_handler.log_command:Invoking command in '/home/shiva/Documents/AGV_Kalman_Filter_Robot/robo_car/build/robot_car_controller': CMAKE_PREFIX_PATH=${CMAKE_PREFIX_PATH}:/home/shiva/Documents/wrk_spc/install/my_pkg:/opt/ros/humble /usr/bin/cmake --install /home/shiva/Documents/AGV_Kalman_Filter_Robot/robo_car/build/robot_car_controller
[1.360s] Level 1:colcon.colcon_core.environment:create_environment_scripts_only(robot_car_localization)
[1.360s] Level 1:colcon.colcon_core.environment:checking '/home/shiva/Documents/AGV_Kalman_Filter_Robot/robo_car/install/robot_car_localization' for CMake module files
[1.361s] DEBUG:colcon.colcon_core.event_handler.log_command:Invoked command in '/home/shiva/Documents/AGV_Kalman_Filter_Robot/robo_car/build/robot_car_localization' returned '0': CMAKE_PREFIX_PATH=${CMAKE_PREFIX_PATH}:/home/shiva/Documents/wrk_spc/install/my_pkg:/opt/ros/humble /usr/bin/cmake --install /home/shiva/Documents/AGV_Kalman_Filter_Robot/robo_car/build/robot_car_localization
[1.362s] Level 1:colcon.colcon_core.environment:checking '/home/shiva/Documents/AGV_Kalman_Filter_Robot/robo_car/install/robot_car_localization' for CMake config files
[1.362s] Level 1:colcon.colcon_core.shell:create_environment_hook('robot_car_localization', 'cmake_prefix_path')
[1.363s] INFO:colcon.colcon_core.shell:Creating environment hook '/home/shiva/Documents/AGV_Kalman_Filter_Robot/robo_car/install/robot_car_localization/share/robot_car_localization/hook/cmake_prefix_path.ps1'
[1.363s] INFO:colcon.colcon_core.shell:Creating environment descriptor '/home/shiva/Documents/AGV_Kalman_Filter_Robot/robo_car/install/robot_car_localization/share/robot_car_localization/hook/cmake_prefix_path.dsv'
[1.364s] INFO:colcon.colcon_core.shell:Creating environment hook '/home/shiva/Documents/AGV_Kalman_Filter_Robot/robo_car/install/robot_car_localization/share/robot_car_localization/hook/cmake_prefix_path.sh'
[1.365s] Level 1:colcon.colcon_core.environment:checking '/home/shiva/Documents/AGV_Kalman_Filter_Robot/robo_car/install/robot_car_localization/lib'
[1.365s] Level 1:colcon.colcon_core.environment:checking '/home/shiva/Documents/AGV_Kalman_Filter_Robot/robo_car/install/robot_car_localization/bin'
[1.365s] Level 1:colcon.colcon_core.environment:checking '/home/shiva/Documents/AGV_Kalman_Filter_Robot/robo_car/install/robot_car_localization/lib/pkgconfig/robot_car_localization.pc'
[1.365s] Level 1:colcon.colcon_core.environment:checking '/home/shiva/Documents/AGV_Kalman_Filter_Robot/robo_car/install/robot_car_localization/lib/python3.10/site-packages'
[1.365s] Level 1:colcon.colcon_core.shell:create_environment_hook('robot_car_localization', 'pythonpath')
[1.366s] INFO:colcon.colcon_core.shell:Creating environment hook '/home/shiva/Documents/AGV_Kalman_Filter_Robot/robo_car/install/robot_car_localization/share/robot_car_localization/hook/pythonpath.ps1'
[1.366s] INFO:colcon.colcon_core.shell:Creating environment descriptor '/home/shiva/Documents/AGV_Kalman_Filter_Robot/robo_car/install/robot_car_localization/share/robot_car_localization/hook/pythonpath.dsv'
[1.367s] INFO:colcon.colcon_core.shell:Creating environment hook '/home/shiva/Documents/AGV_Kalman_Filter_Robot/robo_car/install/robot_car_localization/share/robot_car_localization/hook/pythonpath.sh'
[1.368s] Level 1:colcon.colcon_core.environment:checking '/home/shiva/Documents/AGV_Kalman_Filter_Robot/robo_car/install/robot_car_localization/bin'
[1.368s] INFO:colcon.colcon_core.shell:Creating package script '/home/shiva/Documents/AGV_Kalman_Filter_Robot/robo_car/install/robot_car_localization/share/robot_car_localization/package.ps1'
[1.369s] INFO:colcon.colcon_core.shell:Creating package descriptor '/home/shiva/Documents/AGV_Kalman_Filter_Robot/robo_car/install/robot_car_localization/share/robot_car_localization/package.dsv'
[1.370s] INFO:colcon.colcon_core.shell:Creating package script '/home/shiva/Documents/AGV_Kalman_Filter_Robot/robo_car/install/robot_car_localization/share/robot_car_localization/package.sh'
[1.370s] INFO:colcon.colcon_core.shell:Creating package script '/home/shiva/Documents/AGV_Kalman_Filter_Robot/robo_car/install/robot_car_localization/share/robot_car_localization/package.bash'
[1.370s] INFO:colcon.colcon_core.shell:Creating package script '/home/shiva/Documents/AGV_Kalman_Filter_Robot/robo_car/install/robot_car_localization/share/robot_car_localization/package.zsh'
[1.371s] Level 1:colcon.colcon_core.environment:create_file_with_runtime_dependencies(/home/shiva/Documents/AGV_Kalman_Filter_Robot/robo_car/install/robot_car_localization/share/colcon-core/packages/robot_car_localization)
[1.378s] Level 1:colcon.colcon_core.environment:create_environment_scripts_only(robot_car_controller)
[1.378s] Level 1:colcon.colcon_core.environment:checking '/home/shiva/Documents/AGV_Kalman_Filter_Robot/robo_car/install/robot_car_controller' for CMake module files
[1.379s] DEBUG:colcon.colcon_core.event_handler.log_command:Invoked command in '/home/shiva/Documents/AGV_Kalman_Filter_Robot/robo_car/build/robot_car_controller' returned '0': CMAKE_PREFIX_PATH=${CMAKE_PREFIX_PATH}:/home/shiva/Documents/wrk_spc/install/my_pkg:/opt/ros/humble /usr/bin/cmake --install /home/shiva/Documents/AGV_Kalman_Filter_Robot/robo_car/build/robot_car_controller
[1.380s] Level 1:colcon.colcon_core.environment:checking '/home/shiva/Documents/AGV_Kalman_Filter_Robot/robo_car/install/robot_car_controller' for CMake config files
[1.380s] Level 1:colcon.colcon_core.shell:create_environment_hook('robot_car_controller', 'cmake_prefix_path')
[1.381s] INFO:colcon.colcon_core.shell:Creating environment hook '/home/shiva/Documents/AGV_Kalman_Filter_Robot/robo_car/install/robot_car_controller/share/robot_car_controller/hook/cmake_prefix_path.ps1'
[1.381s] INFO:colcon.colcon_core.shell:Creating environment descriptor '/home/shiva/Documents/AGV_Kalman_Filter_Robot/robo_car/install/robot_car_controller/share/robot_car_controller/hook/cmake_prefix_path.dsv'
[1.382s] INFO:colcon.colcon_core.shell:Creating environment hook '/home/shiva/Documents/AGV_Kalman_Filter_Robot/robo_car/install/robot_car_controller/share/robot_car_controller/hook/cmake_prefix_path.sh'
[1.383s] Level 1:colcon.colcon_core.environment:checking '/home/shiva/Documents/AGV_Kalman_Filter_Robot/robo_car/install/robot_car_controller/lib'
[1.383s] Level 1:colcon.colcon_core.environment:checking '/home/shiva/Documents/AGV_Kalman_Filter_Robot/robo_car/install/robot_car_controller/bin'
[1.383s] Level 1:colcon.colcon_core.environment:checking '/home/shiva/Documents/AGV_Kalman_Filter_Robot/robo_car/install/robot_car_controller/lib/pkgconfig/robot_car_controller.pc'
[1.383s] Level 1:colcon.colcon_core.environment:checking '/home/shiva/Documents/AGV_Kalman_Filter_Robot/robo_car/install/robot_car_controller/lib/python3.10/site-packages'
[1.383s] Level 1:colcon.colcon_core.shell:create_environment_hook('robot_car_controller', 'pythonpath')
[1.384s] INFO:colcon.colcon_core.shell:Creating environment hook '/home/shiva/Documents/AGV_Kalman_Filter_Robot/robo_car/install/robot_car_controller/share/robot_car_controller/hook/pythonpath.ps1'
[1.384s] INFO:colcon.colcon_core.shell:Creating environment descriptor '/home/shiva/Documents/AGV_Kalman_Filter_Robot/robo_car/install/robot_car_controller/share/robot_car_controller/hook/pythonpath.dsv'
[1.385s] INFO:colcon.colcon_core.shell:Creating environment hook '/home/shiva/Documents/AGV_Kalman_Filter_Robot/robo_car/install/robot_car_controller/share/robot_car_controller/hook/pythonpath.sh'
[1.386s] Level 1:colcon.colcon_core.environment:checking '/home/shiva/Documents/AGV_Kalman_Filter_Robot/robo_car/install/robot_car_controller/bin'
[1.386s] INFO:colcon.colcon_core.shell:Creating package script '/home/shiva/Documents/AGV_Kalman_Filter_Robot/robo_car/install/robot_car_controller/share/robot_car_controller/package.ps1'
[1.388s] INFO:colcon.colcon_core.shell:Creating package descriptor '/home/shiva/Documents/AGV_Kalman_Filter_Robot/robo_car/install/robot_car_controller/share/robot_car_controller/package.dsv'
[1.388s] INFO:colcon.colcon_core.shell:Creating package script '/home/shiva/Documents/AGV_Kalman_Filter_Robot/robo_car/install/robot_car_controller/share/robot_car_controller/package.sh'
[1.389s] INFO:colcon.colcon_core.shell:Creating package script '/home/shiva/Documents/AGV_Kalman_Filter_Robot/robo_car/install/robot_car_controller/share/robot_car_controller/package.bash'
[1.389s] INFO:colcon.colcon_core.shell:Creating package script '/home/shiva/Documents/AGV_Kalman_Filter_Robot/robo_car/install/robot_car_controller/share/robot_car_controller/package.zsh'
[1.390s] Level 1:colcon.colcon_core.environment:create_file_with_runtime_dependencies(/home/shiva/Documents/AGV_Kalman_Filter_Robot/robo_car/install/robot_car_controller/share/colcon-core/packages/robot_car_controller)
[1.397s] Level 1:colcon.colcon_core.environment:create_environment_scripts_only(robot_car_localization)
[1.397s] Level 1:colcon.colcon_core.environment:checking '/home/shiva/Documents/AGV_Kalman_Filter_Robot/robo_car/install/robot_car_localization' for CMake module files
[1.398s] Level 1:colcon.colcon_core.environment:checking '/home/shiva/Documents/AGV_Kalman_Filter_Robot/robo_car/install/robot_car_localization' for CMake config files
[1.398s] Level 1:colcon.colcon_core.shell:create_environment_hook('robot_car_localization', 'cmake_prefix_path')
[1.398s] INFO:colcon.colcon_core.shell:Creating environment hook '/home/shiva/Documents/AGV_Kalman_Filter_Robot/robo_car/install/robot_car_localization/share/robot_car_localization/hook/cmake_prefix_path.ps1'
[1.399s] INFO:colcon.colcon_core.shell:Creating environment descriptor '/home/shiva/Documents/AGV_Kalman_Filter_Robot/robo_car/install/robot_car_localization/share/robot_car_localization/hook/cmake_prefix_path.dsv'
[1.399s] INFO:colcon.colcon_core.shell:Creating environment hook '/home/shiva/Documents/AGV_Kalman_Filter_Robot/robo_car/install/robot_car_localization/share/robot_car_localization/hook/cmake_prefix_path.sh'
[1.400s] Level 1:colcon.colcon_core.environment:checking '/home/shiva/Documents/AGV_Kalman_Filter_Robot/robo_car/install/robot_car_localization/lib'
[1.400s] Level 1:colcon.colcon_core.environment:checking '/home/shiva/Documents/AGV_Kalman_Filter_Robot/robo_car/install/robot_car_localization/bin'
[1.400s] Level 1:colcon.colcon_core.environment:checking '/home/shiva/Documents/AGV_Kalman_Filter_Robot/robo_car/install/robot_car_localization/lib/pkgconfig/robot_car_localization.pc'
[1.400s] Level 1:colcon.colcon_core.environment:checking '/home/shiva/Documents/AGV_Kalman_Filter_Robot/robo_car/install/robot_car_localization/lib/python3.10/site-packages'
[1.400s] Level 1:colcon.colcon_core.shell:create_environment_hook('robot_car_localization', 'pythonpath')
[1.401s] INFO:colcon.colcon_core.shell:Creating environment hook '/home/shiva/Documents/AGV_Kalman_Filter_Robot/robo_car/install/robot_car_localization/share/robot_car_localization/hook/pythonpath.ps1'
[1.401s] INFO:colcon.colcon_core.shell:Creating environment descriptor '/home/shiva/Documents/AGV_Kalman_Filter_Robot/robo_car/install/robot_car_localization/share/robot_car_localization/hook/pythonpath.dsv'
[1.401s] INFO:colcon.colcon_core.shell:Creating environment hook '/home/shiva/Documents/AGV_Kalman_Filter_Robot/robo_car/install/robot_car_localization/share/robot_car_localization/hook/pythonpath.sh'
[1.402s] Level 1:colcon.colcon_core.environment:checking '/home/shiva/Documents/AGV_Kalman_Filter_Robot/robo_car/install/robot_car_localization/bin'
[1.402s] INFO:colcon.colcon_core.shell:Creating package script '/home/shiva/Documents/AGV_Kalman_Filter_Robot/robo_car/install/robot_car_localization/share/robot_car_localization/package.ps1'
[1.403s] INFO:colcon.colcon_core.shell:Creating package descriptor '/home/shiva/Documents/AGV_Kalman_Filter_Robot/robo_car/install/robot_car_localization/share/robot_car_localization/package.dsv'
[1.404s] INFO:colcon.colcon_core.shell:Creating package script '/home/shiva/Documents/AGV_Kalman_Filter_Robot/robo_car/install/robot_car_localization/share/robot_car_localization/package.sh'
[1.404s] INFO:colcon.colcon_core.shell:Creating package script '/home/shiva/Documents/AGV_Kalman_Filter_Robot/robo_car/install/robot_car_localization/share/robot_car_localization/package.bash'
[1.405s] INFO:colcon.colcon_core.shell:Creating package script '/home/shiva/Documents/AGV_Kalman_Filter_Robot/robo_car/install/robot_car_localization/share/robot_car_localization/package.zsh'
[1.405s] Level 1:colcon.colcon_core.environment:create_file_with_runtime_dependencies(/home/shiva/Documents/AGV_Kalman_Filter_Robot/robo_car/install/robot_car_localization/share/colcon-core/packages/robot_car_localization)
[1.413s] Level 1:colcon.colcon_core.environment:create_environment_scripts_only(robot_car_controller)
[1.414s] Level 1:colcon.colcon_core.environment:checking '/home/shiva/Documents/AGV_Kalman_Filter_Robot/robo_car/install/robot_car_controller' for CMake module files
[1.414s] Level 1:colcon.colcon_core.environment:checking '/home/shiva/Documents/AGV_Kalman_Filter_Robot/robo_car/install/robot_car_controller' for CMake config files
[1.415s] Level 1:colcon.colcon_core.shell:create_environment_hook('robot_car_controller', 'cmake_prefix_path')
[1.415s] INFO:colcon.colcon_core.shell:Creating environment hook '/home/shiva/Documents/AGV_Kalman_Filter_Robot/robo_car/install/robot_car_controller/share/robot_car_controller/hook/cmake_prefix_path.ps1'
[1.415s] INFO:colcon.colcon_core.shell:Creating environment descriptor '/home/shiva/Documents/AGV_Kalman_Filter_Robot/robo_car/install/robot_car_controller/share/robot_car_controller/hook/cmake_prefix_path.dsv'
[1.416s] INFO:colcon.colcon_core.shell:Creating environment hook '/home/shiva/Documents/AGV_Kalman_Filter_Robot/robo_car/install/robot_car_controller/share/robot_car_controller/hook/cmake_prefix_path.sh'
[1.416s] Level 1:colcon.colcon_core.environment:checking '/home/shiva/Documents/AGV_Kalman_Filter_Robot/robo_car/install/robot_car_controller/lib'
[1.416s] Level 1:colcon.colcon_core.environment:checking '/home/shiva/Documents/AGV_Kalman_Filter_Robot/robo_car/install/robot_car_controller/bin'
[1.417s] Level 1:colcon.colcon_core.environment:checking '/home/shiva/Documents/AGV_Kalman_Filter_Robot/robo_car/install/robot_car_controller/lib/pkgconfig/robot_car_controller.pc'
[1.417s] Level 1:colcon.colcon_core.environment:checking '/home/shiva/Documents/AGV_Kalman_Filter_Robot/robo_car/install/robot_car_controller/lib/python3.10/site-packages'
[1.417s] Level 1:colcon.colcon_core.shell:create_environment_hook('robot_car_controller', 'pythonpath')
[1.417s] INFO:colcon.colcon_core.shell:Creating environment hook '/home/shiva/Documents/AGV_Kalman_Filter_Robot/robo_car/install/robot_car_controller/share/robot_car_controller/hook/pythonpath.ps1'
[1.418s] INFO:colcon.colcon_core.shell:Creating environment descriptor '/home/shiva/Documents/AGV_Kalman_Filter_Robot/robo_car/install/robot_car_controller/share/robot_car_controller/hook/pythonpath.dsv'
[1.418s] INFO:colcon.colcon_core.shell:Creating environment hook '/home/shiva/Documents/AGV_Kalman_Filter_Robot/robo_car/install/robot_car_controller/share/robot_car_controller/hook/pythonpath.sh'
[1.419s] Level 1:colcon.colcon_core.environment:checking '/home/shiva/Documents/AGV_Kalman_Filter_Robot/robo_car/install/robot_car_controller/bin'
[1.419s] INFO:colcon.colcon_core.shell:Creating package script '/home/shiva/Documents/AGV_Kalman_Filter_Robot/robo_car/install/robot_car_controller/share/robot_car_controller/package.ps1'
[1.420s] INFO:colcon.colcon_core.shell:Creating package descriptor '/home/shiva/Documents/AGV_Kalman_Filter_Robot/robo_car/install/robot_car_controller/share/robot_car_controller/package.dsv'
[1.420s] INFO:colcon.colcon_core.shell:Creating package script '/home/shiva/Documents/AGV_Kalman_Filter_Robot/robo_car/install/robot_car_controller/share/robot_car_controller/package.sh'
[1.421s] INFO:colcon.colcon_core.shell:Creating package script '/home/shiva/Documents/AGV_Kalman_Filter_Robot/robo_car/install/robot_car_controller/share/robot_car_controller/package.bash'
[1.421s] INFO:colcon.colcon_core.shell:Creating package script '/home/shiva/Documents/AGV_Kalman_Filter_Robot/robo_car/install/robot_car_controller/share/robot_car_controller/package.zsh'
[1.422s] Level 1:colcon.colcon_core.environment:create_file_with_runtime_dependencies(/home/shiva/Documents/AGV_Kalman_Filter_Robot/robo_car/install/robot_car_controller/share/colcon-core/packages/robot_car_controller)
[1.422s] DEBUG:colcon.colcon_parallel_executor.executor.parallel:closing loop
[1.423s] DEBUG:colcon.colcon_parallel_executor.executor.parallel:loop closed
[1.423s] DEBUG:colcon.colcon_parallel_executor.executor.parallel:run_until_complete finished with '0'
[1.423s] DEBUG:colcon.colcon_core.event_reactor:joining thread
[1.429s] INFO:colcon.colcon_core.plugin_system:Skipping extension 'colcon_notification.desktop_notification.terminal_notifier': Not used on non-Darwin systems
[1.430s] INFO:colcon.colcon_core.plugin_system:Skipping extension 'colcon_notification.desktop_notification.win32': Not used on non-Windows systems
[1.430s] INFO:colcon.colcon_notification.desktop_notification:Sending desktop notification using 'notify2'
[1.455s] DEBUG:colcon.colcon_core.event_reactor:joined thread
[1.455s] INFO:colcon.colcon_core.shell:Creating prefix script '/home/shiva/Documents/AGV_Kalman_Filter_Robot/robo_car/install/local_setup.ps1'
[1.456s] INFO:colcon.colcon_core.shell:Creating prefix util module '/home/shiva/Documents/AGV_Kalman_Filter_Robot/robo_car/install/_local_setup_util_ps1.py'
[1.458s] INFO:colcon.colcon_core.shell:Creating prefix chain script '/home/shiva/Documents/AGV_Kalman_Filter_Robot/robo_car/install/setup.ps1'
[1.459s] INFO:colcon.colcon_core.shell:Creating prefix script '/home/shiva/Documents/AGV_Kalman_Filter_Robot/robo_car/install/local_setup.sh'
[1.460s] INFO:colcon.colcon_core.shell:Creating prefix util module '/home/shiva/Documents/AGV_Kalman_Filter_Robot/robo_car/install/_local_setup_util_sh.py'
[1.461s] INFO:colcon.colcon_core.shell:Creating prefix chain script '/home/shiva/Documents/AGV_Kalman_Filter_Robot/robo_car/install/setup.sh'
[1.462s] INFO:colcon.colcon_core.shell:Creating prefix script '/home/shiva/Documents/AGV_Kalman_Filter_Robot/robo_car/install/local_setup.bash'
[1.463s] INFO:colcon.colcon_core.shell:Creating prefix chain script '/home/shiva/Documents/AGV_Kalman_Filter_Robot/robo_car/install/setup.bash'
[1.465s] INFO:colcon.colcon_core.shell:Creating prefix script '/home/shiva/Documents/AGV_Kalman_Filter_Robot/robo_car/install/local_setup.zsh'
[1.465s] INFO:colcon.colcon_core.shell:Creating prefix chain script '/home/shiva/Documents/AGV_Kalman_Filter_Robot/robo_car/install/setup.zsh'
