[0.019s] Invoking command in '/home/shiva/Documents/AGV_Kalman_Filter_Robot/robo_car/build/robot_car_controller': CMAKE_PREFIX_PATH=${CMAKE_PREFIX_PATH}:/home/shiva/Documents/wrk_spc/install/my_pkg:/opt/ros/humble /usr/bin/cmake --build /home/shiva/Documents/AGV_Kalman_Filter_Robot/robo_car/build/robot_car_controller -- -j8 -l8
[0.076s] Built target ament_cmake_python_copy_robot_car_controller
[0.378s] running egg_info
[0.395s] writing robot_car_controller.egg-info/PKG-INFO
[0.395s] writing dependency_links to robot_car_controller.egg-info/dependency_links.txt
[0.396s] writing top-level names to robot_car_controller.egg-info/top_level.txt
[0.442s] reading manifest file 'robot_car_controller.egg-info/SOURCES.txt'
[0.443s] writing manifest file 'robot_car_controller.egg-info/SOURCES.txt'
[0.471s] Built target ament_cmake_python_build_robot_car_controller_egg
[0.482s] Invoked command in '/home/shiva/Documents/AGV_Kalman_Filter_Robot/robo_car/build/robot_car_controller' returned '0': CMAKE_PREFIX_PATH=${CMAKE_PREFIX_PATH}:/home/shiva/Documents/wrk_spc/install/my_pkg:/opt/ros/humble /usr/bin/cmake --build /home/shiva/Documents/AGV_Kalman_Filter_Robot/robo_car/build/robot_car_controller -- -j8 -l8
[0.503s] Invoking command in '/home/shiva/Documents/AGV_Kalman_Filter_Robot/robo_car/build/robot_car_controller': CMAKE_PREFIX_PATH=${CMAKE_PREFIX_PATH}:/home/shiva/Documents/wrk_spc/install/my_pkg:/opt/ros/humble /usr/bin/cmake --install /home/shiva/Documents/AGV_Kalman_Filter_Robot/robo_car/build/robot_car_controller
[0.510s] -- Install configuration: ""
[0.511s] -- Up-to-date: /home/shiva/Documents/AGV_Kalman_Filter_Robot/robo_car/install/robot_car_controller/share/robot_car_controller/environment/pythonpath.sh
[0.511s] -- Up-to-date: /home/shiva/Documents/AGV_Kalman_Filter_Robot/robo_car/install/robot_car_controller/share/robot_car_controller/environment/pythonpath.dsv
[0.511s] -- Up-to-date: /home/shiva/Documents/AGV_Kalman_Filter_Robot/robo_car/install/robot_car_controller/lib/python3.10/site-packages/robot_car_controller-0.0.0-py3.10.egg-info
[0.511s] -- Installing: /home/shiva/Documents/AGV_Kalman_Filter_Robot/robo_car/install/robot_car_controller/lib/python3.10/site-packages/robot_car_controller-0.0.0-py3.10.egg-info/PKG-INFO
[0.511s] -- Installing: /home/shiva/Documents/AGV_Kalman_Filter_Robot/robo_car/install/robot_car_controller/lib/python3.10/site-packages/robot_car_controller-0.0.0-py3.10.egg-info/top_level.txt
[0.511s] -- Installing: /home/shiva/Documents/AGV_Kalman_Filter_Robot/robo_car/install/robot_car_controller/lib/python3.10/site-packages/robot_car_controller-0.0.0-py3.10.egg-info/SOURCES.txt
[0.511s] -- Installing: /home/shiva/Documents/AGV_Kalman_Filter_Robot/robo_car/install/robot_car_controller/lib/python3.10/site-packages/robot_car_controller-0.0.0-py3.10.egg-info/dependency_links.txt
[0.511s] -- Up-to-date: /home/shiva/Documents/AGV_Kalman_Filter_Robot/robo_car/install/robot_car_controller/lib/python3.10/site-packages/robot_car_controller
[0.512s] -- Up-to-date: /home/shiva/Documents/AGV_Kalman_Filter_Robot/robo_car/install/robot_car_controller/lib/python3.10/site-packages/robot_car_controller/noisy_controller.py
[0.512s] -- Up-to-date: /home/shiva/Documents/AGV_Kalman_Filter_Robot/robo_car/install/robot_car_controller/lib/python3.10/site-packages/robot_car_controller/__init__.py
[0.512s] -- Up-to-date: /home/shiva/Documents/AGV_Kalman_Filter_Robot/robo_car/install/robot_car_controller/lib/python3.10/site-packages/robot_car_controller/robot_car_controller.py
[0.592s] Listing '/home/shiva/Documents/AGV_Kalman_Filter_Robot/robo_car/install/robot_car_controller/lib/python3.10/site-packages/robot_car_controller'...
[0.596s] -- Up-to-date: /home/shiva/Documents/AGV_Kalman_Filter_Robot/robo_car/install/robot_car_controller/share/robot_car_controller/launch
[0.596s] -- Up-to-date: /home/shiva/Documents/AGV_Kalman_Filter_Robot/robo_car/install/robot_car_controller/share/robot_car_controller/launch/robot_car_controller.launch.py
[0.597s] -- Up-to-date: /home/shiva/Documents/AGV_Kalman_Filter_Robot/robo_car/install/robot_car_controller/share/robot_car_controller/launch/joystick_teleop.launch.py
[0.597s] -- Up-to-date: /home/shiva/Documents/AGV_Kalman_Filter_Robot/robo_car/install/robot_car_controller/share/robot_car_controller/config
[0.597s] -- Up-to-date: /home/shiva/Documents/AGV_Kalman_Filter_Robot/robo_car/install/robot_car_controller/share/robot_car_controller/config/joy_config.yaml
[0.597s] -- Up-to-date: /home/shiva/Documents/AGV_Kalman_Filter_Robot/robo_car/install/robot_car_controller/share/robot_car_controller/config/robot_car_controllers.yaml
[0.597s] -- Up-to-date: /home/shiva/Documents/AGV_Kalman_Filter_Robot/robo_car/install/robot_car_controller/share/robot_car_controller/config/joy_teleop.yaml
[0.597s] -- Up-to-date: /home/shiva/Documents/AGV_Kalman_Filter_Robot/robo_car/install/robot_car_controller/lib/robot_car_controller/robot_car_controller.py
[0.598s] -- Up-to-date: /home/shiva/Documents/AGV_Kalman_Filter_Robot/robo_car/install/robot_car_controller/lib/robot_car_controller/noisy_controller.py
[0.598s] -- Up-to-date: /home/shiva/Documents/AGV_Kalman_Filter_Robot/robo_car/install/robot_car_controller/share/ament_index/resource_index/package_run_dependencies/robot_car_controller
[0.598s] -- Up-to-date: /home/shiva/Documents/AGV_Kalman_Filter_Robot/robo_car/install/robot_car_controller/share/ament_index/resource_index/parent_prefix_path/robot_car_controller
[0.598s] -- Up-to-date: /home/shiva/Documents/AGV_Kalman_Filter_Robot/robo_car/install/robot_car_controller/share/robot_car_controller/environment/ament_prefix_path.sh
[0.598s] -- Up-to-date: /home/shiva/Documents/AGV_Kalman_Filter_Robot/robo_car/install/robot_car_controller/share/robot_car_controller/environment/ament_prefix_path.dsv
[0.598s] -- Up-to-date: /home/shiva/Documents/AGV_Kalman_Filter_Robot/robo_car/install/robot_car_controller/share/robot_car_controller/environment/path.sh
[0.598s] -- Up-to-date: /home/shiva/Documents/AGV_Kalman_Filter_Robot/robo_car/install/robot_car_controller/share/robot_car_controller/environment/path.dsv
[0.598s] -- Up-to-date: /home/shiva/Documents/AGV_Kalman_Filter_Robot/robo_car/install/robot_car_controller/share/robot_car_controller/local_setup.bash
[0.599s] -- Up-to-date: /home/shiva/Documents/AGV_Kalman_Filter_Robot/robo_car/install/robot_car_controller/share/robot_car_controller/local_setup.sh
[0.599s] -- Up-to-date: /home/shiva/Documents/AGV_Kalman_Filter_Robot/robo_car/install/robot_car_controller/share/robot_car_controller/local_setup.zsh
[0.599s] -- Up-to-date: /home/shiva/Documents/AGV_Kalman_Filter_Robot/robo_car/install/robot_car_controller/share/robot_car_controller/local_setup.dsv
[0.599s] -- Installing: /home/shiva/Documents/AGV_Kalman_Filter_Robot/robo_car/install/robot_car_controller/share/robot_car_controller/package.dsv
[0.599s] -- Up-to-date: /home/shiva/Documents/AGV_Kalman_Filter_Robot/robo_car/install/robot_car_controller/share/ament_index/resource_index/packages/robot_car_controller
[0.599s] -- Up-to-date: /home/shiva/Documents/AGV_Kalman_Filter_Robot/robo_car/install/robot_car_controller/share/robot_car_controller/cmake/robot_car_controllerConfig.cmake
[0.599s] -- Up-to-date: /home/shiva/Documents/AGV_Kalman_Filter_Robot/robo_car/install/robot_car_controller/share/robot_car_controller/cmake/robot_car_controllerConfig-version.cmake
[0.600s] -- Up-to-date: /home/shiva/Documents/AGV_Kalman_Filter_Robot/robo_car/install/robot_car_controller/share/robot_car_controller/package.xml
[0.602s] Invoked command in '/home/shiva/Documents/AGV_Kalman_Filter_Robot/robo_car/build/robot_car_controller' returned '0': CMAKE_PREFIX_PATH=${CMAKE_PREFIX_PATH}:/home/shiva/Documents/wrk_spc/install/my_pkg:/opt/ros/humble /usr/bin/cmake --install /home/shiva/Documents/AGV_Kalman_Filter_Robot/robo_car/build/robot_car_controller
