[0.095s] DEBUG:colcon:Command line arguments: ['/usr/bin/colcon', 'build']
[0.095s] DEBUG:colcon:Parsed command line arguments: Namespace(log_base=None, log_level=None, verb_name='build', build_base='build', install_base='install', merge_install=False, symlink_install=False, test_result_base=None, continue_on_error=False, executor='parallel', parallel_workers=8, event_handlers=None, ignore_user_meta=False, metas=['./colcon.meta'], base_paths=['.'], packages_ignore=None, packages_ignore_regex=None, paths=None, packages_up_to=None, packages_up_to_regex=None, packages_above=None, packages_above_and_dependencies=None, packages_above_depth=None, packages_select_by_dep=None, packages_skip_by_dep=None, packages_skip_up_to=None, packages_select_build_failed=False, packages_skip_build_finished=False, packages_select_test_failures=False, packages_skip_test_passed=False, packages_select=None, packages_skip=None, packages_select_regex=None, packages_skip_regex=None, packages_start=None, packages_end=None, allow_overriding=[], cmake_args=None, cmake_target=None, cmake_target_skip_unavailable=False, cmake_clean_cache=False, cmake_clean_first=False, cmake_force_configure=False, ament_cmake_args=None, catkin_cmake_args=None, catkin_skip_building_tests=False, mixin_files=None, mixin=None, verb_parser=<colcon_mixin.mixin.mixin_argument.MixinArgumentDecorator object at 0x7e7f5b136170>, verb_extension=<colcon_core.verb.build.BuildVerb object at 0x7e7f5b135ae0>, main=<bound method BuildVerb.main of <colcon_core.verb.build.BuildVerb object at 0x7e7f5b135ae0>>, mixin_verb=('build',))
[0.249s] Level 1:colcon.colcon_core.package_discovery:discover_packages(colcon_meta) check parameters
[0.249s] Level 1:colcon.colcon_core.package_discovery:discover_packages(recursive) check parameters
[0.249s] Level 1:colcon.colcon_core.package_discovery:discover_packages(ignore) check parameters
[0.249s] Level 1:colcon.colcon_core.package_discovery:discover_packages(path) check parameters
[0.249s] Level 1:colcon.colcon_core.package_discovery:discover_packages(colcon_meta) discover
[0.249s] Level 1:colcon.colcon_core.package_discovery:discover_packages(recursive) discover
[0.249s] INFO:colcon.colcon_core.package_discovery:Crawling recursively for packages in '/home/shiva/Documents/AGV_Kalman_Filter_Robot/robo_car'
[0.249s] Level 1:colcon.colcon_core.package_identification:_identify(.) by extensions ['ignore', 'ignore_ament_install']
[0.249s] Level 1:colcon.colcon_core.package_identification:_identify(.) by extension 'ignore'
[0.249s] Level 1:colcon.colcon_core.package_identification:_identify(.) by extension 'ignore_ament_install'
[0.249s] Level 1:colcon.colcon_core.package_identification:_identify(.) by extensions ['colcon_pkg']
[0.249s] Level 1:colcon.colcon_core.package_identification:_identify(.) by extension 'colcon_pkg'
[0.249s] Level 1:colcon.colcon_core.package_identification:_identify(.) by extensions ['colcon_meta']
[0.249s] Level 1:colcon.colcon_core.package_identification:_identify(.) by extension 'colcon_meta'
[0.249s] Level 1:colcon.colcon_core.package_identification:_identify(.) by extensions ['ros']
[0.249s] Level 1:colcon.colcon_core.package_identification:_identify(.) by extension 'ros'
[0.259s] Level 1:colcon.colcon_core.package_identification:_identify(.) by extensions ['cmake', 'python']
[0.259s] Level 1:colcon.colcon_core.package_identification:_identify(.) by extension 'cmake'
[0.259s] Level 1:colcon.colcon_core.package_identification:_identify(.) by extension 'python'
[0.259s] Level 1:colcon.colcon_core.package_identification:_identify(.) by extensions ['python_setup_py']
[0.259s] Level 1:colcon.colcon_core.package_identification:_identify(.) by extension 'python_setup_py'
[0.259s] Level 1:colcon.colcon_core.package_identification:_identify(build) by extensions ['ignore', 'ignore_ament_install']
[0.259s] Level 1:colcon.colcon_core.package_identification:_identify(build) by extension 'ignore'
[0.259s] Level 1:colcon.colcon_core.package_identification:_identify(build) ignored
[0.260s] Level 1:colcon.colcon_core.package_identification:_identify(install) by extensions ['ignore', 'ignore_ament_install']
[0.260s] Level 1:colcon.colcon_core.package_identification:_identify(install) by extension 'ignore'
[0.260s] Level 1:colcon.colcon_core.package_identification:_identify(install) ignored
[0.260s] Level 1:colcon.colcon_core.package_identification:_identify(log) by extensions ['ignore', 'ignore_ament_install']
[0.260s] Level 1:colcon.colcon_core.package_identification:_identify(log) by extension 'ignore'
[0.260s] Level 1:colcon.colcon_core.package_identification:_identify(log) ignored
[0.260s] Level 1:colcon.colcon_core.package_identification:_identify(src) by extensions ['ignore', 'ignore_ament_install']
[0.260s] Level 1:colcon.colcon_core.package_identification:_identify(src) by extension 'ignore'
[0.260s] Level 1:colcon.colcon_core.package_identification:_identify(src) by extension 'ignore_ament_install'
[0.260s] Level 1:colcon.colcon_core.package_identification:_identify(src) by extensions ['colcon_pkg']
[0.260s] Level 1:colcon.colcon_core.package_identification:_identify(src) by extension 'colcon_pkg'
[0.260s] Level 1:colcon.colcon_core.package_identification:_identify(src) by extensions ['colcon_meta']
[0.260s] Level 1:colcon.colcon_core.package_identification:_identify(src) by extension 'colcon_meta'
[0.260s] Level 1:colcon.colcon_core.package_identification:_identify(src) by extensions ['ros']
[0.260s] Level 1:colcon.colcon_core.package_identification:_identify(src) by extension 'ros'
[0.260s] Level 1:colcon.colcon_core.package_identification:_identify(src) by extensions ['cmake', 'python']
[0.260s] Level 1:colcon.colcon_core.package_identification:_identify(src) by extension 'cmake'
[0.260s] Level 1:colcon.colcon_core.package_identification:_identify(src) by extension 'python'
[0.261s] Level 1:colcon.colcon_core.package_identification:_identify(src) by extensions ['python_setup_py']
[0.261s] Level 1:colcon.colcon_core.package_identification:_identify(src) by extension 'python_setup_py'
[0.261s] Level 1:colcon.colcon_core.package_identification:_identify(src/robot_car_bringup) by extensions ['ignore', 'ignore_ament_install']
[0.261s] Level 1:colcon.colcon_core.package_identification:_identify(src/robot_car_bringup) by extension 'ignore'
[0.261s] Level 1:colcon.colcon_core.package_identification:_identify(src/robot_car_bringup) by extension 'ignore_ament_install'
[0.261s] Level 1:colcon.colcon_core.package_identification:_identify(src/robot_car_bringup) by extensions ['colcon_pkg']
[0.261s] Level 1:colcon.colcon_core.package_identification:_identify(src/robot_car_bringup) by extension 'colcon_pkg'
[0.261s] Level 1:colcon.colcon_core.package_identification:_identify(src/robot_car_bringup) by extensions ['colcon_meta']
[0.261s] Level 1:colcon.colcon_core.package_identification:_identify(src/robot_car_bringup) by extension 'colcon_meta'
[0.261s] Level 1:colcon.colcon_core.package_identification:_identify(src/robot_car_bringup) by extensions ['ros']
[0.261s] Level 1:colcon.colcon_core.package_identification:_identify(src/robot_car_bringup) by extension 'ros'
[0.263s] DEBUG:colcon.colcon_core.package_identification:Package 'src/robot_car_bringup' with type 'ros.ament_cmake' and name 'robot_car_bringup'
[0.263s] Level 1:colcon.colcon_core.package_identification:_identify(src/robot_car_controller) by extensions ['ignore', 'ignore_ament_install']
[0.263s] Level 1:colcon.colcon_core.package_identification:_identify(src/robot_car_controller) by extension 'ignore'
[0.263s] Level 1:colcon.colcon_core.package_identification:_identify(src/robot_car_controller) by extension 'ignore_ament_install'
[0.263s] Level 1:colcon.colcon_core.package_identification:_identify(src/robot_car_controller) by extensions ['colcon_pkg']
[0.263s] Level 1:colcon.colcon_core.package_identification:_identify(src/robot_car_controller) by extension 'colcon_pkg'
[0.263s] Level 1:colcon.colcon_core.package_identification:_identify(src/robot_car_controller) by extensions ['colcon_meta']
[0.263s] Level 1:colcon.colcon_core.package_identification:_identify(src/robot_car_controller) by extension 'colcon_meta'
[0.263s] Level 1:colcon.colcon_core.package_identification:_identify(src/robot_car_controller) by extensions ['ros']
[0.264s] Level 1:colcon.colcon_core.package_identification:_identify(src/robot_car_controller) by extension 'ros'
[0.265s] DEBUG:colcon.colcon_core.package_identification:Package 'src/robot_car_controller' with type 'ros.ament_cmake' and name 'robot_car_controller'
[0.265s] Level 1:colcon.colcon_core.package_identification:_identify(src/robot_car_description) by extensions ['ignore', 'ignore_ament_install']
[0.265s] Level 1:colcon.colcon_core.package_identification:_identify(src/robot_car_description) by extension 'ignore'
[0.265s] Level 1:colcon.colcon_core.package_identification:_identify(src/robot_car_description) by extension 'ignore_ament_install'
[0.265s] Level 1:colcon.colcon_core.package_identification:_identify(src/robot_car_description) by extensions ['colcon_pkg']
[0.265s] Level 1:colcon.colcon_core.package_identification:_identify(src/robot_car_description) by extension 'colcon_pkg'
[0.265s] Level 1:colcon.colcon_core.package_identification:_identify(src/robot_car_description) by extensions ['colcon_meta']
[0.265s] Level 1:colcon.colcon_core.package_identification:_identify(src/robot_car_description) by extension 'colcon_meta'
[0.265s] Level 1:colcon.colcon_core.package_identification:_identify(src/robot_car_description) by extensions ['ros']
[0.265s] Level 1:colcon.colcon_core.package_identification:_identify(src/robot_car_description) by extension 'ros'
[0.267s] DEBUG:colcon.colcon_core.package_identification:Package 'src/robot_car_description' with type 'ros.ament_cmake' and name 'robot_car_description'
[0.267s] Level 1:colcon.colcon_core.package_identification:_identify(src/robot_car_localization) by extensions ['ignore', 'ignore_ament_install']
[0.268s] Level 1:colcon.colcon_core.package_identification:_identify(src/robot_car_localization) by extension 'ignore'
[0.268s] Level 1:colcon.colcon_core.package_identification:_identify(src/robot_car_localization) by extension 'ignore_ament_install'
[0.268s] Level 1:colcon.colcon_core.package_identification:_identify(src/robot_car_localization) by extensions ['colcon_pkg']
[0.268s] Level 1:colcon.colcon_core.package_identification:_identify(src/robot_car_localization) by extension 'colcon_pkg'
[0.268s] Level 1:colcon.colcon_core.package_identification:_identify(src/robot_car_localization) by extensions ['colcon_meta']
[0.268s] Level 1:colcon.colcon_core.package_identification:_identify(src/robot_car_localization) by extension 'colcon_meta'
[0.268s] Level 1:colcon.colcon_core.package_identification:_identify(src/robot_car_localization) by extensions ['ros']
[0.268s] Level 1:colcon.colcon_core.package_identification:_identify(src/robot_car_localization) by extension 'ros'
[0.269s] DEBUG:colcon.colcon_core.package_identification:Package 'src/robot_car_localization' with type 'ros.ament_cmake' and name 'robot_car_localization'
[0.269s] Level 1:colcon.colcon_core.package_discovery:discover_packages(recursive) using defaults
[0.269s] Level 1:colcon.colcon_core.package_discovery:discover_packages(ignore) discover
[0.269s] Level 1:colcon.colcon_core.package_discovery:discover_packages(ignore) using defaults
[0.269s] Level 1:colcon.colcon_core.package_discovery:discover_packages(path) discover
[0.269s] Level 1:colcon.colcon_core.package_discovery:discover_packages(path) using defaults
[0.295s] Level 1:colcon.colcon_core.package_discovery:discover_packages(prefix_path) check parameters
[0.295s] Level 1:colcon.colcon_core.package_discovery:discover_packages(prefix_path) discover
[0.297s] DEBUG:colcon.colcon_installed_package_information.package_discovery:Found 2 installed packages in /home/shiva/Documents/bumperbot_wrkspc/install
[0.298s] DEBUG:colcon.colcon_installed_package_information.package_discovery:Found 7 installed packages in /home/shiva/Documents/robot_arm/install
[0.298s] DEBUG:colcon.colcon_installed_package_information.package_discovery:Found 3 installed packages in /home/shiva/Documents/wrk_spc/install
[0.298s] DEBUG:colcon.colcon_installed_package_information.package_discovery:Found 4 installed packages in /home/shiva/Documents/AGV_Kalman_Filter_Robot/robo_car/install
[0.300s] DEBUG:colcon.colcon_installed_package_information.package_discovery:Found 333 installed packages in /opt/ros/humble
[0.301s] Level 1:colcon.colcon_core.package_discovery:discover_packages(prefix_path) using defaults
[0.340s] Level 5:colcon.colcon_core.verb:set package 'robot_car_bringup' build argument 'cmake_args' from command line to 'None'
[0.340s] Level 5:colcon.colcon_core.verb:set package 'robot_car_bringup' build argument 'cmake_target' from command line to 'None'
[0.340s] Level 5:colcon.colcon_core.verb:set package 'robot_car_bringup' build argument 'cmake_target_skip_unavailable' from command line to 'False'
[0.340s] Level 5:colcon.colcon_core.verb:set package 'robot_car_bringup' build argument 'cmake_clean_cache' from command line to 'False'
[0.340s] Level 5:colcon.colcon_core.verb:set package 'robot_car_bringup' build argument 'cmake_clean_first' from command line to 'False'
[0.340s] Level 5:colcon.colcon_core.verb:set package 'robot_car_bringup' build argument 'cmake_force_configure' from command line to 'False'
[0.340s] Level 5:colcon.colcon_core.verb:set package 'robot_car_bringup' build argument 'ament_cmake_args' from command line to 'None'
[0.340s] Level 5:colcon.colcon_core.verb:set package 'robot_car_bringup' build argument 'catkin_cmake_args' from command line to 'None'
[0.340s] Level 5:colcon.colcon_core.verb:set package 'robot_car_bringup' build argument 'catkin_skip_building_tests' from command line to 'False'
[0.340s] DEBUG:colcon.colcon_core.verb:Building package 'robot_car_bringup' with the following arguments: {'ament_cmake_args': None, 'build_base': '/home/shiva/Documents/AGV_Kalman_Filter_Robot/robo_car/build/robot_car_bringup', 'catkin_cmake_args': None, 'catkin_skip_building_tests': False, 'cmake_args': None, 'cmake_clean_cache': False, 'cmake_clean_first': False, 'cmake_force_configure': False, 'cmake_target': None, 'cmake_target_skip_unavailable': False, 'install_base': '/home/shiva/Documents/AGV_Kalman_Filter_Robot/robo_car/install/robot_car_bringup', 'merge_install': False, 'path': '/home/shiva/Documents/AGV_Kalman_Filter_Robot/robo_car/src/robot_car_bringup', 'symlink_install': False, 'test_result_base': None}
[0.341s] Level 5:colcon.colcon_core.verb:set package 'robot_car_controller' build argument 'cmake_args' from command line to 'None'
[0.341s] Level 5:colcon.colcon_core.verb:set package 'robot_car_controller' build argument 'cmake_target' from command line to 'None'
[0.341s] Level 5:colcon.colcon_core.verb:set package 'robot_car_controller' build argument 'cmake_target_skip_unavailable' from command line to 'False'
[0.341s] Level 5:colcon.colcon_core.verb:set package 'robot_car_controller' build argument 'cmake_clean_cache' from command line to 'False'
[0.341s] Level 5:colcon.colcon_core.verb:set package 'robot_car_controller' build argument 'cmake_clean_first' from command line to 'False'
[0.341s] Level 5:colcon.colcon_core.verb:set package 'robot_car_controller' build argument 'cmake_force_configure' from command line to 'False'
[0.341s] Level 5:colcon.colcon_core.verb:set package 'robot_car_controller' build argument 'ament_cmake_args' from command line to 'None'
[0.341s] Level 5:colcon.colcon_core.verb:set package 'robot_car_controller' build argument 'catkin_cmake_args' from command line to 'None'
[0.341s] Level 5:colcon.colcon_core.verb:set package 'robot_car_controller' build argument 'catkin_skip_building_tests' from command line to 'False'
[0.341s] DEBUG:colcon.colcon_core.verb:Building package 'robot_car_controller' with the following arguments: {'ament_cmake_args': None, 'build_base': '/home/shiva/Documents/AGV_Kalman_Filter_Robot/robo_car/build/robot_car_controller', 'catkin_cmake_args': None, 'catkin_skip_building_tests': False, 'cmake_args': None, 'cmake_clean_cache': False, 'cmake_clean_first': False, 'cmake_force_configure': False, 'cmake_target': None, 'cmake_target_skip_unavailable': False, 'install_base': '/home/shiva/Documents/AGV_Kalman_Filter_Robot/robo_car/install/robot_car_controller', 'merge_install': False, 'path': '/home/shiva/Documents/AGV_Kalman_Filter_Robot/robo_car/src/robot_car_controller', 'symlink_install': False, 'test_result_base': None}
[0.341s] Level 5:colcon.colcon_core.verb:set package 'robot_car_description' build argument 'cmake_args' from command line to 'None'
[0.341s] Level 5:colcon.colcon_core.verb:set package 'robot_car_description' build argument 'cmake_target' from command line to 'None'
[0.341s] Level 5:colcon.colcon_core.verb:set package 'robot_car_description' build argument 'cmake_target_skip_unavailable' from command line to 'False'
[0.341s] Level 5:colcon.colcon_core.verb:set package 'robot_car_description' build argument 'cmake_clean_cache' from command line to 'False'
[0.342s] Level 5:colcon.colcon_core.verb:set package 'robot_car_description' build argument 'cmake_clean_first' from command line to 'False'
[0.342s] Level 5:colcon.colcon_core.verb:set package 'robot_car_description' build argument 'cmake_force_configure' from command line to 'False'
[0.342s] Level 5:colcon.colcon_core.verb:set package 'robot_car_description' build argument 'ament_cmake_args' from command line to 'None'
[0.342s] Level 5:colcon.colcon_core.verb:set package 'robot_car_description' build argument 'catkin_cmake_args' from command line to 'None'
[0.342s] Level 5:colcon.colcon_core.verb:set package 'robot_car_description' build argument 'catkin_skip_building_tests' from command line to 'False'
[0.342s] DEBUG:colcon.colcon_core.verb:Building package 'robot_car_description' with the following arguments: {'ament_cmake_args': None, 'build_base': '/home/shiva/Documents/AGV_Kalman_Filter_Robot/robo_car/build/robot_car_description', 'catkin_cmake_args': None, 'catkin_skip_building_tests': False, 'cmake_args': None, 'cmake_clean_cache': False, 'cmake_clean_first': False, 'cmake_force_configure': False, 'cmake_target': None, 'cmake_target_skip_unavailable': False, 'install_base': '/home/shiva/Documents/AGV_Kalman_Filter_Robot/robo_car/install/robot_car_description', 'merge_install': False, 'path': '/home/shiva/Documents/AGV_Kalman_Filter_Robot/robo_car/src/robot_car_description', 'symlink_install': False, 'test_result_base': None}
[0.342s] Level 5:colcon.colcon_core.verb:set package 'robot_car_localization' build argument 'cmake_args' from command line to 'None'
[0.342s] Level 5:colcon.colcon_core.verb:set package 'robot_car_localization' build argument 'cmake_target' from command line to 'None'
[0.342s] Level 5:colcon.colcon_core.verb:set package 'robot_car_localization' build argument 'cmake_target_skip_unavailable' from command line to 'False'
[0.342s] Level 5:colcon.colcon_core.verb:set package 'robot_car_localization' build argument 'cmake_clean_cache' from command line to 'False'
[0.342s] Level 5:colcon.colcon_core.verb:set package 'robot_car_localization' build argument 'cmake_clean_first' from command line to 'False'
[0.342s] Level 5:colcon.colcon_core.verb:set package 'robot_car_localization' build argument 'cmake_force_configure' from command line to 'False'
[0.342s] Level 5:colcon.colcon_core.verb:set package 'robot_car_localization' build argument 'ament_cmake_args' from command line to 'None'
[0.342s] Level 5:colcon.colcon_core.verb:set package 'robot_car_localization' build argument 'catkin_cmake_args' from command line to 'None'
[0.342s] Level 5:colcon.colcon_core.verb:set package 'robot_car_localization' build argument 'catkin_skip_building_tests' from command line to 'False'
[0.342s] DEBUG:colcon.colcon_core.verb:Building package 'robot_car_localization' with the following arguments: {'ament_cmake_args': None, 'build_base': '/home/shiva/Documents/AGV_Kalman_Filter_Robot/robo_car/build/robot_car_localization', 'catkin_cmake_args': None, 'catkin_skip_building_tests': False, 'cmake_args': None, 'cmake_clean_cache': False, 'cmake_clean_first': False, 'cmake_force_configure': False, 'cmake_target': None, 'cmake_target_skip_unavailable': False, 'install_base': '/home/shiva/Documents/AGV_Kalman_Filter_Robot/robo_car/install/robot_car_localization', 'merge_install': False, 'path': '/home/shiva/Documents/AGV_Kalman_Filter_Robot/robo_car/src/robot_car_localization', 'symlink_install': False, 'test_result_base': None}
[0.342s] INFO:colcon.colcon_core.executor:Executing jobs using 'parallel' executor
[0.343s] DEBUG:colcon.colcon_parallel_executor.executor.parallel:run_until_complete
[0.344s] INFO:colcon.colcon_ros.task.ament_cmake.build:Building ROS package in '/home/shiva/Documents/AGV_Kalman_Filter_Robot/robo_car/src/robot_car_bringup' with build type 'ament_cmake'
[0.344s] INFO:colcon.colcon_cmake.task.cmake.build:Building CMake package in '/home/shiva/Documents/AGV_Kalman_Filter_Robot/robo_car/src/robot_car_bringup'
[0.345s] INFO:colcon.colcon_core.plugin_system:Skipping extension 'colcon_core.shell.bat': Not used on non-Windows systems
[0.346s] INFO:colcon.colcon_core.shell:Skip shell extension 'powershell' for command environment: Not usable outside of PowerShell
[0.346s] DEBUG:colcon.colcon_core.shell:Skip shell extension 'dsv' for command environment
[0.350s] INFO:colcon.colcon_ros.task.ament_cmake.build:Building ROS package in '/home/shiva/Documents/AGV_Kalman_Filter_Robot/robo_car/src/robot_car_controller' with build type 'ament_cmake'
[0.350s] INFO:colcon.colcon_cmake.task.cmake.build:Building CMake package in '/home/shiva/Documents/AGV_Kalman_Filter_Robot/robo_car/src/robot_car_controller'
[0.350s] INFO:colcon.colcon_core.shell:Skip shell extension 'powershell' for command environment: Not usable outside of PowerShell
[0.350s] DEBUG:colcon.colcon_core.shell:Skip shell extension 'dsv' for command environment
[0.354s] INFO:colcon.colcon_ros.task.ament_cmake.build:Building ROS package in '/home/shiva/Documents/AGV_Kalman_Filter_Robot/robo_car/src/robot_car_description' with build type 'ament_cmake'
[0.354s] INFO:colcon.colcon_cmake.task.cmake.build:Building CMake package in '/home/shiva/Documents/AGV_Kalman_Filter_Robot/robo_car/src/robot_car_description'
[0.355s] INFO:colcon.colcon_core.shell:Skip shell extension 'powershell' for command environment: Not usable outside of PowerShell
[0.355s] DEBUG:colcon.colcon_core.shell:Skip shell extension 'dsv' for command environment
[0.359s] INFO:colcon.colcon_ros.task.ament_cmake.build:Building ROS package in '/home/shiva/Documents/AGV_Kalman_Filter_Robot/robo_car/src/robot_car_localization' with build type 'ament_cmake'
[0.359s] INFO:colcon.colcon_cmake.task.cmake.build:Building CMake package in '/home/shiva/Documents/AGV_Kalman_Filter_Robot/robo_car/src/robot_car_localization'
[0.359s] INFO:colcon.colcon_core.shell:Skip shell extension 'powershell' for command environment: Not usable outside of PowerShell
[0.359s] DEBUG:colcon.colcon_core.shell:Skip shell extension 'dsv' for command environment
[0.367s] DEBUG:colcon.colcon_core.event_handler.log_command:Invoking command in '/home/shiva/Documents/AGV_Kalman_Filter_Robot/robo_car/build/robot_car_bringup': CMAKE_PREFIX_PATH=${CMAKE_PREFIX_PATH}:/home/shiva/Documents/wrk_spc/install/my_pkg:/opt/ros/humble /usr/bin/cmake --build /home/shiva/Documents/AGV_Kalman_Filter_Robot/robo_car/build/robot_car_bringup -- -j8 -l8
[0.370s] DEBUG:colcon.colcon_core.event_handler.log_command:Invoking command in '/home/shiva/Documents/AGV_Kalman_Filter_Robot/robo_car/build/robot_car_controller': CMAKE_PREFIX_PATH=${CMAKE_PREFIX_PATH}:/home/shiva/Documents/wrk_spc/install/my_pkg:/opt/ros/humble /usr/bin/cmake --build /home/shiva/Documents/AGV_Kalman_Filter_Robot/robo_car/build/robot_car_controller -- -j8 -l8
[0.373s] DEBUG:colcon.colcon_core.event_handler.log_command:Invoking command in '/home/shiva/Documents/AGV_Kalman_Filter_Robot/robo_car/build/robot_car_description': CMAKE_PREFIX_PATH=${CMAKE_PREFIX_PATH}:/home/shiva/Documents/wrk_spc/install/my_pkg:/opt/ros/humble /usr/bin/cmake --build /home/shiva/Documents/AGV_Kalman_Filter_Robot/robo_car/build/robot_car_description -- -j8 -l8
[0.378s] DEBUG:colcon.colcon_core.event_handler.log_command:Invoking command in '/home/shiva/Documents/AGV_Kalman_Filter_Robot/robo_car/build/robot_car_localization': CMAKE_PREFIX_PATH=${CMAKE_PREFIX_PATH}:/home/shiva/Documents/wrk_spc/install/my_pkg:/opt/ros/humble /usr/bin/cmake --build /home/shiva/Documents/AGV_Kalman_Filter_Robot/robo_car/build/robot_car_localization -- -j8 -l8
[0.400s] DEBUG:colcon.colcon_core.event_handler.log_command:Invoked command in '/home/shiva/Documents/AGV_Kalman_Filter_Robot/robo_car/build/robot_car_bringup' returned '0': CMAKE_PREFIX_PATH=${CMAKE_PREFIX_PATH}:/home/shiva/Documents/wrk_spc/install/my_pkg:/opt/ros/humble /usr/bin/cmake --build /home/shiva/Documents/AGV_Kalman_Filter_Robot/robo_car/build/robot_car_bringup -- -j8 -l8
[0.406s] DEBUG:colcon.colcon_core.event_handler.log_command:Invoked command in '/home/shiva/Documents/AGV_Kalman_Filter_Robot/robo_car/build/robot_car_description' returned '0': CMAKE_PREFIX_PATH=${CMAKE_PREFIX_PATH}:/home/shiva/Documents/wrk_spc/install/my_pkg:/opt/ros/humble /usr/bin/cmake --build /home/shiva/Documents/AGV_Kalman_Filter_Robot/robo_car/build/robot_car_description -- -j8 -l8
[0.428s] DEBUG:colcon.colcon_core.event_handler.log_command:Invoking command in '/home/shiva/Documents/AGV_Kalman_Filter_Robot/robo_car/build/robot_car_bringup': CMAKE_PREFIX_PATH=${CMAKE_PREFIX_PATH}:/home/shiva/Documents/wrk_spc/install/my_pkg:/opt/ros/humble /usr/bin/cmake --install /home/shiva/Documents/AGV_Kalman_Filter_Robot/robo_car/build/robot_car_bringup
[0.430s] DEBUG:colcon.colcon_core.event_handler.log_command:Invoking command in '/home/shiva/Documents/AGV_Kalman_Filter_Robot/robo_car/build/robot_car_description': CMAKE_PREFIX_PATH=${CMAKE_PREFIX_PATH}:/home/shiva/Documents/wrk_spc/install/my_pkg:/opt/ros/humble /usr/bin/cmake --install /home/shiva/Documents/AGV_Kalman_Filter_Robot/robo_car/build/robot_car_description
[0.439s] Level 1:colcon.colcon_core.environment:create_environment_scripts_only(robot_car_bringup)
[0.442s] DEBUG:colcon.colcon_core.event_handler.log_command:Invoked command in '/home/shiva/Documents/AGV_Kalman_Filter_Robot/robo_car/build/robot_car_bringup' returned '0': CMAKE_PREFIX_PATH=${CMAKE_PREFIX_PATH}:/home/shiva/Documents/wrk_spc/install/my_pkg:/opt/ros/humble /usr/bin/cmake --install /home/shiva/Documents/AGV_Kalman_Filter_Robot/robo_car/build/robot_car_bringup
[0.444s] Level 1:colcon.colcon_core.environment:checking '/home/shiva/Documents/AGV_Kalman_Filter_Robot/robo_car/install/robot_car_bringup' for CMake module files
[0.444s] Level 1:colcon.colcon_core.environment:checking '/home/shiva/Documents/AGV_Kalman_Filter_Robot/robo_car/install/robot_car_bringup' for CMake config files
[0.445s] Level 1:colcon.colcon_core.shell:create_environment_hook('robot_car_bringup', 'cmake_prefix_path')
[0.445s] INFO:colcon.colcon_core.shell:Creating environment hook '/home/shiva/Documents/AGV_Kalman_Filter_Robot/robo_car/install/robot_car_bringup/share/robot_car_bringup/hook/cmake_prefix_path.ps1'
[0.445s] INFO:colcon.colcon_core.shell:Creating environment descriptor '/home/shiva/Documents/AGV_Kalman_Filter_Robot/robo_car/install/robot_car_bringup/share/robot_car_bringup/hook/cmake_prefix_path.dsv'
[0.446s] INFO:colcon.colcon_core.shell:Creating environment hook '/home/shiva/Documents/AGV_Kalman_Filter_Robot/robo_car/install/robot_car_bringup/share/robot_car_bringup/hook/cmake_prefix_path.sh'
[0.447s] Level 1:colcon.colcon_core.environment:checking '/home/shiva/Documents/AGV_Kalman_Filter_Robot/robo_car/install/robot_car_bringup/bin'
[0.447s] Level 1:colcon.colcon_core.environment:checking '/home/shiva/Documents/AGV_Kalman_Filter_Robot/robo_car/install/robot_car_bringup/lib/pkgconfig/robot_car_bringup.pc'
[0.447s] Level 1:colcon.colcon_core.environment:checking '/home/shiva/Documents/AGV_Kalman_Filter_Robot/robo_car/install/robot_car_bringup/lib/python3.10/site-packages'
[0.447s] Level 1:colcon.colcon_core.environment:checking '/home/shiva/Documents/AGV_Kalman_Filter_Robot/robo_car/install/robot_car_bringup/bin'
[0.448s] INFO:colcon.colcon_core.shell:Creating package script '/home/shiva/Documents/AGV_Kalman_Filter_Robot/robo_car/install/robot_car_bringup/share/robot_car_bringup/package.ps1'
[0.449s] INFO:colcon.colcon_core.shell:Creating package descriptor '/home/shiva/Documents/AGV_Kalman_Filter_Robot/robo_car/install/robot_car_bringup/share/robot_car_bringup/package.dsv'
[0.449s] INFO:colcon.colcon_core.shell:Creating package script '/home/shiva/Documents/AGV_Kalman_Filter_Robot/robo_car/install/robot_car_bringup/share/robot_car_bringup/package.sh'
[0.450s] INFO:colcon.colcon_core.shell:Creating package script '/home/shiva/Documents/AGV_Kalman_Filter_Robot/robo_car/install/robot_car_bringup/share/robot_car_bringup/package.bash'
[0.451s] INFO:colcon.colcon_core.shell:Creating package script '/home/shiva/Documents/AGV_Kalman_Filter_Robot/robo_car/install/robot_car_bringup/share/robot_car_bringup/package.zsh'
[0.452s] Level 1:colcon.colcon_core.environment:create_file_with_runtime_dependencies(/home/shiva/Documents/AGV_Kalman_Filter_Robot/robo_car/install/robot_car_bringup/share/colcon-core/packages/robot_car_bringup)
[0.453s] Level 1:colcon.colcon_core.environment:create_environment_scripts_only(robot_car_description)
[0.453s] Level 1:colcon.colcon_core.environment:checking '/home/shiva/Documents/AGV_Kalman_Filter_Robot/robo_car/install/robot_car_description' for CMake module files
[0.454s] DEBUG:colcon.colcon_core.event_handler.log_command:Invoked command in '/home/shiva/Documents/AGV_Kalman_Filter_Robot/robo_car/build/robot_car_description' returned '0': CMAKE_PREFIX_PATH=${CMAKE_PREFIX_PATH}:/home/shiva/Documents/wrk_spc/install/my_pkg:/opt/ros/humble /usr/bin/cmake --install /home/shiva/Documents/AGV_Kalman_Filter_Robot/robo_car/build/robot_car_description
[0.454s] Level 1:colcon.colcon_core.environment:checking '/home/shiva/Documents/AGV_Kalman_Filter_Robot/robo_car/install/robot_car_description' for CMake config files
[0.455s] Level 1:colcon.colcon_core.shell:create_environment_hook('robot_car_description', 'cmake_prefix_path')
[0.455s] INFO:colcon.colcon_core.shell:Creating environment hook '/home/shiva/Documents/AGV_Kalman_Filter_Robot/robo_car/install/robot_car_description/share/robot_car_description/hook/cmake_prefix_path.ps1'
[0.456s] INFO:colcon.colcon_core.shell:Creating environment descriptor '/home/shiva/Documents/AGV_Kalman_Filter_Robot/robo_car/install/robot_car_description/share/robot_car_description/hook/cmake_prefix_path.dsv'
[0.457s] INFO:colcon.colcon_core.shell:Creating environment hook '/home/shiva/Documents/AGV_Kalman_Filter_Robot/robo_car/install/robot_car_description/share/robot_car_description/hook/cmake_prefix_path.sh'
[0.457s] Level 1:colcon.colcon_core.environment:checking '/home/shiva/Documents/AGV_Kalman_Filter_Robot/robo_car/install/robot_car_description/bin'
[0.457s] Level 1:colcon.colcon_core.environment:checking '/home/shiva/Documents/AGV_Kalman_Filter_Robot/robo_car/install/robot_car_description/lib/pkgconfig/robot_car_description.pc'
[0.458s] Level 1:colcon.colcon_core.environment:checking '/home/shiva/Documents/AGV_Kalman_Filter_Robot/robo_car/install/robot_car_description/lib/python3.10/site-packages'
[0.458s] Level 1:colcon.colcon_core.environment:checking '/home/shiva/Documents/AGV_Kalman_Filter_Robot/robo_car/install/robot_car_description/bin'
[0.459s] INFO:colcon.colcon_core.shell:Creating package script '/home/shiva/Documents/AGV_Kalman_Filter_Robot/robo_car/install/robot_car_description/share/robot_car_description/package.ps1'
[0.459s] INFO:colcon.colcon_core.shell:Creating package descriptor '/home/shiva/Documents/AGV_Kalman_Filter_Robot/robo_car/install/robot_car_description/share/robot_car_description/package.dsv'
[0.460s] INFO:colcon.colcon_core.shell:Creating package script '/home/shiva/Documents/AGV_Kalman_Filter_Robot/robo_car/install/robot_car_description/share/robot_car_description/package.sh'
[0.461s] INFO:colcon.colcon_core.shell:Creating package script '/home/shiva/Documents/AGV_Kalman_Filter_Robot/robo_car/install/robot_car_description/share/robot_car_description/package.bash'
[0.461s] INFO:colcon.colcon_core.shell:Creating package script '/home/shiva/Documents/AGV_Kalman_Filter_Robot/robo_car/install/robot_car_description/share/robot_car_description/package.zsh'
[0.462s] Level 1:colcon.colcon_core.environment:create_file_with_runtime_dependencies(/home/shiva/Documents/AGV_Kalman_Filter_Robot/robo_car/install/robot_car_description/share/colcon-core/packages/robot_car_description)
[0.476s] Level 1:colcon.colcon_core.environment:create_environment_scripts_only(robot_car_bringup)
[0.476s] Level 1:colcon.colcon_core.environment:checking '/home/shiva/Documents/AGV_Kalman_Filter_Robot/robo_car/install/robot_car_bringup' for CMake module files
[0.476s] Level 1:colcon.colcon_core.environment:checking '/home/shiva/Documents/AGV_Kalman_Filter_Robot/robo_car/install/robot_car_bringup' for CMake config files
[0.477s] Level 1:colcon.colcon_core.shell:create_environment_hook('robot_car_bringup', 'cmake_prefix_path')
[0.477s] INFO:colcon.colcon_core.shell:Creating environment hook '/home/shiva/Documents/AGV_Kalman_Filter_Robot/robo_car/install/robot_car_bringup/share/robot_car_bringup/hook/cmake_prefix_path.ps1'
[0.477s] INFO:colcon.colcon_core.shell:Creating environment descriptor '/home/shiva/Documents/AGV_Kalman_Filter_Robot/robo_car/install/robot_car_bringup/share/robot_car_bringup/hook/cmake_prefix_path.dsv'
[0.478s] INFO:colcon.colcon_core.shell:Creating environment hook '/home/shiva/Documents/AGV_Kalman_Filter_Robot/robo_car/install/robot_car_bringup/share/robot_car_bringup/hook/cmake_prefix_path.sh'
[0.478s] Level 1:colcon.colcon_core.environment:checking '/home/shiva/Documents/AGV_Kalman_Filter_Robot/robo_car/install/robot_car_bringup/bin'
[0.478s] Level 1:colcon.colcon_core.environment:checking '/home/shiva/Documents/AGV_Kalman_Filter_Robot/robo_car/install/robot_car_bringup/lib/pkgconfig/robot_car_bringup.pc'
[0.479s] Level 1:colcon.colcon_core.environment:checking '/home/shiva/Documents/AGV_Kalman_Filter_Robot/robo_car/install/robot_car_bringup/lib/python3.10/site-packages'
[0.479s] Level 1:colcon.colcon_core.environment:checking '/home/shiva/Documents/AGV_Kalman_Filter_Robot/robo_car/install/robot_car_bringup/bin'
[0.479s] INFO:colcon.colcon_core.shell:Creating package script '/home/shiva/Documents/AGV_Kalman_Filter_Robot/robo_car/install/robot_car_bringup/share/robot_car_bringup/package.ps1'
[0.480s] INFO:colcon.colcon_core.shell:Creating package descriptor '/home/shiva/Documents/AGV_Kalman_Filter_Robot/robo_car/install/robot_car_bringup/share/robot_car_bringup/package.dsv'
[0.480s] INFO:colcon.colcon_core.shell:Creating package script '/home/shiva/Documents/AGV_Kalman_Filter_Robot/robo_car/install/robot_car_bringup/share/robot_car_bringup/package.sh'
[0.480s] INFO:colcon.colcon_core.shell:Creating package script '/home/shiva/Documents/AGV_Kalman_Filter_Robot/robo_car/install/robot_car_bringup/share/robot_car_bringup/package.bash'
[0.481s] INFO:colcon.colcon_core.shell:Creating package script '/home/shiva/Documents/AGV_Kalman_Filter_Robot/robo_car/install/robot_car_bringup/share/robot_car_bringup/package.zsh'
[0.481s] Level 1:colcon.colcon_core.environment:create_file_with_runtime_dependencies(/home/shiva/Documents/AGV_Kalman_Filter_Robot/robo_car/install/robot_car_bringup/share/colcon-core/packages/robot_car_bringup)
[0.483s] Level 1:colcon.colcon_core.environment:create_environment_scripts_only(robot_car_description)
[0.483s] Level 1:colcon.colcon_core.environment:checking '/home/shiva/Documents/AGV_Kalman_Filter_Robot/robo_car/install/robot_car_description' for CMake module files
[0.484s] Level 1:colcon.colcon_core.environment:checking '/home/shiva/Documents/AGV_Kalman_Filter_Robot/robo_car/install/robot_car_description' for CMake config files
[0.484s] Level 1:colcon.colcon_core.shell:create_environment_hook('robot_car_description', 'cmake_prefix_path')
[0.484s] INFO:colcon.colcon_core.shell:Creating environment hook '/home/shiva/Documents/AGV_Kalman_Filter_Robot/robo_car/install/robot_car_description/share/robot_car_description/hook/cmake_prefix_path.ps1'
[0.485s] INFO:colcon.colcon_core.shell:Creating environment descriptor '/home/shiva/Documents/AGV_Kalman_Filter_Robot/robo_car/install/robot_car_description/share/robot_car_description/hook/cmake_prefix_path.dsv'
[0.485s] INFO:colcon.colcon_core.shell:Creating environment hook '/home/shiva/Documents/AGV_Kalman_Filter_Robot/robo_car/install/robot_car_description/share/robot_car_description/hook/cmake_prefix_path.sh'
[0.486s] Level 1:colcon.colcon_core.environment:checking '/home/shiva/Documents/AGV_Kalman_Filter_Robot/robo_car/install/robot_car_description/bin'
[0.486s] Level 1:colcon.colcon_core.environment:checking '/home/shiva/Documents/AGV_Kalman_Filter_Robot/robo_car/install/robot_car_description/lib/pkgconfig/robot_car_description.pc'
[0.486s] Level 1:colcon.colcon_core.environment:checking '/home/shiva/Documents/AGV_Kalman_Filter_Robot/robo_car/install/robot_car_description/lib/python3.10/site-packages'
[0.487s] Level 1:colcon.colcon_core.environment:checking '/home/shiva/Documents/AGV_Kalman_Filter_Robot/robo_car/install/robot_car_description/bin'
[0.487s] INFO:colcon.colcon_core.shell:Creating package script '/home/shiva/Documents/AGV_Kalman_Filter_Robot/robo_car/install/robot_car_description/share/robot_car_description/package.ps1'
[0.487s] INFO:colcon.colcon_core.shell:Creating package descriptor '/home/shiva/Documents/AGV_Kalman_Filter_Robot/robo_car/install/robot_car_description/share/robot_car_description/package.dsv'
[0.488s] INFO:colcon.colcon_core.shell:Creating package script '/home/shiva/Documents/AGV_Kalman_Filter_Robot/robo_car/install/robot_car_description/share/robot_car_description/package.sh'
[0.488s] INFO:colcon.colcon_core.shell:Creating package script '/home/shiva/Documents/AGV_Kalman_Filter_Robot/robo_car/install/robot_car_description/share/robot_car_description/package.bash'
[0.489s] INFO:colcon.colcon_core.shell:Creating package script '/home/shiva/Documents/AGV_Kalman_Filter_Robot/robo_car/install/robot_car_description/share/robot_car_description/package.zsh'
[0.489s] Level 1:colcon.colcon_core.environment:create_file_with_runtime_dependencies(/home/shiva/Documents/AGV_Kalman_Filter_Robot/robo_car/install/robot_car_description/share/colcon-core/packages/robot_car_description)
[0.837s] DEBUG:colcon.colcon_core.event_handler.log_command:Invoked command in '/home/shiva/Documents/AGV_Kalman_Filter_Robot/robo_car/build/robot_car_localization' returned '0': CMAKE_PREFIX_PATH=${CMAKE_PREFIX_PATH}:/home/shiva/Documents/wrk_spc/install/my_pkg:/opt/ros/humble /usr/bin/cmake --build /home/shiva/Documents/AGV_Kalman_Filter_Robot/robo_car/build/robot_car_localization -- -j8 -l8
[0.838s] DEBUG:colcon.colcon_core.event_handler.log_command:Invoked command in '/home/shiva/Documents/AGV_Kalman_Filter_Robot/robo_car/build/robot_car_controller' returned '0': CMAKE_PREFIX_PATH=${CMAKE_PREFIX_PATH}:/home/shiva/Documents/wrk_spc/install/my_pkg:/opt/ros/humble /usr/bin/cmake --build /home/shiva/Documents/AGV_Kalman_Filter_Robot/robo_car/build/robot_car_controller -- -j8 -l8
[0.857s] DEBUG:colcon.colcon_core.event_handler.log_command:Invoking command in '/home/shiva/Documents/AGV_Kalman_Filter_Robot/robo_car/build/robot_car_localization': CMAKE_PREFIX_PATH=${CMAKE_PREFIX_PATH}:/home/shiva/Documents/wrk_spc/install/my_pkg:/opt/ros/humble /usr/bin/cmake --install /home/shiva/Documents/AGV_Kalman_Filter_Robot/robo_car/build/robot_car_localization
[0.859s] DEBUG:colcon.colcon_core.event_handler.log_command:Invoking command in '/home/shiva/Documents/AGV_Kalman_Filter_Robot/robo_car/build/robot_car_controller': CMAKE_PREFIX_PATH=${CMAKE_PREFIX_PATH}:/home/shiva/Documents/wrk_spc/install/my_pkg:/opt/ros/humble /usr/bin/cmake --install /home/shiva/Documents/AGV_Kalman_Filter_Robot/robo_car/build/robot_car_controller
[0.956s] Level 1:colcon.colcon_core.environment:create_environment_scripts_only(robot_car_localization)
[0.957s] Level 1:colcon.colcon_core.environment:checking '/home/shiva/Documents/AGV_Kalman_Filter_Robot/robo_car/install/robot_car_localization' for CMake module files
[0.957s] DEBUG:colcon.colcon_core.event_handler.log_command:Invoked command in '/home/shiva/Documents/AGV_Kalman_Filter_Robot/robo_car/build/robot_car_localization' returned '0': CMAKE_PREFIX_PATH=${CMAKE_PREFIX_PATH}:/home/shiva/Documents/wrk_spc/install/my_pkg:/opt/ros/humble /usr/bin/cmake --install /home/shiva/Documents/AGV_Kalman_Filter_Robot/robo_car/build/robot_car_localization
[0.958s] Level 1:colcon.colcon_core.environment:checking '/home/shiva/Documents/AGV_Kalman_Filter_Robot/robo_car/install/robot_car_localization' for CMake config files
[0.958s] Level 1:colcon.colcon_core.shell:create_environment_hook('robot_car_localization', 'cmake_prefix_path')
[0.958s] INFO:colcon.colcon_core.shell:Creating environment hook '/home/shiva/Documents/AGV_Kalman_Filter_Robot/robo_car/install/robot_car_localization/share/robot_car_localization/hook/cmake_prefix_path.ps1'
[0.958s] INFO:colcon.colcon_core.shell:Creating environment descriptor '/home/shiva/Documents/AGV_Kalman_Filter_Robot/robo_car/install/robot_car_localization/share/robot_car_localization/hook/cmake_prefix_path.dsv'
[0.959s] INFO:colcon.colcon_core.shell:Creating environment hook '/home/shiva/Documents/AGV_Kalman_Filter_Robot/robo_car/install/robot_car_localization/share/robot_car_localization/hook/cmake_prefix_path.sh'
[0.959s] Level 1:colcon.colcon_core.environment:checking '/home/shiva/Documents/AGV_Kalman_Filter_Robot/robo_car/install/robot_car_localization/lib'
[0.959s] Level 1:colcon.colcon_core.environment:checking '/home/shiva/Documents/AGV_Kalman_Filter_Robot/robo_car/install/robot_car_localization/bin'
[0.960s] Level 1:colcon.colcon_core.environment:checking '/home/shiva/Documents/AGV_Kalman_Filter_Robot/robo_car/install/robot_car_localization/lib/pkgconfig/robot_car_localization.pc'
[0.960s] Level 1:colcon.colcon_core.environment:checking '/home/shiva/Documents/AGV_Kalman_Filter_Robot/robo_car/install/robot_car_localization/lib/python3.10/site-packages'
[0.960s] Level 1:colcon.colcon_core.shell:create_environment_hook('robot_car_localization', 'pythonpath')
[0.960s] INFO:colcon.colcon_core.shell:Creating environment hook '/home/shiva/Documents/AGV_Kalman_Filter_Robot/robo_car/install/robot_car_localization/share/robot_car_localization/hook/pythonpath.ps1'
[0.960s] INFO:colcon.colcon_core.shell:Creating environment descriptor '/home/shiva/Documents/AGV_Kalman_Filter_Robot/robo_car/install/robot_car_localization/share/robot_car_localization/hook/pythonpath.dsv'
[0.961s] INFO:colcon.colcon_core.shell:Creating environment hook '/home/shiva/Documents/AGV_Kalman_Filter_Robot/robo_car/install/robot_car_localization/share/robot_car_localization/hook/pythonpath.sh'
[0.961s] Level 1:colcon.colcon_core.environment:checking '/home/shiva/Documents/AGV_Kalman_Filter_Robot/robo_car/install/robot_car_localization/bin'
[0.962s] INFO:colcon.colcon_core.shell:Creating package script '/home/shiva/Documents/AGV_Kalman_Filter_Robot/robo_car/install/robot_car_localization/share/robot_car_localization/package.ps1'
[0.962s] INFO:colcon.colcon_core.shell:Creating package descriptor '/home/shiva/Documents/AGV_Kalman_Filter_Robot/robo_car/install/robot_car_localization/share/robot_car_localization/package.dsv'
[0.963s] INFO:colcon.colcon_core.shell:Creating package script '/home/shiva/Documents/AGV_Kalman_Filter_Robot/robo_car/install/robot_car_localization/share/robot_car_localization/package.sh'
[0.963s] INFO:colcon.colcon_core.shell:Creating package script '/home/shiva/Documents/AGV_Kalman_Filter_Robot/robo_car/install/robot_car_localization/share/robot_car_localization/package.bash'
[0.963s] INFO:colcon.colcon_core.shell:Creating package script '/home/shiva/Documents/AGV_Kalman_Filter_Robot/robo_car/install/robot_car_localization/share/robot_car_localization/package.zsh'
[0.964s] Level 1:colcon.colcon_core.environment:create_file_with_runtime_dependencies(/home/shiva/Documents/AGV_Kalman_Filter_Robot/robo_car/install/robot_car_localization/share/colcon-core/packages/robot_car_localization)
[0.965s] Level 1:colcon.colcon_core.environment:create_environment_scripts_only(robot_car_controller)
[0.965s] Level 1:colcon.colcon_core.environment:checking '/home/shiva/Documents/AGV_Kalman_Filter_Robot/robo_car/install/robot_car_controller' for CMake module files
[0.966s] DEBUG:colcon.colcon_core.event_handler.log_command:Invoked command in '/home/shiva/Documents/AGV_Kalman_Filter_Robot/robo_car/build/robot_car_controller' returned '0': CMAKE_PREFIX_PATH=${CMAKE_PREFIX_PATH}:/home/shiva/Documents/wrk_spc/install/my_pkg:/opt/ros/humble /usr/bin/cmake --install /home/shiva/Documents/AGV_Kalman_Filter_Robot/robo_car/build/robot_car_controller
[0.966s] Level 1:colcon.colcon_core.environment:checking '/home/shiva/Documents/AGV_Kalman_Filter_Robot/robo_car/install/robot_car_controller' for CMake config files
[0.966s] Level 1:colcon.colcon_core.shell:create_environment_hook('robot_car_controller', 'cmake_prefix_path')
[0.967s] INFO:colcon.colcon_core.shell:Creating environment hook '/home/shiva/Documents/AGV_Kalman_Filter_Robot/robo_car/install/robot_car_controller/share/robot_car_controller/hook/cmake_prefix_path.ps1'
[0.967s] INFO:colcon.colcon_core.shell:Creating environment descriptor '/home/shiva/Documents/AGV_Kalman_Filter_Robot/robo_car/install/robot_car_controller/share/robot_car_controller/hook/cmake_prefix_path.dsv'
[0.967s] INFO:colcon.colcon_core.shell:Creating environment hook '/home/shiva/Documents/AGV_Kalman_Filter_Robot/robo_car/install/robot_car_controller/share/robot_car_controller/hook/cmake_prefix_path.sh'
[0.968s] Level 1:colcon.colcon_core.environment:checking '/home/shiva/Documents/AGV_Kalman_Filter_Robot/robo_car/install/robot_car_controller/lib'
[0.968s] Level 1:colcon.colcon_core.environment:checking '/home/shiva/Documents/AGV_Kalman_Filter_Robot/robo_car/install/robot_car_controller/bin'
[0.968s] Level 1:colcon.colcon_core.environment:checking '/home/shiva/Documents/AGV_Kalman_Filter_Robot/robo_car/install/robot_car_controller/lib/pkgconfig/robot_car_controller.pc'
[0.968s] Level 1:colcon.colcon_core.environment:checking '/home/shiva/Documents/AGV_Kalman_Filter_Robot/robo_car/install/robot_car_controller/lib/python3.10/site-packages'
[0.968s] Level 1:colcon.colcon_core.shell:create_environment_hook('robot_car_controller', 'pythonpath')
[0.969s] INFO:colcon.colcon_core.shell:Creating environment hook '/home/shiva/Documents/AGV_Kalman_Filter_Robot/robo_car/install/robot_car_controller/share/robot_car_controller/hook/pythonpath.ps1'
[0.969s] INFO:colcon.colcon_core.shell:Creating environment descriptor '/home/shiva/Documents/AGV_Kalman_Filter_Robot/robo_car/install/robot_car_controller/share/robot_car_controller/hook/pythonpath.dsv'
[0.969s] INFO:colcon.colcon_core.shell:Creating environment hook '/home/shiva/Documents/AGV_Kalman_Filter_Robot/robo_car/install/robot_car_controller/share/robot_car_controller/hook/pythonpath.sh'
[0.970s] Level 1:colcon.colcon_core.environment:checking '/home/shiva/Documents/AGV_Kalman_Filter_Robot/robo_car/install/robot_car_controller/bin'
[0.970s] INFO:colcon.colcon_core.shell:Creating package script '/home/shiva/Documents/AGV_Kalman_Filter_Robot/robo_car/install/robot_car_controller/share/robot_car_controller/package.ps1'
[0.971s] INFO:colcon.colcon_core.shell:Creating package descriptor '/home/shiva/Documents/AGV_Kalman_Filter_Robot/robo_car/install/robot_car_controller/share/robot_car_controller/package.dsv'
[0.971s] INFO:colcon.colcon_core.shell:Creating package script '/home/shiva/Documents/AGV_Kalman_Filter_Robot/robo_car/install/robot_car_controller/share/robot_car_controller/package.sh'
[0.972s] INFO:colcon.colcon_core.shell:Creating package script '/home/shiva/Documents/AGV_Kalman_Filter_Robot/robo_car/install/robot_car_controller/share/robot_car_controller/package.bash'
[0.973s] INFO:colcon.colcon_core.shell:Creating package script '/home/shiva/Documents/AGV_Kalman_Filter_Robot/robo_car/install/robot_car_controller/share/robot_car_controller/package.zsh'
[0.973s] Level 1:colcon.colcon_core.environment:create_file_with_runtime_dependencies(/home/shiva/Documents/AGV_Kalman_Filter_Robot/robo_car/install/robot_car_controller/share/colcon-core/packages/robot_car_controller)
[0.985s] Level 1:colcon.colcon_core.environment:create_environment_scripts_only(robot_car_localization)
[0.985s] Level 1:colcon.colcon_core.environment:checking '/home/shiva/Documents/AGV_Kalman_Filter_Robot/robo_car/install/robot_car_localization' for CMake module files
[0.986s] Level 1:colcon.colcon_core.environment:checking '/home/shiva/Documents/AGV_Kalman_Filter_Robot/robo_car/install/robot_car_localization' for CMake config files
[0.986s] Level 1:colcon.colcon_core.shell:create_environment_hook('robot_car_localization', 'cmake_prefix_path')
[0.986s] INFO:colcon.colcon_core.shell:Creating environment hook '/home/shiva/Documents/AGV_Kalman_Filter_Robot/robo_car/install/robot_car_localization/share/robot_car_localization/hook/cmake_prefix_path.ps1'
[0.987s] INFO:colcon.colcon_core.shell:Creating environment descriptor '/home/shiva/Documents/AGV_Kalman_Filter_Robot/robo_car/install/robot_car_localization/share/robot_car_localization/hook/cmake_prefix_path.dsv'
[0.987s] INFO:colcon.colcon_core.shell:Creating environment hook '/home/shiva/Documents/AGV_Kalman_Filter_Robot/robo_car/install/robot_car_localization/share/robot_car_localization/hook/cmake_prefix_path.sh'
[0.988s] Level 1:colcon.colcon_core.environment:checking '/home/shiva/Documents/AGV_Kalman_Filter_Robot/robo_car/install/robot_car_localization/lib'
[0.988s] Level 1:colcon.colcon_core.environment:checking '/home/shiva/Documents/AGV_Kalman_Filter_Robot/robo_car/install/robot_car_localization/bin'
[0.988s] Level 1:colcon.colcon_core.environment:checking '/home/shiva/Documents/AGV_Kalman_Filter_Robot/robo_car/install/robot_car_localization/lib/pkgconfig/robot_car_localization.pc'
[0.988s] Level 1:colcon.colcon_core.environment:checking '/home/shiva/Documents/AGV_Kalman_Filter_Robot/robo_car/install/robot_car_localization/lib/python3.10/site-packages'
[0.988s] Level 1:colcon.colcon_core.shell:create_environment_hook('robot_car_localization', 'pythonpath')
[0.988s] INFO:colcon.colcon_core.shell:Creating environment hook '/home/shiva/Documents/AGV_Kalman_Filter_Robot/robo_car/install/robot_car_localization/share/robot_car_localization/hook/pythonpath.ps1'
[0.989s] INFO:colcon.colcon_core.shell:Creating environment descriptor '/home/shiva/Documents/AGV_Kalman_Filter_Robot/robo_car/install/robot_car_localization/share/robot_car_localization/hook/pythonpath.dsv'
[0.989s] INFO:colcon.colcon_core.shell:Creating environment hook '/home/shiva/Documents/AGV_Kalman_Filter_Robot/robo_car/install/robot_car_localization/share/robot_car_localization/hook/pythonpath.sh'
[0.989s] Level 1:colcon.colcon_core.environment:checking '/home/shiva/Documents/AGV_Kalman_Filter_Robot/robo_car/install/robot_car_localization/bin'
[0.990s] INFO:colcon.colcon_core.shell:Creating package script '/home/shiva/Documents/AGV_Kalman_Filter_Robot/robo_car/install/robot_car_localization/share/robot_car_localization/package.ps1'
[0.990s] INFO:colcon.colcon_core.shell:Creating package descriptor '/home/shiva/Documents/AGV_Kalman_Filter_Robot/robo_car/install/robot_car_localization/share/robot_car_localization/package.dsv'
[0.991s] INFO:colcon.colcon_core.shell:Creating package script '/home/shiva/Documents/AGV_Kalman_Filter_Robot/robo_car/install/robot_car_localization/share/robot_car_localization/package.sh'
[0.991s] INFO:colcon.colcon_core.shell:Creating package script '/home/shiva/Documents/AGV_Kalman_Filter_Robot/robo_car/install/robot_car_localization/share/robot_car_localization/package.bash'
[0.992s] INFO:colcon.colcon_core.shell:Creating package script '/home/shiva/Documents/AGV_Kalman_Filter_Robot/robo_car/install/robot_car_localization/share/robot_car_localization/package.zsh'
[0.992s] Level 1:colcon.colcon_core.environment:create_file_with_runtime_dependencies(/home/shiva/Documents/AGV_Kalman_Filter_Robot/robo_car/install/robot_car_localization/share/colcon-core/packages/robot_car_localization)
[0.994s] Level 1:colcon.colcon_core.environment:create_environment_scripts_only(robot_car_controller)
[0.994s] Level 1:colcon.colcon_core.environment:checking '/home/shiva/Documents/AGV_Kalman_Filter_Robot/robo_car/install/robot_car_controller' for CMake module files
[0.994s] Level 1:colcon.colcon_core.environment:checking '/home/shiva/Documents/AGV_Kalman_Filter_Robot/robo_car/install/robot_car_controller' for CMake config files
[0.994s] Level 1:colcon.colcon_core.shell:create_environment_hook('robot_car_controller', 'cmake_prefix_path')
[0.995s] INFO:colcon.colcon_core.shell:Creating environment hook '/home/shiva/Documents/AGV_Kalman_Filter_Robot/robo_car/install/robot_car_controller/share/robot_car_controller/hook/cmake_prefix_path.ps1'
[0.995s] INFO:colcon.colcon_core.shell:Creating environment descriptor '/home/shiva/Documents/AGV_Kalman_Filter_Robot/robo_car/install/robot_car_controller/share/robot_car_controller/hook/cmake_prefix_path.dsv'
[0.995s] INFO:colcon.colcon_core.shell:Creating environment hook '/home/shiva/Documents/AGV_Kalman_Filter_Robot/robo_car/install/robot_car_controller/share/robot_car_controller/hook/cmake_prefix_path.sh'
[0.996s] Level 1:colcon.colcon_core.environment:checking '/home/shiva/Documents/AGV_Kalman_Filter_Robot/robo_car/install/robot_car_controller/lib'
[0.996s] Level 1:colcon.colcon_core.environment:checking '/home/shiva/Documents/AGV_Kalman_Filter_Robot/robo_car/install/robot_car_controller/bin'
[0.996s] Level 1:colcon.colcon_core.environment:checking '/home/shiva/Documents/AGV_Kalman_Filter_Robot/robo_car/install/robot_car_controller/lib/pkgconfig/robot_car_controller.pc'
[0.996s] Level 1:colcon.colcon_core.environment:checking '/home/shiva/Documents/AGV_Kalman_Filter_Robot/robo_car/install/robot_car_controller/lib/python3.10/site-packages'
[0.996s] Level 1:colcon.colcon_core.shell:create_environment_hook('robot_car_controller', 'pythonpath')
[0.996s] INFO:colcon.colcon_core.shell:Creating environment hook '/home/shiva/Documents/AGV_Kalman_Filter_Robot/robo_car/install/robot_car_controller/share/robot_car_controller/hook/pythonpath.ps1'
[0.997s] INFO:colcon.colcon_core.shell:Creating environment descriptor '/home/shiva/Documents/AGV_Kalman_Filter_Robot/robo_car/install/robot_car_controller/share/robot_car_controller/hook/pythonpath.dsv'
[0.997s] INFO:colcon.colcon_core.shell:Creating environment hook '/home/shiva/Documents/AGV_Kalman_Filter_Robot/robo_car/install/robot_car_controller/share/robot_car_controller/hook/pythonpath.sh'
[0.997s] Level 1:colcon.colcon_core.environment:checking '/home/shiva/Documents/AGV_Kalman_Filter_Robot/robo_car/install/robot_car_controller/bin'
[0.998s] INFO:colcon.colcon_core.shell:Creating package script '/home/shiva/Documents/AGV_Kalman_Filter_Robot/robo_car/install/robot_car_controller/share/robot_car_controller/package.ps1'
[0.998s] INFO:colcon.colcon_core.shell:Creating package descriptor '/home/shiva/Documents/AGV_Kalman_Filter_Robot/robo_car/install/robot_car_controller/share/robot_car_controller/package.dsv'
[0.998s] INFO:colcon.colcon_core.shell:Creating package script '/home/shiva/Documents/AGV_Kalman_Filter_Robot/robo_car/install/robot_car_controller/share/robot_car_controller/package.sh'
[0.999s] INFO:colcon.colcon_core.shell:Creating package script '/home/shiva/Documents/AGV_Kalman_Filter_Robot/robo_car/install/robot_car_controller/share/robot_car_controller/package.bash'
[0.999s] INFO:colcon.colcon_core.shell:Creating package script '/home/shiva/Documents/AGV_Kalman_Filter_Robot/robo_car/install/robot_car_controller/share/robot_car_controller/package.zsh'
[0.999s] Level 1:colcon.colcon_core.environment:create_file_with_runtime_dependencies(/home/shiva/Documents/AGV_Kalman_Filter_Robot/robo_car/install/robot_car_controller/share/colcon-core/packages/robot_car_controller)
[1.000s] DEBUG:colcon.colcon_parallel_executor.executor.parallel:closing loop
[1.000s] DEBUG:colcon.colcon_parallel_executor.executor.parallel:loop closed
[1.000s] DEBUG:colcon.colcon_parallel_executor.executor.parallel:run_until_complete finished with '0'
[1.000s] DEBUG:colcon.colcon_core.event_reactor:joining thread
[1.005s] INFO:colcon.colcon_core.plugin_system:Skipping extension 'colcon_notification.desktop_notification.terminal_notifier': Not used on non-Darwin systems
[1.005s] INFO:colcon.colcon_core.plugin_system:Skipping extension 'colcon_notification.desktop_notification.win32': Not used on non-Windows systems
[1.005s] INFO:colcon.colcon_notification.desktop_notification:Sending desktop notification using 'notify2'
[1.013s] DEBUG:colcon.colcon_core.event_reactor:joined thread
[1.014s] INFO:colcon.colcon_core.shell:Creating prefix script '/home/shiva/Documents/AGV_Kalman_Filter_Robot/robo_car/install/local_setup.ps1'
[1.014s] INFO:colcon.colcon_core.shell:Creating prefix util module '/home/shiva/Documents/AGV_Kalman_Filter_Robot/robo_car/install/_local_setup_util_ps1.py'
[1.016s] INFO:colcon.colcon_core.shell:Creating prefix chain script '/home/shiva/Documents/AGV_Kalman_Filter_Robot/robo_car/install/setup.ps1'
[1.017s] INFO:colcon.colcon_core.shell:Creating prefix script '/home/shiva/Documents/AGV_Kalman_Filter_Robot/robo_car/install/local_setup.sh'
[1.018s] INFO:colcon.colcon_core.shell:Creating prefix util module '/home/shiva/Documents/AGV_Kalman_Filter_Robot/robo_car/install/_local_setup_util_sh.py'
[1.018s] INFO:colcon.colcon_core.shell:Creating prefix chain script '/home/shiva/Documents/AGV_Kalman_Filter_Robot/robo_car/install/setup.sh'
[1.019s] INFO:colcon.colcon_core.shell:Creating prefix script '/home/shiva/Documents/AGV_Kalman_Filter_Robot/robo_car/install/local_setup.bash'
[1.020s] INFO:colcon.colcon_core.shell:Creating prefix chain script '/home/shiva/Documents/AGV_Kalman_Filter_Robot/robo_car/install/setup.bash'
[1.021s] INFO:colcon.colcon_core.shell:Creating prefix script '/home/shiva/Documents/AGV_Kalman_Filter_Robot/robo_car/install/local_setup.zsh'
[1.022s] INFO:colcon.colcon_core.shell:Creating prefix chain script '/home/shiva/Documents/AGV_Kalman_Filter_Robot/robo_car/install/setup.zsh'
