[0.092s] DEBUG:colcon:Command line arguments: ['/usr/bin/colcon', 'build']
[0.092s] DEBUG:colcon:Parsed command line arguments: Namespace(log_base=None, log_level=None, verb_name='build', build_base='build', install_base='install', merge_install=False, symlink_install=False, test_result_base=None, continue_on_error=False, executor='parallel', parallel_workers=8, event_handlers=None, ignore_user_meta=False, metas=['./colcon.meta'], base_paths=['.'], packages_ignore=None, packages_ignore_regex=None, paths=None, packages_up_to=None, packages_up_to_regex=None, packages_above=None, packages_above_and_dependencies=None, packages_above_depth=None, packages_select_by_dep=None, packages_skip_by_dep=None, packages_skip_up_to=None, packages_select_build_failed=False, packages_skip_build_finished=False, packages_select_test_failures=False, packages_skip_test_passed=False, packages_select=None, packages_skip=None, packages_select_regex=None, packages_skip_regex=None, packages_start=None, packages_end=None, allow_overriding=[], cmake_args=None, cmake_target=None, cmake_target_skip_unavailable=False, cmake_clean_cache=False, cmake_clean_first=False, cmake_force_configure=False, ament_cmake_args=None, catkin_cmake_args=None, catkin_skip_building_tests=False, mixin_files=None, mixin=None, verb_parser=<colcon_mixin.mixin.mixin_argument.MixinArgumentDecorator object at 0x77287e7362f0>, verb_extension=<colcon_core.verb.build.BuildVerb object at 0x77287e735c60>, main=<bound method BuildVerb.main of <colcon_core.verb.build.BuildVerb object at 0x77287e735c60>>, mixin_verb=('build',))
[0.240s] Level 1:colcon.colcon_core.package_discovery:discover_packages(colcon_meta) check parameters
[0.241s] Level 1:colcon.colcon_core.package_discovery:discover_packages(recursive) check parameters
[0.241s] Level 1:colcon.colcon_core.package_discovery:discover_packages(ignore) check parameters
[0.241s] Level 1:colcon.colcon_core.package_discovery:discover_packages(path) check parameters
[0.241s] Level 1:colcon.colcon_core.package_discovery:discover_packages(colcon_meta) discover
[0.241s] Level 1:colcon.colcon_core.package_discovery:discover_packages(recursive) discover
[0.241s] INFO:colcon.colcon_core.package_discovery:Crawling recursively for packages in '/home/shiva/Documents/AGV_Kalman_Filter_Robot/robo_car'
[0.241s] Level 1:colcon.colcon_core.package_identification:_identify(.) by extensions ['ignore', 'ignore_ament_install']
[0.241s] Level 1:colcon.colcon_core.package_identification:_identify(.) by extension 'ignore'
[0.241s] Level 1:colcon.colcon_core.package_identification:_identify(.) by extension 'ignore_ament_install'
[0.241s] Level 1:colcon.colcon_core.package_identification:_identify(.) by extensions ['colcon_pkg']
[0.241s] Level 1:colcon.colcon_core.package_identification:_identify(.) by extension 'colcon_pkg'
[0.241s] Level 1:colcon.colcon_core.package_identification:_identify(.) by extensions ['colcon_meta']
[0.241s] Level 1:colcon.colcon_core.package_identification:_identify(.) by extension 'colcon_meta'
[0.241s] Level 1:colcon.colcon_core.package_identification:_identify(.) by extensions ['ros']
[0.241s] Level 1:colcon.colcon_core.package_identification:_identify(.) by extension 'ros'
[0.250s] Level 1:colcon.colcon_core.package_identification:_identify(.) by extensions ['cmake', 'python']
[0.250s] Level 1:colcon.colcon_core.package_identification:_identify(.) by extension 'cmake'
[0.250s] Level 1:colcon.colcon_core.package_identification:_identify(.) by extension 'python'
[0.250s] Level 1:colcon.colcon_core.package_identification:_identify(.) by extensions ['python_setup_py']
[0.250s] Level 1:colcon.colcon_core.package_identification:_identify(.) by extension 'python_setup_py'
[0.250s] Level 1:colcon.colcon_core.package_identification:_identify(build) by extensions ['ignore', 'ignore_ament_install']
[0.251s] Level 1:colcon.colcon_core.package_identification:_identify(build) by extension 'ignore'
[0.251s] Level 1:colcon.colcon_core.package_identification:_identify(build) ignored
[0.251s] Level 1:colcon.colcon_core.package_identification:_identify(install) by extensions ['ignore', 'ignore_ament_install']
[0.251s] Level 1:colcon.colcon_core.package_identification:_identify(install) by extension 'ignore'
[0.251s] Level 1:colcon.colcon_core.package_identification:_identify(install) ignored
[0.251s] Level 1:colcon.colcon_core.package_identification:_identify(log) by extensions ['ignore', 'ignore_ament_install']
[0.251s] Level 1:colcon.colcon_core.package_identification:_identify(log) by extension 'ignore'
[0.251s] Level 1:colcon.colcon_core.package_identification:_identify(log) ignored
[0.251s] Level 1:colcon.colcon_core.package_identification:_identify(src) by extensions ['ignore', 'ignore_ament_install']
[0.251s] Level 1:colcon.colcon_core.package_identification:_identify(src) by extension 'ignore'
[0.251s] Level 1:colcon.colcon_core.package_identification:_identify(src) by extension 'ignore_ament_install'
[0.251s] Level 1:colcon.colcon_core.package_identification:_identify(src) by extensions ['colcon_pkg']
[0.251s] Level 1:colcon.colcon_core.package_identification:_identify(src) by extension 'colcon_pkg'
[0.251s] Level 1:colcon.colcon_core.package_identification:_identify(src) by extensions ['colcon_meta']
[0.251s] Level 1:colcon.colcon_core.package_identification:_identify(src) by extension 'colcon_meta'
[0.251s] Level 1:colcon.colcon_core.package_identification:_identify(src) by extensions ['ros']
[0.251s] Level 1:colcon.colcon_core.package_identification:_identify(src) by extension 'ros'
[0.251s] Level 1:colcon.colcon_core.package_identification:_identify(src) by extensions ['cmake', 'python']
[0.251s] Level 1:colcon.colcon_core.package_identification:_identify(src) by extension 'cmake'
[0.251s] Level 1:colcon.colcon_core.package_identification:_identify(src) by extension 'python'
[0.251s] Level 1:colcon.colcon_core.package_identification:_identify(src) by extensions ['python_setup_py']
[0.252s] Level 1:colcon.colcon_core.package_identification:_identify(src) by extension 'python_setup_py'
[0.252s] Level 1:colcon.colcon_core.package_identification:_identify(src/robot_car_bringup) by extensions ['ignore', 'ignore_ament_install']
[0.252s] Level 1:colcon.colcon_core.package_identification:_identify(src/robot_car_bringup) by extension 'ignore'
[0.252s] Level 1:colcon.colcon_core.package_identification:_identify(src/robot_car_bringup) by extension 'ignore_ament_install'
[0.252s] Level 1:colcon.colcon_core.package_identification:_identify(src/robot_car_bringup) by extensions ['colcon_pkg']
[0.252s] Level 1:colcon.colcon_core.package_identification:_identify(src/robot_car_bringup) by extension 'colcon_pkg'
[0.252s] Level 1:colcon.colcon_core.package_identification:_identify(src/robot_car_bringup) by extensions ['colcon_meta']
[0.252s] Level 1:colcon.colcon_core.package_identification:_identify(src/robot_car_bringup) by extension 'colcon_meta'
[0.252s] Level 1:colcon.colcon_core.package_identification:_identify(src/robot_car_bringup) by extensions ['ros']
[0.252s] Level 1:colcon.colcon_core.package_identification:_identify(src/robot_car_bringup) by extension 'ros'
[0.254s] DEBUG:colcon.colcon_core.package_identification:Package 'src/robot_car_bringup' with type 'ros.ament_cmake' and name 'robot_car_bringup'
[0.254s] Level 1:colcon.colcon_core.package_identification:_identify(src/robot_car_controller) by extensions ['ignore', 'ignore_ament_install']
[0.254s] Level 1:colcon.colcon_core.package_identification:_identify(src/robot_car_controller) by extension 'ignore'
[0.254s] Level 1:colcon.colcon_core.package_identification:_identify(src/robot_car_controller) by extension 'ignore_ament_install'
[0.254s] Level 1:colcon.colcon_core.package_identification:_identify(src/robot_car_controller) by extensions ['colcon_pkg']
[0.254s] Level 1:colcon.colcon_core.package_identification:_identify(src/robot_car_controller) by extension 'colcon_pkg'
[0.254s] Level 1:colcon.colcon_core.package_identification:_identify(src/robot_car_controller) by extensions ['colcon_meta']
[0.254s] Level 1:colcon.colcon_core.package_identification:_identify(src/robot_car_controller) by extension 'colcon_meta'
[0.254s] Level 1:colcon.colcon_core.package_identification:_identify(src/robot_car_controller) by extensions ['ros']
[0.254s] Level 1:colcon.colcon_core.package_identification:_identify(src/robot_car_controller) by extension 'ros'
[0.255s] DEBUG:colcon.colcon_core.package_identification:Package 'src/robot_car_controller' with type 'ros.ament_cmake' and name 'robot_car_controller'
[0.255s] Level 1:colcon.colcon_core.package_identification:_identify(src/robot_car_description) by extensions ['ignore', 'ignore_ament_install']
[0.255s] Level 1:colcon.colcon_core.package_identification:_identify(src/robot_car_description) by extension 'ignore'
[0.256s] Level 1:colcon.colcon_core.package_identification:_identify(src/robot_car_description) by extension 'ignore_ament_install'
[0.256s] Level 1:colcon.colcon_core.package_identification:_identify(src/robot_car_description) by extensions ['colcon_pkg']
[0.256s] Level 1:colcon.colcon_core.package_identification:_identify(src/robot_car_description) by extension 'colcon_pkg'
[0.256s] Level 1:colcon.colcon_core.package_identification:_identify(src/robot_car_description) by extensions ['colcon_meta']
[0.256s] Level 1:colcon.colcon_core.package_identification:_identify(src/robot_car_description) by extension 'colcon_meta'
[0.256s] Level 1:colcon.colcon_core.package_identification:_identify(src/robot_car_description) by extensions ['ros']
[0.256s] Level 1:colcon.colcon_core.package_identification:_identify(src/robot_car_description) by extension 'ros'
[0.258s] DEBUG:colcon.colcon_core.package_identification:Package 'src/robot_car_description' with type 'ros.ament_cmake' and name 'robot_car_description'
[0.258s] Level 1:colcon.colcon_core.package_identification:_identify(src/robot_car_localization) by extensions ['ignore', 'ignore_ament_install']
[0.258s] Level 1:colcon.colcon_core.package_identification:_identify(src/robot_car_localization) by extension 'ignore'
[0.258s] Level 1:colcon.colcon_core.package_identification:_identify(src/robot_car_localization) by extension 'ignore_ament_install'
[0.258s] Level 1:colcon.colcon_core.package_identification:_identify(src/robot_car_localization) by extensions ['colcon_pkg']
[0.258s] Level 1:colcon.colcon_core.package_identification:_identify(src/robot_car_localization) by extension 'colcon_pkg'
[0.258s] Level 1:colcon.colcon_core.package_identification:_identify(src/robot_car_localization) by extensions ['colcon_meta']
[0.258s] Level 1:colcon.colcon_core.package_identification:_identify(src/robot_car_localization) by extension 'colcon_meta'
[0.258s] Level 1:colcon.colcon_core.package_identification:_identify(src/robot_car_localization) by extensions ['ros']
[0.258s] Level 1:colcon.colcon_core.package_identification:_identify(src/robot_car_localization) by extension 'ros'
[0.259s] DEBUG:colcon.colcon_core.package_identification:Package 'src/robot_car_localization' with type 'ros.ament_cmake' and name 'robot_car_localization'
[0.259s] Level 1:colcon.colcon_core.package_discovery:discover_packages(recursive) using defaults
[0.259s] Level 1:colcon.colcon_core.package_discovery:discover_packages(ignore) discover
[0.259s] Level 1:colcon.colcon_core.package_discovery:discover_packages(ignore) using defaults
[0.259s] Level 1:colcon.colcon_core.package_discovery:discover_packages(path) discover
[0.259s] Level 1:colcon.colcon_core.package_discovery:discover_packages(path) using defaults
[0.283s] Level 1:colcon.colcon_core.package_discovery:discover_packages(prefix_path) check parameters
[0.283s] Level 1:colcon.colcon_core.package_discovery:discover_packages(prefix_path) discover
[0.284s] WARNING:colcon.colcon_core.prefix_path.colcon:The path '/home/shiva/Documents/AGV_Kalman_Filter_Robot/install' in the environment variable COLCON_PREFIX_PATH doesn't exist
[0.284s] WARNING:colcon.colcon_ros.prefix_path.ament:The path '/home/shiva/Documents/AGV_Kalman_Filter_Robot/install/robot_car_localization' in the environment variable AMENT_PREFIX_PATH doesn't exist
[0.284s] WARNING:colcon.colcon_ros.prefix_path.ament:The path '/home/shiva/Documents/AGV_Kalman_Filter_Robot/install/robot_car_description' in the environment variable AMENT_PREFIX_PATH doesn't exist
[0.284s] WARNING:colcon.colcon_ros.prefix_path.ament:The path '/home/shiva/Documents/AGV_Kalman_Filter_Robot/install/robot_car_controller' in the environment variable AMENT_PREFIX_PATH doesn't exist
[0.284s] WARNING:colcon.colcon_ros.prefix_path.ament:The path '/home/shiva/Documents/AGV_Kalman_Filter_Robot/install/robot_car_bringup' in the environment variable AMENT_PREFIX_PATH doesn't exist
[0.285s] WARNING:colcon.colcon_ros.prefix_path.catkin:The path '/home/shiva/Documents/AGV_Kalman_Filter_Robot/install/robot_car_localization' in the environment variable CMAKE_PREFIX_PATH doesn't exist
[0.285s] WARNING:colcon.colcon_ros.prefix_path.catkin:The path '/home/shiva/Documents/AGV_Kalman_Filter_Robot/install/robot_car_description' in the environment variable CMAKE_PREFIX_PATH doesn't exist
[0.285s] WARNING:colcon.colcon_ros.prefix_path.catkin:The path '/home/shiva/Documents/AGV_Kalman_Filter_Robot/install/robot_car_controller' in the environment variable CMAKE_PREFIX_PATH doesn't exist
[0.285s] WARNING:colcon.colcon_ros.prefix_path.catkin:The path '/home/shiva/Documents/AGV_Kalman_Filter_Robot/install/robot_car_bringup' in the environment variable CMAKE_PREFIX_PATH doesn't exist
[0.285s] DEBUG:colcon.colcon_installed_package_information.package_discovery:Found 2 installed packages in /home/shiva/Documents/bumperbot_wrkspc/install
[0.286s] DEBUG:colcon.colcon_installed_package_information.package_discovery:Found 7 installed packages in /home/shiva/Documents/robot_arm/install
[0.286s] DEBUG:colcon.colcon_installed_package_information.package_discovery:Found 3 installed packages in /home/shiva/Documents/wrk_spc/install
[0.287s] DEBUG:colcon.colcon_installed_package_information.package_discovery:Found 333 installed packages in /opt/ros/humble
[0.288s] Level 1:colcon.colcon_core.package_discovery:discover_packages(prefix_path) using defaults
[0.324s] Level 5:colcon.colcon_core.verb:set package 'robot_car_bringup' build argument 'cmake_args' from command line to 'None'
[0.324s] Level 5:colcon.colcon_core.verb:set package 'robot_car_bringup' build argument 'cmake_target' from command line to 'None'
[0.324s] Level 5:colcon.colcon_core.verb:set package 'robot_car_bringup' build argument 'cmake_target_skip_unavailable' from command line to 'False'
[0.324s] Level 5:colcon.colcon_core.verb:set package 'robot_car_bringup' build argument 'cmake_clean_cache' from command line to 'False'
[0.324s] Level 5:colcon.colcon_core.verb:set package 'robot_car_bringup' build argument 'cmake_clean_first' from command line to 'False'
[0.324s] Level 5:colcon.colcon_core.verb:set package 'robot_car_bringup' build argument 'cmake_force_configure' from command line to 'False'
[0.324s] Level 5:colcon.colcon_core.verb:set package 'robot_car_bringup' build argument 'ament_cmake_args' from command line to 'None'
[0.324s] Level 5:colcon.colcon_core.verb:set package 'robot_car_bringup' build argument 'catkin_cmake_args' from command line to 'None'
[0.324s] Level 5:colcon.colcon_core.verb:set package 'robot_car_bringup' build argument 'catkin_skip_building_tests' from command line to 'False'
[0.324s] DEBUG:colcon.colcon_core.verb:Building package 'robot_car_bringup' with the following arguments: {'ament_cmake_args': None, 'build_base': '/home/shiva/Documents/AGV_Kalman_Filter_Robot/robo_car/build/robot_car_bringup', 'catkin_cmake_args': None, 'catkin_skip_building_tests': False, 'cmake_args': None, 'cmake_clean_cache': False, 'cmake_clean_first': False, 'cmake_force_configure': False, 'cmake_target': None, 'cmake_target_skip_unavailable': False, 'install_base': '/home/shiva/Documents/AGV_Kalman_Filter_Robot/robo_car/install/robot_car_bringup', 'merge_install': False, 'path': '/home/shiva/Documents/AGV_Kalman_Filter_Robot/robo_car/src/robot_car_bringup', 'symlink_install': False, 'test_result_base': None}
[0.324s] Level 5:colcon.colcon_core.verb:set package 'robot_car_controller' build argument 'cmake_args' from command line to 'None'
[0.324s] Level 5:colcon.colcon_core.verb:set package 'robot_car_controller' build argument 'cmake_target' from command line to 'None'
[0.324s] Level 5:colcon.colcon_core.verb:set package 'robot_car_controller' build argument 'cmake_target_skip_unavailable' from command line to 'False'
[0.324s] Level 5:colcon.colcon_core.verb:set package 'robot_car_controller' build argument 'cmake_clean_cache' from command line to 'False'
[0.324s] Level 5:colcon.colcon_core.verb:set package 'robot_car_controller' build argument 'cmake_clean_first' from command line to 'False'
[0.324s] Level 5:colcon.colcon_core.verb:set package 'robot_car_controller' build argument 'cmake_force_configure' from command line to 'False'
[0.324s] Level 5:colcon.colcon_core.verb:set package 'robot_car_controller' build argument 'ament_cmake_args' from command line to 'None'
[0.324s] Level 5:colcon.colcon_core.verb:set package 'robot_car_controller' build argument 'catkin_cmake_args' from command line to 'None'
[0.324s] Level 5:colcon.colcon_core.verb:set package 'robot_car_controller' build argument 'catkin_skip_building_tests' from command line to 'False'
[0.324s] DEBUG:colcon.colcon_core.verb:Building package 'robot_car_controller' with the following arguments: {'ament_cmake_args': None, 'build_base': '/home/shiva/Documents/AGV_Kalman_Filter_Robot/robo_car/build/robot_car_controller', 'catkin_cmake_args': None, 'catkin_skip_building_tests': False, 'cmake_args': None, 'cmake_clean_cache': False, 'cmake_clean_first': False, 'cmake_force_configure': False, 'cmake_target': None, 'cmake_target_skip_unavailable': False, 'install_base': '/home/shiva/Documents/AGV_Kalman_Filter_Robot/robo_car/install/robot_car_controller', 'merge_install': False, 'path': '/home/shiva/Documents/AGV_Kalman_Filter_Robot/robo_car/src/robot_car_controller', 'symlink_install': False, 'test_result_base': None}
[0.325s] Level 5:colcon.colcon_core.verb:set package 'robot_car_description' build argument 'cmake_args' from command line to 'None'
[0.325s] Level 5:colcon.colcon_core.verb:set package 'robot_car_description' build argument 'cmake_target' from command line to 'None'
[0.325s] Level 5:colcon.colcon_core.verb:set package 'robot_car_description' build argument 'cmake_target_skip_unavailable' from command line to 'False'
[0.325s] Level 5:colcon.colcon_core.verb:set package 'robot_car_description' build argument 'cmake_clean_cache' from command line to 'False'
[0.325s] Level 5:colcon.colcon_core.verb:set package 'robot_car_description' build argument 'cmake_clean_first' from command line to 'False'
[0.325s] Level 5:colcon.colcon_core.verb:set package 'robot_car_description' build argument 'cmake_force_configure' from command line to 'False'
[0.325s] Level 5:colcon.colcon_core.verb:set package 'robot_car_description' build argument 'ament_cmake_args' from command line to 'None'
[0.325s] Level 5:colcon.colcon_core.verb:set package 'robot_car_description' build argument 'catkin_cmake_args' from command line to 'None'
[0.325s] Level 5:colcon.colcon_core.verb:set package 'robot_car_description' build argument 'catkin_skip_building_tests' from command line to 'False'
[0.325s] DEBUG:colcon.colcon_core.verb:Building package 'robot_car_description' with the following arguments: {'ament_cmake_args': None, 'build_base': '/home/shiva/Documents/AGV_Kalman_Filter_Robot/robo_car/build/robot_car_description', 'catkin_cmake_args': None, 'catkin_skip_building_tests': False, 'cmake_args': None, 'cmake_clean_cache': False, 'cmake_clean_first': False, 'cmake_force_configure': False, 'cmake_target': None, 'cmake_target_skip_unavailable': False, 'install_base': '/home/shiva/Documents/AGV_Kalman_Filter_Robot/robo_car/install/robot_car_description', 'merge_install': False, 'path': '/home/shiva/Documents/AGV_Kalman_Filter_Robot/robo_car/src/robot_car_description', 'symlink_install': False, 'test_result_base': None}
[0.325s] Level 5:colcon.colcon_core.verb:set package 'robot_car_localization' build argument 'cmake_args' from command line to 'None'
[0.325s] Level 5:colcon.colcon_core.verb:set package 'robot_car_localization' build argument 'cmake_target' from command line to 'None'
[0.325s] Level 5:colcon.colcon_core.verb:set package 'robot_car_localization' build argument 'cmake_target_skip_unavailable' from command line to 'False'
[0.325s] Level 5:colcon.colcon_core.verb:set package 'robot_car_localization' build argument 'cmake_clean_cache' from command line to 'False'
[0.325s] Level 5:colcon.colcon_core.verb:set package 'robot_car_localization' build argument 'cmake_clean_first' from command line to 'False'
[0.325s] Level 5:colcon.colcon_core.verb:set package 'robot_car_localization' build argument 'cmake_force_configure' from command line to 'False'
[0.325s] Level 5:colcon.colcon_core.verb:set package 'robot_car_localization' build argument 'ament_cmake_args' from command line to 'None'
[0.325s] Level 5:colcon.colcon_core.verb:set package 'robot_car_localization' build argument 'catkin_cmake_args' from command line to 'None'
[0.325s] Level 5:colcon.colcon_core.verb:set package 'robot_car_localization' build argument 'catkin_skip_building_tests' from command line to 'False'
[0.325s] DEBUG:colcon.colcon_core.verb:Building package 'robot_car_localization' with the following arguments: {'ament_cmake_args': None, 'build_base': '/home/shiva/Documents/AGV_Kalman_Filter_Robot/robo_car/build/robot_car_localization', 'catkin_cmake_args': None, 'catkin_skip_building_tests': False, 'cmake_args': None, 'cmake_clean_cache': False, 'cmake_clean_first': False, 'cmake_force_configure': False, 'cmake_target': None, 'cmake_target_skip_unavailable': False, 'install_base': '/home/shiva/Documents/AGV_Kalman_Filter_Robot/robo_car/install/robot_car_localization', 'merge_install': False, 'path': '/home/shiva/Documents/AGV_Kalman_Filter_Robot/robo_car/src/robot_car_localization', 'symlink_install': False, 'test_result_base': None}
[0.325s] INFO:colcon.colcon_core.executor:Executing jobs using 'parallel' executor
[0.326s] DEBUG:colcon.colcon_parallel_executor.executor.parallel:run_until_complete
[0.326s] INFO:colcon.colcon_ros.task.ament_cmake.build:Building ROS package in '/home/shiva/Documents/AGV_Kalman_Filter_Robot/robo_car/src/robot_car_bringup' with build type 'ament_cmake'
[0.327s] INFO:colcon.colcon_cmake.task.cmake.build:Building CMake package in '/home/shiva/Documents/AGV_Kalman_Filter_Robot/robo_car/src/robot_car_bringup'
[0.328s] INFO:colcon.colcon_core.plugin_system:Skipping extension 'colcon_core.shell.bat': Not used on non-Windows systems
[0.328s] INFO:colcon.colcon_core.shell:Skip shell extension 'powershell' for command environment: Not usable outside of PowerShell
[0.328s] DEBUG:colcon.colcon_core.shell:Skip shell extension 'dsv' for command environment
[0.332s] INFO:colcon.colcon_ros.task.ament_cmake.build:Building ROS package in '/home/shiva/Documents/AGV_Kalman_Filter_Robot/robo_car/src/robot_car_controller' with build type 'ament_cmake'
[0.332s] INFO:colcon.colcon_cmake.task.cmake.build:Building CMake package in '/home/shiva/Documents/AGV_Kalman_Filter_Robot/robo_car/src/robot_car_controller'
[0.332s] INFO:colcon.colcon_core.shell:Skip shell extension 'powershell' for command environment: Not usable outside of PowerShell
[0.332s] DEBUG:colcon.colcon_core.shell:Skip shell extension 'dsv' for command environment
[0.335s] INFO:colcon.colcon_ros.task.ament_cmake.build:Building ROS package in '/home/shiva/Documents/AGV_Kalman_Filter_Robot/robo_car/src/robot_car_description' with build type 'ament_cmake'
[0.336s] INFO:colcon.colcon_cmake.task.cmake.build:Building CMake package in '/home/shiva/Documents/AGV_Kalman_Filter_Robot/robo_car/src/robot_car_description'
[0.336s] INFO:colcon.colcon_core.shell:Skip shell extension 'powershell' for command environment: Not usable outside of PowerShell
[0.336s] DEBUG:colcon.colcon_core.shell:Skip shell extension 'dsv' for command environment
[0.339s] INFO:colcon.colcon_ros.task.ament_cmake.build:Building ROS package in '/home/shiva/Documents/AGV_Kalman_Filter_Robot/robo_car/src/robot_car_localization' with build type 'ament_cmake'
[0.339s] INFO:colcon.colcon_cmake.task.cmake.build:Building CMake package in '/home/shiva/Documents/AGV_Kalman_Filter_Robot/robo_car/src/robot_car_localization'
[0.339s] INFO:colcon.colcon_core.shell:Skip shell extension 'powershell' for command environment: Not usable outside of PowerShell
[0.339s] DEBUG:colcon.colcon_core.shell:Skip shell extension 'dsv' for command environment
[0.347s] DEBUG:colcon.colcon_core.event_handler.log_command:Invoking command in '/home/shiva/Documents/AGV_Kalman_Filter_Robot/robo_car/build/robot_car_bringup': CMAKE_PREFIX_PATH=${CMAKE_PREFIX_PATH}:/home/shiva/Documents/wrk_spc/install/my_pkg:/opt/ros/humble /usr/bin/cmake /home/shiva/Documents/AGV_Kalman_Filter_Robot/robo_car/src/robot_car_bringup -DCMAKE_INSTALL_PREFIX=/home/shiva/Documents/AGV_Kalman_Filter_Robot/robo_car/install/robot_car_bringup
[0.349s] DEBUG:colcon.colcon_core.event_handler.log_command:Invoking command in '/home/shiva/Documents/AGV_Kalman_Filter_Robot/robo_car/build/robot_car_controller': CMAKE_PREFIX_PATH=${CMAKE_PREFIX_PATH}:/home/shiva/Documents/wrk_spc/install/my_pkg:/opt/ros/humble /usr/bin/cmake /home/shiva/Documents/AGV_Kalman_Filter_Robot/robo_car/src/robot_car_controller -DCMAKE_INSTALL_PREFIX=/home/shiva/Documents/AGV_Kalman_Filter_Robot/robo_car/install/robot_car_controller
[0.352s] DEBUG:colcon.colcon_core.event_handler.log_command:Invoking command in '/home/shiva/Documents/AGV_Kalman_Filter_Robot/robo_car/build/robot_car_description': CMAKE_PREFIX_PATH=${CMAKE_PREFIX_PATH}:/home/shiva/Documents/wrk_spc/install/my_pkg:/opt/ros/humble /usr/bin/cmake /home/shiva/Documents/AGV_Kalman_Filter_Robot/robo_car/src/robot_car_description -DCMAKE_INSTALL_PREFIX=/home/shiva/Documents/AGV_Kalman_Filter_Robot/robo_car/install/robot_car_description
[0.356s] DEBUG:colcon.colcon_core.event_handler.log_command:Invoking command in '/home/shiva/Documents/AGV_Kalman_Filter_Robot/robo_car/build/robot_car_localization': CMAKE_PREFIX_PATH=${CMAKE_PREFIX_PATH}:/home/shiva/Documents/wrk_spc/install/my_pkg:/opt/ros/humble /usr/bin/cmake /home/shiva/Documents/AGV_Kalman_Filter_Robot/robo_car/src/robot_car_localization -DCMAKE_INSTALL_PREFIX=/home/shiva/Documents/AGV_Kalman_Filter_Robot/robo_car/install/robot_car_localization
[1.941s] DEBUG:colcon.colcon_core.event_handler.log_command:Invoked command in '/home/shiva/Documents/AGV_Kalman_Filter_Robot/robo_car/build/robot_car_bringup' returned '0': CMAKE_PREFIX_PATH=${CMAKE_PREFIX_PATH}:/home/shiva/Documents/wrk_spc/install/my_pkg:/opt/ros/humble /usr/bin/cmake /home/shiva/Documents/AGV_Kalman_Filter_Robot/robo_car/src/robot_car_bringup -DCMAKE_INSTALL_PREFIX=/home/shiva/Documents/AGV_Kalman_Filter_Robot/robo_car/install/robot_car_bringup
[1.942s] DEBUG:colcon.colcon_core.event_handler.log_command:Invoking command in '/home/shiva/Documents/AGV_Kalman_Filter_Robot/robo_car/build/robot_car_bringup': CMAKE_PREFIX_PATH=${CMAKE_PREFIX_PATH}:/home/shiva/Documents/wrk_spc/install/my_pkg:/opt/ros/humble /usr/bin/cmake --build /home/shiva/Documents/AGV_Kalman_Filter_Robot/robo_car/build/robot_car_bringup -- -j8 -l8
[1.990s] DEBUG:colcon.colcon_core.event_handler.log_command:Invoked command in '/home/shiva/Documents/AGV_Kalman_Filter_Robot/robo_car/build/robot_car_bringup' returned '0': CMAKE_PREFIX_PATH=${CMAKE_PREFIX_PATH}:/home/shiva/Documents/wrk_spc/install/my_pkg:/opt/ros/humble /usr/bin/cmake --build /home/shiva/Documents/AGV_Kalman_Filter_Robot/robo_car/build/robot_car_bringup -- -j8 -l8
[2.027s] DEBUG:colcon.colcon_core.event_handler.log_command:Invoking command in '/home/shiva/Documents/AGV_Kalman_Filter_Robot/robo_car/build/robot_car_bringup': CMAKE_PREFIX_PATH=${CMAKE_PREFIX_PATH}:/home/shiva/Documents/wrk_spc/install/my_pkg:/opt/ros/humble /usr/bin/cmake --install /home/shiva/Documents/AGV_Kalman_Filter_Robot/robo_car/build/robot_car_bringup
[2.044s] Level 1:colcon.colcon_core.environment:create_environment_scripts_only(robot_car_bringup)
[2.045s] DEBUG:colcon.colcon_core.event_handler.log_command:Invoked command in '/home/shiva/Documents/AGV_Kalman_Filter_Robot/robo_car/build/robot_car_bringup' returned '0': CMAKE_PREFIX_PATH=${CMAKE_PREFIX_PATH}:/home/shiva/Documents/wrk_spc/install/my_pkg:/opt/ros/humble /usr/bin/cmake --install /home/shiva/Documents/AGV_Kalman_Filter_Robot/robo_car/build/robot_car_bringup
[2.049s] Level 1:colcon.colcon_core.environment:checking '/home/shiva/Documents/AGV_Kalman_Filter_Robot/robo_car/install/robot_car_bringup' for CMake module files
[2.050s] Level 1:colcon.colcon_core.environment:checking '/home/shiva/Documents/AGV_Kalman_Filter_Robot/robo_car/install/robot_car_bringup' for CMake config files
[2.050s] Level 1:colcon.colcon_core.shell:create_environment_hook('robot_car_bringup', 'cmake_prefix_path')
[2.050s] INFO:colcon.colcon_core.shell:Creating environment hook '/home/shiva/Documents/AGV_Kalman_Filter_Robot/robo_car/install/robot_car_bringup/share/robot_car_bringup/hook/cmake_prefix_path.ps1'
[2.051s] INFO:colcon.colcon_core.shell:Creating environment descriptor '/home/shiva/Documents/AGV_Kalman_Filter_Robot/robo_car/install/robot_car_bringup/share/robot_car_bringup/hook/cmake_prefix_path.dsv'
[2.052s] INFO:colcon.colcon_core.shell:Creating environment hook '/home/shiva/Documents/AGV_Kalman_Filter_Robot/robo_car/install/robot_car_bringup/share/robot_car_bringup/hook/cmake_prefix_path.sh'
[2.054s] Level 1:colcon.colcon_core.environment:checking '/home/shiva/Documents/AGV_Kalman_Filter_Robot/robo_car/install/robot_car_bringup/bin'
[2.054s] Level 1:colcon.colcon_core.environment:checking '/home/shiva/Documents/AGV_Kalman_Filter_Robot/robo_car/install/robot_car_bringup/lib/pkgconfig/robot_car_bringup.pc'
[2.054s] Level 1:colcon.colcon_core.environment:checking '/home/shiva/Documents/AGV_Kalman_Filter_Robot/robo_car/install/robot_car_bringup/lib/python3.10/site-packages'
[2.055s] Level 1:colcon.colcon_core.environment:checking '/home/shiva/Documents/AGV_Kalman_Filter_Robot/robo_car/install/robot_car_bringup/bin'
[2.055s] INFO:colcon.colcon_core.shell:Creating package script '/home/shiva/Documents/AGV_Kalman_Filter_Robot/robo_car/install/robot_car_bringup/share/robot_car_bringup/package.ps1'
[2.057s] INFO:colcon.colcon_core.shell:Creating package descriptor '/home/shiva/Documents/AGV_Kalman_Filter_Robot/robo_car/install/robot_car_bringup/share/robot_car_bringup/package.dsv'
[2.058s] INFO:colcon.colcon_core.shell:Creating package script '/home/shiva/Documents/AGV_Kalman_Filter_Robot/robo_car/install/robot_car_bringup/share/robot_car_bringup/package.sh'
[2.060s] INFO:colcon.colcon_core.shell:Creating package script '/home/shiva/Documents/AGV_Kalman_Filter_Robot/robo_car/install/robot_car_bringup/share/robot_car_bringup/package.bash'
[2.061s] INFO:colcon.colcon_core.shell:Creating package script '/home/shiva/Documents/AGV_Kalman_Filter_Robot/robo_car/install/robot_car_bringup/share/robot_car_bringup/package.zsh'
[2.063s] Level 1:colcon.colcon_core.environment:create_file_with_runtime_dependencies(/home/shiva/Documents/AGV_Kalman_Filter_Robot/robo_car/install/robot_car_bringup/share/colcon-core/packages/robot_car_bringup)
[2.093s] Level 1:colcon.colcon_core.environment:create_environment_scripts_only(robot_car_bringup)
[2.093s] Level 1:colcon.colcon_core.environment:checking '/home/shiva/Documents/AGV_Kalman_Filter_Robot/robo_car/install/robot_car_bringup' for CMake module files
[2.094s] Level 1:colcon.colcon_core.environment:checking '/home/shiva/Documents/AGV_Kalman_Filter_Robot/robo_car/install/robot_car_bringup' for CMake config files
[2.094s] Level 1:colcon.colcon_core.shell:create_environment_hook('robot_car_bringup', 'cmake_prefix_path')
[2.095s] INFO:colcon.colcon_core.shell:Creating environment hook '/home/shiva/Documents/AGV_Kalman_Filter_Robot/robo_car/install/robot_car_bringup/share/robot_car_bringup/hook/cmake_prefix_path.ps1'
[2.095s] INFO:colcon.colcon_core.shell:Creating environment descriptor '/home/shiva/Documents/AGV_Kalman_Filter_Robot/robo_car/install/robot_car_bringup/share/robot_car_bringup/hook/cmake_prefix_path.dsv'
[2.096s] INFO:colcon.colcon_core.shell:Creating environment hook '/home/shiva/Documents/AGV_Kalman_Filter_Robot/robo_car/install/robot_car_bringup/share/robot_car_bringup/hook/cmake_prefix_path.sh'
[2.097s] Level 1:colcon.colcon_core.environment:checking '/home/shiva/Documents/AGV_Kalman_Filter_Robot/robo_car/install/robot_car_bringup/bin'
[2.097s] Level 1:colcon.colcon_core.environment:checking '/home/shiva/Documents/AGV_Kalman_Filter_Robot/robo_car/install/robot_car_bringup/lib/pkgconfig/robot_car_bringup.pc'
[2.097s] Level 1:colcon.colcon_core.environment:checking '/home/shiva/Documents/AGV_Kalman_Filter_Robot/robo_car/install/robot_car_bringup/lib/python3.10/site-packages'
[2.098s] Level 1:colcon.colcon_core.environment:checking '/home/shiva/Documents/AGV_Kalman_Filter_Robot/robo_car/install/robot_car_bringup/bin'
[2.098s] INFO:colcon.colcon_core.shell:Creating package script '/home/shiva/Documents/AGV_Kalman_Filter_Robot/robo_car/install/robot_car_bringup/share/robot_car_bringup/package.ps1'
[2.099s] INFO:colcon.colcon_core.shell:Creating package descriptor '/home/shiva/Documents/AGV_Kalman_Filter_Robot/robo_car/install/robot_car_bringup/share/robot_car_bringup/package.dsv'
[2.100s] INFO:colcon.colcon_core.shell:Creating package script '/home/shiva/Documents/AGV_Kalman_Filter_Robot/robo_car/install/robot_car_bringup/share/robot_car_bringup/package.sh'
[2.100s] INFO:colcon.colcon_core.shell:Creating package script '/home/shiva/Documents/AGV_Kalman_Filter_Robot/robo_car/install/robot_car_bringup/share/robot_car_bringup/package.bash'
[2.101s] INFO:colcon.colcon_core.shell:Creating package script '/home/shiva/Documents/AGV_Kalman_Filter_Robot/robo_car/install/robot_car_bringup/share/robot_car_bringup/package.zsh'
[2.102s] Level 1:colcon.colcon_core.environment:create_file_with_runtime_dependencies(/home/shiva/Documents/AGV_Kalman_Filter_Robot/robo_car/install/robot_car_bringup/share/colcon-core/packages/robot_car_bringup)
[2.122s] DEBUG:colcon.colcon_core.event_handler.log_command:Invoked command in '/home/shiva/Documents/AGV_Kalman_Filter_Robot/robo_car/build/robot_car_description' returned '0': CMAKE_PREFIX_PATH=${CMAKE_PREFIX_PATH}:/home/shiva/Documents/wrk_spc/install/my_pkg:/opt/ros/humble /usr/bin/cmake /home/shiva/Documents/AGV_Kalman_Filter_Robot/robo_car/src/robot_car_description -DCMAKE_INSTALL_PREFIX=/home/shiva/Documents/AGV_Kalman_Filter_Robot/robo_car/install/robot_car_description
[2.125s] DEBUG:colcon.colcon_core.event_handler.log_command:Invoking command in '/home/shiva/Documents/AGV_Kalman_Filter_Robot/robo_car/build/robot_car_description': CMAKE_PREFIX_PATH=${CMAKE_PREFIX_PATH}:/home/shiva/Documents/wrk_spc/install/my_pkg:/opt/ros/humble /usr/bin/cmake --build /home/shiva/Documents/AGV_Kalman_Filter_Robot/robo_car/build/robot_car_description -- -j8 -l8
[2.163s] DEBUG:colcon.colcon_core.event_handler.log_command:Invoked command in '/home/shiva/Documents/AGV_Kalman_Filter_Robot/robo_car/build/robot_car_description' returned '0': CMAKE_PREFIX_PATH=${CMAKE_PREFIX_PATH}:/home/shiva/Documents/wrk_spc/install/my_pkg:/opt/ros/humble /usr/bin/cmake --build /home/shiva/Documents/AGV_Kalman_Filter_Robot/robo_car/build/robot_car_description -- -j8 -l8
[2.185s] DEBUG:colcon.colcon_core.event_handler.log_command:Invoking command in '/home/shiva/Documents/AGV_Kalman_Filter_Robot/robo_car/build/robot_car_description': CMAKE_PREFIX_PATH=${CMAKE_PREFIX_PATH}:/home/shiva/Documents/wrk_spc/install/my_pkg:/opt/ros/humble /usr/bin/cmake --install /home/shiva/Documents/AGV_Kalman_Filter_Robot/robo_car/build/robot_car_description
[2.207s] Level 1:colcon.colcon_core.environment:create_environment_scripts_only(robot_car_description)
[2.207s] Level 1:colcon.colcon_core.environment:checking '/home/shiva/Documents/AGV_Kalman_Filter_Robot/robo_car/install/robot_car_description' for CMake module files
[2.208s] DEBUG:colcon.colcon_core.event_handler.log_command:Invoked command in '/home/shiva/Documents/AGV_Kalman_Filter_Robot/robo_car/build/robot_car_description' returned '0': CMAKE_PREFIX_PATH=${CMAKE_PREFIX_PATH}:/home/shiva/Documents/wrk_spc/install/my_pkg:/opt/ros/humble /usr/bin/cmake --install /home/shiva/Documents/AGV_Kalman_Filter_Robot/robo_car/build/robot_car_description
[2.209s] Level 1:colcon.colcon_core.environment:checking '/home/shiva/Documents/AGV_Kalman_Filter_Robot/robo_car/install/robot_car_description' for CMake config files
[2.209s] Level 1:colcon.colcon_core.shell:create_environment_hook('robot_car_description', 'cmake_prefix_path')
[2.209s] INFO:colcon.colcon_core.shell:Creating environment hook '/home/shiva/Documents/AGV_Kalman_Filter_Robot/robo_car/install/robot_car_description/share/robot_car_description/hook/cmake_prefix_path.ps1'
[2.210s] INFO:colcon.colcon_core.shell:Creating environment descriptor '/home/shiva/Documents/AGV_Kalman_Filter_Robot/robo_car/install/robot_car_description/share/robot_car_description/hook/cmake_prefix_path.dsv'
[2.210s] INFO:colcon.colcon_core.shell:Creating environment hook '/home/shiva/Documents/AGV_Kalman_Filter_Robot/robo_car/install/robot_car_description/share/robot_car_description/hook/cmake_prefix_path.sh'
[2.211s] Level 1:colcon.colcon_core.environment:checking '/home/shiva/Documents/AGV_Kalman_Filter_Robot/robo_car/install/robot_car_description/bin'
[2.211s] Level 1:colcon.colcon_core.environment:checking '/home/shiva/Documents/AGV_Kalman_Filter_Robot/robo_car/install/robot_car_description/lib/pkgconfig/robot_car_description.pc'
[2.212s] Level 1:colcon.colcon_core.environment:checking '/home/shiva/Documents/AGV_Kalman_Filter_Robot/robo_car/install/robot_car_description/lib/python3.10/site-packages'
[2.212s] Level 1:colcon.colcon_core.environment:checking '/home/shiva/Documents/AGV_Kalman_Filter_Robot/robo_car/install/robot_car_description/bin'
[2.212s] INFO:colcon.colcon_core.shell:Creating package script '/home/shiva/Documents/AGV_Kalman_Filter_Robot/robo_car/install/robot_car_description/share/robot_car_description/package.ps1'
[2.213s] INFO:colcon.colcon_core.shell:Creating package descriptor '/home/shiva/Documents/AGV_Kalman_Filter_Robot/robo_car/install/robot_car_description/share/robot_car_description/package.dsv'
[2.213s] INFO:colcon.colcon_core.shell:Creating package script '/home/shiva/Documents/AGV_Kalman_Filter_Robot/robo_car/install/robot_car_description/share/robot_car_description/package.sh'
[2.214s] INFO:colcon.colcon_core.shell:Creating package script '/home/shiva/Documents/AGV_Kalman_Filter_Robot/robo_car/install/robot_car_description/share/robot_car_description/package.bash'
[2.214s] INFO:colcon.colcon_core.shell:Creating package script '/home/shiva/Documents/AGV_Kalman_Filter_Robot/robo_car/install/robot_car_description/share/robot_car_description/package.zsh'
[2.215s] Level 1:colcon.colcon_core.environment:create_file_with_runtime_dependencies(/home/shiva/Documents/AGV_Kalman_Filter_Robot/robo_car/install/robot_car_description/share/colcon-core/packages/robot_car_description)
[2.235s] Level 1:colcon.colcon_core.environment:create_environment_scripts_only(robot_car_description)
[2.235s] Level 1:colcon.colcon_core.environment:checking '/home/shiva/Documents/AGV_Kalman_Filter_Robot/robo_car/install/robot_car_description' for CMake module files
[2.236s] Level 1:colcon.colcon_core.environment:checking '/home/shiva/Documents/AGV_Kalman_Filter_Robot/robo_car/install/robot_car_description' for CMake config files
[2.236s] Level 1:colcon.colcon_core.shell:create_environment_hook('robot_car_description', 'cmake_prefix_path')
[2.236s] INFO:colcon.colcon_core.shell:Creating environment hook '/home/shiva/Documents/AGV_Kalman_Filter_Robot/robo_car/install/robot_car_description/share/robot_car_description/hook/cmake_prefix_path.ps1'
[2.237s] INFO:colcon.colcon_core.shell:Creating environment descriptor '/home/shiva/Documents/AGV_Kalman_Filter_Robot/robo_car/install/robot_car_description/share/robot_car_description/hook/cmake_prefix_path.dsv'
[2.237s] INFO:colcon.colcon_core.shell:Creating environment hook '/home/shiva/Documents/AGV_Kalman_Filter_Robot/robo_car/install/robot_car_description/share/robot_car_description/hook/cmake_prefix_path.sh'
[2.238s] Level 1:colcon.colcon_core.environment:checking '/home/shiva/Documents/AGV_Kalman_Filter_Robot/robo_car/install/robot_car_description/bin'
[2.238s] Level 1:colcon.colcon_core.environment:checking '/home/shiva/Documents/AGV_Kalman_Filter_Robot/robo_car/install/robot_car_description/lib/pkgconfig/robot_car_description.pc'
[2.238s] Level 1:colcon.colcon_core.environment:checking '/home/shiva/Documents/AGV_Kalman_Filter_Robot/robo_car/install/robot_car_description/lib/python3.10/site-packages'
[2.238s] Level 1:colcon.colcon_core.environment:checking '/home/shiva/Documents/AGV_Kalman_Filter_Robot/robo_car/install/robot_car_description/bin'
[2.239s] INFO:colcon.colcon_core.shell:Creating package script '/home/shiva/Documents/AGV_Kalman_Filter_Robot/robo_car/install/robot_car_description/share/robot_car_description/package.ps1'
[2.239s] INFO:colcon.colcon_core.shell:Creating package descriptor '/home/shiva/Documents/AGV_Kalman_Filter_Robot/robo_car/install/robot_car_description/share/robot_car_description/package.dsv'
[2.240s] INFO:colcon.colcon_core.shell:Creating package script '/home/shiva/Documents/AGV_Kalman_Filter_Robot/robo_car/install/robot_car_description/share/robot_car_description/package.sh'
[2.240s] INFO:colcon.colcon_core.shell:Creating package script '/home/shiva/Documents/AGV_Kalman_Filter_Robot/robo_car/install/robot_car_description/share/robot_car_description/package.bash'
[2.241s] INFO:colcon.colcon_core.shell:Creating package script '/home/shiva/Documents/AGV_Kalman_Filter_Robot/robo_car/install/robot_car_description/share/robot_car_description/package.zsh'
[2.241s] Level 1:colcon.colcon_core.environment:create_file_with_runtime_dependencies(/home/shiva/Documents/AGV_Kalman_Filter_Robot/robo_car/install/robot_car_description/share/colcon-core/packages/robot_car_description)
[2.772s] DEBUG:colcon.colcon_core.event_handler.log_command:Invoked command in '/home/shiva/Documents/AGV_Kalman_Filter_Robot/robo_car/build/robot_car_localization' returned '0': CMAKE_PREFIX_PATH=${CMAKE_PREFIX_PATH}:/home/shiva/Documents/wrk_spc/install/my_pkg:/opt/ros/humble /usr/bin/cmake /home/shiva/Documents/AGV_Kalman_Filter_Robot/robo_car/src/robot_car_localization -DCMAKE_INSTALL_PREFIX=/home/shiva/Documents/AGV_Kalman_Filter_Robot/robo_car/install/robot_car_localization
[2.774s] DEBUG:colcon.colcon_core.event_handler.log_command:Invoking command in '/home/shiva/Documents/AGV_Kalman_Filter_Robot/robo_car/build/robot_car_localization': CMAKE_PREFIX_PATH=${CMAKE_PREFIX_PATH}:/home/shiva/Documents/wrk_spc/install/my_pkg:/opt/ros/humble /usr/bin/cmake --build /home/shiva/Documents/AGV_Kalman_Filter_Robot/robo_car/build/robot_car_localization -- -j8 -l8
[2.840s] DEBUG:colcon.colcon_core.event_handler.log_command:Invoked command in '/home/shiva/Documents/AGV_Kalman_Filter_Robot/robo_car/build/robot_car_controller' returned '0': CMAKE_PREFIX_PATH=${CMAKE_PREFIX_PATH}:/home/shiva/Documents/wrk_spc/install/my_pkg:/opt/ros/humble /usr/bin/cmake /home/shiva/Documents/AGV_Kalman_Filter_Robot/robo_car/src/robot_car_controller -DCMAKE_INSTALL_PREFIX=/home/shiva/Documents/AGV_Kalman_Filter_Robot/robo_car/install/robot_car_controller
[2.842s] DEBUG:colcon.colcon_core.event_handler.log_command:Invoking command in '/home/shiva/Documents/AGV_Kalman_Filter_Robot/robo_car/build/robot_car_controller': CMAKE_PREFIX_PATH=${CMAKE_PREFIX_PATH}:/home/shiva/Documents/wrk_spc/install/my_pkg:/opt/ros/humble /usr/bin/cmake --build /home/shiva/Documents/AGV_Kalman_Filter_Robot/robo_car/build/robot_car_controller -- -j8 -l8
[3.248s] DEBUG:colcon.colcon_core.event_handler.log_command:Invoked command in '/home/shiva/Documents/AGV_Kalman_Filter_Robot/robo_car/build/robot_car_localization' returned '0': CMAKE_PREFIX_PATH=${CMAKE_PREFIX_PATH}:/home/shiva/Documents/wrk_spc/install/my_pkg:/opt/ros/humble /usr/bin/cmake --build /home/shiva/Documents/AGV_Kalman_Filter_Robot/robo_car/build/robot_car_localization -- -j8 -l8
[3.271s] DEBUG:colcon.colcon_core.event_handler.log_command:Invoking command in '/home/shiva/Documents/AGV_Kalman_Filter_Robot/robo_car/build/robot_car_localization': CMAKE_PREFIX_PATH=${CMAKE_PREFIX_PATH}:/home/shiva/Documents/wrk_spc/install/my_pkg:/opt/ros/humble /usr/bin/cmake --install /home/shiva/Documents/AGV_Kalman_Filter_Robot/robo_car/build/robot_car_localization
[3.330s] DEBUG:colcon.colcon_core.event_handler.log_command:Invoked command in '/home/shiva/Documents/AGV_Kalman_Filter_Robot/robo_car/build/robot_car_controller' returned '0': CMAKE_PREFIX_PATH=${CMAKE_PREFIX_PATH}:/home/shiva/Documents/wrk_spc/install/my_pkg:/opt/ros/humble /usr/bin/cmake --build /home/shiva/Documents/AGV_Kalman_Filter_Robot/robo_car/build/robot_car_controller -- -j8 -l8
[3.352s] DEBUG:colcon.colcon_core.event_handler.log_command:Invoking command in '/home/shiva/Documents/AGV_Kalman_Filter_Robot/robo_car/build/robot_car_controller': CMAKE_PREFIX_PATH=${CMAKE_PREFIX_PATH}:/home/shiva/Documents/wrk_spc/install/my_pkg:/opt/ros/humble /usr/bin/cmake --install /home/shiva/Documents/AGV_Kalman_Filter_Robot/robo_car/build/robot_car_controller
[3.391s] Level 1:colcon.colcon_core.environment:create_environment_scripts_only(robot_car_localization)
[3.391s] Level 1:colcon.colcon_core.environment:checking '/home/shiva/Documents/AGV_Kalman_Filter_Robot/robo_car/install/robot_car_localization' for CMake module files
[3.392s] DEBUG:colcon.colcon_core.event_handler.log_command:Invoked command in '/home/shiva/Documents/AGV_Kalman_Filter_Robot/robo_car/build/robot_car_localization' returned '0': CMAKE_PREFIX_PATH=${CMAKE_PREFIX_PATH}:/home/shiva/Documents/wrk_spc/install/my_pkg:/opt/ros/humble /usr/bin/cmake --install /home/shiva/Documents/AGV_Kalman_Filter_Robot/robo_car/build/robot_car_localization
[3.392s] Level 1:colcon.colcon_core.environment:checking '/home/shiva/Documents/AGV_Kalman_Filter_Robot/robo_car/install/robot_car_localization' for CMake config files
[3.392s] Level 1:colcon.colcon_core.shell:create_environment_hook('robot_car_localization', 'cmake_prefix_path')
[3.393s] INFO:colcon.colcon_core.shell:Creating environment hook '/home/shiva/Documents/AGV_Kalman_Filter_Robot/robo_car/install/robot_car_localization/share/robot_car_localization/hook/cmake_prefix_path.ps1'
[3.393s] INFO:colcon.colcon_core.shell:Creating environment descriptor '/home/shiva/Documents/AGV_Kalman_Filter_Robot/robo_car/install/robot_car_localization/share/robot_car_localization/hook/cmake_prefix_path.dsv'
[3.394s] INFO:colcon.colcon_core.shell:Creating environment hook '/home/shiva/Documents/AGV_Kalman_Filter_Robot/robo_car/install/robot_car_localization/share/robot_car_localization/hook/cmake_prefix_path.sh'
[3.394s] Level 1:colcon.colcon_core.environment:checking '/home/shiva/Documents/AGV_Kalman_Filter_Robot/robo_car/install/robot_car_localization/lib'
[3.395s] Level 1:colcon.colcon_core.environment:checking '/home/shiva/Documents/AGV_Kalman_Filter_Robot/robo_car/install/robot_car_localization/bin'
[3.395s] Level 1:colcon.colcon_core.environment:checking '/home/shiva/Documents/AGV_Kalman_Filter_Robot/robo_car/install/robot_car_localization/lib/pkgconfig/robot_car_localization.pc'
[3.395s] Level 1:colcon.colcon_core.environment:checking '/home/shiva/Documents/AGV_Kalman_Filter_Robot/robo_car/install/robot_car_localization/lib/python3.10/site-packages'
[3.395s] Level 1:colcon.colcon_core.shell:create_environment_hook('robot_car_localization', 'pythonpath')
[3.396s] INFO:colcon.colcon_core.shell:Creating environment hook '/home/shiva/Documents/AGV_Kalman_Filter_Robot/robo_car/install/robot_car_localization/share/robot_car_localization/hook/pythonpath.ps1'
[3.396s] INFO:colcon.colcon_core.shell:Creating environment descriptor '/home/shiva/Documents/AGV_Kalman_Filter_Robot/robo_car/install/robot_car_localization/share/robot_car_localization/hook/pythonpath.dsv'
[3.397s] INFO:colcon.colcon_core.shell:Creating environment hook '/home/shiva/Documents/AGV_Kalman_Filter_Robot/robo_car/install/robot_car_localization/share/robot_car_localization/hook/pythonpath.sh'
[3.397s] Level 1:colcon.colcon_core.environment:checking '/home/shiva/Documents/AGV_Kalman_Filter_Robot/robo_car/install/robot_car_localization/bin'
[3.398s] INFO:colcon.colcon_core.shell:Creating package script '/home/shiva/Documents/AGV_Kalman_Filter_Robot/robo_car/install/robot_car_localization/share/robot_car_localization/package.ps1'
[3.399s] INFO:colcon.colcon_core.shell:Creating package descriptor '/home/shiva/Documents/AGV_Kalman_Filter_Robot/robo_car/install/robot_car_localization/share/robot_car_localization/package.dsv'
[3.399s] INFO:colcon.colcon_core.shell:Creating package script '/home/shiva/Documents/AGV_Kalman_Filter_Robot/robo_car/install/robot_car_localization/share/robot_car_localization/package.sh'
[3.400s] INFO:colcon.colcon_core.shell:Creating package script '/home/shiva/Documents/AGV_Kalman_Filter_Robot/robo_car/install/robot_car_localization/share/robot_car_localization/package.bash'
[3.400s] INFO:colcon.colcon_core.shell:Creating package script '/home/shiva/Documents/AGV_Kalman_Filter_Robot/robo_car/install/robot_car_localization/share/robot_car_localization/package.zsh'
[3.401s] Level 1:colcon.colcon_core.environment:create_file_with_runtime_dependencies(/home/shiva/Documents/AGV_Kalman_Filter_Robot/robo_car/install/robot_car_localization/share/colcon-core/packages/robot_car_localization)
[3.420s] Level 1:colcon.colcon_core.environment:create_environment_scripts_only(robot_car_localization)
[3.421s] Level 1:colcon.colcon_core.environment:checking '/home/shiva/Documents/AGV_Kalman_Filter_Robot/robo_car/install/robot_car_localization' for CMake module files
[3.421s] Level 1:colcon.colcon_core.environment:checking '/home/shiva/Documents/AGV_Kalman_Filter_Robot/robo_car/install/robot_car_localization' for CMake config files
[3.421s] Level 1:colcon.colcon_core.shell:create_environment_hook('robot_car_localization', 'cmake_prefix_path')
[3.422s] INFO:colcon.colcon_core.shell:Creating environment hook '/home/shiva/Documents/AGV_Kalman_Filter_Robot/robo_car/install/robot_car_localization/share/robot_car_localization/hook/cmake_prefix_path.ps1'
[3.422s] INFO:colcon.colcon_core.shell:Creating environment descriptor '/home/shiva/Documents/AGV_Kalman_Filter_Robot/robo_car/install/robot_car_localization/share/robot_car_localization/hook/cmake_prefix_path.dsv'
[3.422s] INFO:colcon.colcon_core.shell:Creating environment hook '/home/shiva/Documents/AGV_Kalman_Filter_Robot/robo_car/install/robot_car_localization/share/robot_car_localization/hook/cmake_prefix_path.sh'
[3.423s] Level 1:colcon.colcon_core.environment:checking '/home/shiva/Documents/AGV_Kalman_Filter_Robot/robo_car/install/robot_car_localization/lib'
[3.423s] Level 1:colcon.colcon_core.environment:checking '/home/shiva/Documents/AGV_Kalman_Filter_Robot/robo_car/install/robot_car_localization/bin'
[3.423s] Level 1:colcon.colcon_core.environment:checking '/home/shiva/Documents/AGV_Kalman_Filter_Robot/robo_car/install/robot_car_localization/lib/pkgconfig/robot_car_localization.pc'
[3.423s] Level 1:colcon.colcon_core.environment:checking '/home/shiva/Documents/AGV_Kalman_Filter_Robot/robo_car/install/robot_car_localization/lib/python3.10/site-packages'
[3.423s] Level 1:colcon.colcon_core.shell:create_environment_hook('robot_car_localization', 'pythonpath')
[3.424s] INFO:colcon.colcon_core.shell:Creating environment hook '/home/shiva/Documents/AGV_Kalman_Filter_Robot/robo_car/install/robot_car_localization/share/robot_car_localization/hook/pythonpath.ps1'
[3.424s] INFO:colcon.colcon_core.shell:Creating environment descriptor '/home/shiva/Documents/AGV_Kalman_Filter_Robot/robo_car/install/robot_car_localization/share/robot_car_localization/hook/pythonpath.dsv'
[3.425s] INFO:colcon.colcon_core.shell:Creating environment hook '/home/shiva/Documents/AGV_Kalman_Filter_Robot/robo_car/install/robot_car_localization/share/robot_car_localization/hook/pythonpath.sh'
[3.426s] Level 1:colcon.colcon_core.environment:checking '/home/shiva/Documents/AGV_Kalman_Filter_Robot/robo_car/install/robot_car_localization/bin'
[3.426s] INFO:colcon.colcon_core.shell:Creating package script '/home/shiva/Documents/AGV_Kalman_Filter_Robot/robo_car/install/robot_car_localization/share/robot_car_localization/package.ps1'
[3.427s] INFO:colcon.colcon_core.shell:Creating package descriptor '/home/shiva/Documents/AGV_Kalman_Filter_Robot/robo_car/install/robot_car_localization/share/robot_car_localization/package.dsv'
[3.427s] INFO:colcon.colcon_core.shell:Creating package script '/home/shiva/Documents/AGV_Kalman_Filter_Robot/robo_car/install/robot_car_localization/share/robot_car_localization/package.sh'
[3.428s] INFO:colcon.colcon_core.shell:Creating package script '/home/shiva/Documents/AGV_Kalman_Filter_Robot/robo_car/install/robot_car_localization/share/robot_car_localization/package.bash'
[3.428s] INFO:colcon.colcon_core.shell:Creating package script '/home/shiva/Documents/AGV_Kalman_Filter_Robot/robo_car/install/robot_car_localization/share/robot_car_localization/package.zsh'
[3.429s] Level 1:colcon.colcon_core.environment:create_file_with_runtime_dependencies(/home/shiva/Documents/AGV_Kalman_Filter_Robot/robo_car/install/robot_car_localization/share/colcon-core/packages/robot_car_localization)
[3.473s] Level 1:colcon.colcon_core.environment:create_environment_scripts_only(robot_car_controller)
[3.474s] Level 1:colcon.colcon_core.environment:checking '/home/shiva/Documents/AGV_Kalman_Filter_Robot/robo_car/install/robot_car_controller' for CMake module files
[3.474s] DEBUG:colcon.colcon_core.event_handler.log_command:Invoked command in '/home/shiva/Documents/AGV_Kalman_Filter_Robot/robo_car/build/robot_car_controller' returned '0': CMAKE_PREFIX_PATH=${CMAKE_PREFIX_PATH}:/home/shiva/Documents/wrk_spc/install/my_pkg:/opt/ros/humble /usr/bin/cmake --install /home/shiva/Documents/AGV_Kalman_Filter_Robot/robo_car/build/robot_car_controller
[3.475s] Level 1:colcon.colcon_core.environment:checking '/home/shiva/Documents/AGV_Kalman_Filter_Robot/robo_car/install/robot_car_controller' for CMake config files
[3.475s] Level 1:colcon.colcon_core.shell:create_environment_hook('robot_car_controller', 'cmake_prefix_path')
[3.475s] INFO:colcon.colcon_core.shell:Creating environment hook '/home/shiva/Documents/AGV_Kalman_Filter_Robot/robo_car/install/robot_car_controller/share/robot_car_controller/hook/cmake_prefix_path.ps1'
[3.476s] INFO:colcon.colcon_core.shell:Creating environment descriptor '/home/shiva/Documents/AGV_Kalman_Filter_Robot/robo_car/install/robot_car_controller/share/robot_car_controller/hook/cmake_prefix_path.dsv'
[3.476s] INFO:colcon.colcon_core.shell:Creating environment hook '/home/shiva/Documents/AGV_Kalman_Filter_Robot/robo_car/install/robot_car_controller/share/robot_car_controller/hook/cmake_prefix_path.sh'
[3.477s] Level 1:colcon.colcon_core.environment:checking '/home/shiva/Documents/AGV_Kalman_Filter_Robot/robo_car/install/robot_car_controller/lib'
[3.477s] Level 1:colcon.colcon_core.environment:checking '/home/shiva/Documents/AGV_Kalman_Filter_Robot/robo_car/install/robot_car_controller/bin'
[3.477s] Level 1:colcon.colcon_core.environment:checking '/home/shiva/Documents/AGV_Kalman_Filter_Robot/robo_car/install/robot_car_controller/lib/pkgconfig/robot_car_controller.pc'
[3.478s] Level 1:colcon.colcon_core.environment:checking '/home/shiva/Documents/AGV_Kalman_Filter_Robot/robo_car/install/robot_car_controller/lib/python3.10/site-packages'
[3.478s] Level 1:colcon.colcon_core.shell:create_environment_hook('robot_car_controller', 'pythonpath')
[3.478s] INFO:colcon.colcon_core.shell:Creating environment hook '/home/shiva/Documents/AGV_Kalman_Filter_Robot/robo_car/install/robot_car_controller/share/robot_car_controller/hook/pythonpath.ps1'
[3.479s] INFO:colcon.colcon_core.shell:Creating environment descriptor '/home/shiva/Documents/AGV_Kalman_Filter_Robot/robo_car/install/robot_car_controller/share/robot_car_controller/hook/pythonpath.dsv'
[3.479s] INFO:colcon.colcon_core.shell:Creating environment hook '/home/shiva/Documents/AGV_Kalman_Filter_Robot/robo_car/install/robot_car_controller/share/robot_car_controller/hook/pythonpath.sh'
[3.480s] Level 1:colcon.colcon_core.environment:checking '/home/shiva/Documents/AGV_Kalman_Filter_Robot/robo_car/install/robot_car_controller/bin'
[3.480s] INFO:colcon.colcon_core.shell:Creating package script '/home/shiva/Documents/AGV_Kalman_Filter_Robot/robo_car/install/robot_car_controller/share/robot_car_controller/package.ps1'
[3.481s] INFO:colcon.colcon_core.shell:Creating package descriptor '/home/shiva/Documents/AGV_Kalman_Filter_Robot/robo_car/install/robot_car_controller/share/robot_car_controller/package.dsv'
[3.481s] INFO:colcon.colcon_core.shell:Creating package script '/home/shiva/Documents/AGV_Kalman_Filter_Robot/robo_car/install/robot_car_controller/share/robot_car_controller/package.sh'
[3.482s] INFO:colcon.colcon_core.shell:Creating package script '/home/shiva/Documents/AGV_Kalman_Filter_Robot/robo_car/install/robot_car_controller/share/robot_car_controller/package.bash'
[3.482s] INFO:colcon.colcon_core.shell:Creating package script '/home/shiva/Documents/AGV_Kalman_Filter_Robot/robo_car/install/robot_car_controller/share/robot_car_controller/package.zsh'
[3.482s] Level 1:colcon.colcon_core.environment:create_file_with_runtime_dependencies(/home/shiva/Documents/AGV_Kalman_Filter_Robot/robo_car/install/robot_car_controller/share/colcon-core/packages/robot_car_controller)
[3.506s] Level 1:colcon.colcon_core.environment:create_environment_scripts_only(robot_car_controller)
[3.507s] Level 1:colcon.colcon_core.environment:checking '/home/shiva/Documents/AGV_Kalman_Filter_Robot/robo_car/install/robot_car_controller' for CMake module files
[3.507s] Level 1:colcon.colcon_core.environment:checking '/home/shiva/Documents/AGV_Kalman_Filter_Robot/robo_car/install/robot_car_controller' for CMake config files
[3.507s] Level 1:colcon.colcon_core.shell:create_environment_hook('robot_car_controller', 'cmake_prefix_path')
[3.508s] INFO:colcon.colcon_core.shell:Creating environment hook '/home/shiva/Documents/AGV_Kalman_Filter_Robot/robo_car/install/robot_car_controller/share/robot_car_controller/hook/cmake_prefix_path.ps1'
[3.508s] INFO:colcon.colcon_core.shell:Creating environment descriptor '/home/shiva/Documents/AGV_Kalman_Filter_Robot/robo_car/install/robot_car_controller/share/robot_car_controller/hook/cmake_prefix_path.dsv'
[3.508s] INFO:colcon.colcon_core.shell:Creating environment hook '/home/shiva/Documents/AGV_Kalman_Filter_Robot/robo_car/install/robot_car_controller/share/robot_car_controller/hook/cmake_prefix_path.sh'
[3.509s] Level 1:colcon.colcon_core.environment:checking '/home/shiva/Documents/AGV_Kalman_Filter_Robot/robo_car/install/robot_car_controller/lib'
[3.509s] Level 1:colcon.colcon_core.environment:checking '/home/shiva/Documents/AGV_Kalman_Filter_Robot/robo_car/install/robot_car_controller/bin'
[3.509s] Level 1:colcon.colcon_core.environment:checking '/home/shiva/Documents/AGV_Kalman_Filter_Robot/robo_car/install/robot_car_controller/lib/pkgconfig/robot_car_controller.pc'
[3.510s] Level 1:colcon.colcon_core.environment:checking '/home/shiva/Documents/AGV_Kalman_Filter_Robot/robo_car/install/robot_car_controller/lib/python3.10/site-packages'
[3.510s] Level 1:colcon.colcon_core.shell:create_environment_hook('robot_car_controller', 'pythonpath')
[3.510s] INFO:colcon.colcon_core.shell:Creating environment hook '/home/shiva/Documents/AGV_Kalman_Filter_Robot/robo_car/install/robot_car_controller/share/robot_car_controller/hook/pythonpath.ps1'
[3.510s] INFO:colcon.colcon_core.shell:Creating environment descriptor '/home/shiva/Documents/AGV_Kalman_Filter_Robot/robo_car/install/robot_car_controller/share/robot_car_controller/hook/pythonpath.dsv'
[3.511s] INFO:colcon.colcon_core.shell:Creating environment hook '/home/shiva/Documents/AGV_Kalman_Filter_Robot/robo_car/install/robot_car_controller/share/robot_car_controller/hook/pythonpath.sh'
[3.511s] Level 1:colcon.colcon_core.environment:checking '/home/shiva/Documents/AGV_Kalman_Filter_Robot/robo_car/install/robot_car_controller/bin'
[3.512s] INFO:colcon.colcon_core.shell:Creating package script '/home/shiva/Documents/AGV_Kalman_Filter_Robot/robo_car/install/robot_car_controller/share/robot_car_controller/package.ps1'
[3.513s] INFO:colcon.colcon_core.shell:Creating package descriptor '/home/shiva/Documents/AGV_Kalman_Filter_Robot/robo_car/install/robot_car_controller/share/robot_car_controller/package.dsv'
[3.513s] INFO:colcon.colcon_core.shell:Creating package script '/home/shiva/Documents/AGV_Kalman_Filter_Robot/robo_car/install/robot_car_controller/share/robot_car_controller/package.sh'
[3.514s] INFO:colcon.colcon_core.shell:Creating package script '/home/shiva/Documents/AGV_Kalman_Filter_Robot/robo_car/install/robot_car_controller/share/robot_car_controller/package.bash'
[3.514s] INFO:colcon.colcon_core.shell:Creating package script '/home/shiva/Documents/AGV_Kalman_Filter_Robot/robo_car/install/robot_car_controller/share/robot_car_controller/package.zsh'
[3.515s] Level 1:colcon.colcon_core.environment:create_file_with_runtime_dependencies(/home/shiva/Documents/AGV_Kalman_Filter_Robot/robo_car/install/robot_car_controller/share/colcon-core/packages/robot_car_controller)
[3.515s] DEBUG:colcon.colcon_parallel_executor.executor.parallel:closing loop
[3.515s] DEBUG:colcon.colcon_parallel_executor.executor.parallel:loop closed
[3.515s] DEBUG:colcon.colcon_parallel_executor.executor.parallel:run_until_complete finished with '0'
[3.515s] DEBUG:colcon.colcon_core.event_reactor:joining thread
[3.521s] INFO:colcon.colcon_core.plugin_system:Skipping extension 'colcon_notification.desktop_notification.terminal_notifier': Not used on non-Darwin systems
[3.521s] INFO:colcon.colcon_core.plugin_system:Skipping extension 'colcon_notification.desktop_notification.win32': Not used on non-Windows systems
[3.521s] INFO:colcon.colcon_notification.desktop_notification:Sending desktop notification using 'notify2'
[3.535s] DEBUG:colcon.colcon_core.event_reactor:joined thread
[3.535s] INFO:colcon.colcon_core.shell:Creating prefix script '/home/shiva/Documents/AGV_Kalman_Filter_Robot/robo_car/install/local_setup.ps1'
[3.536s] INFO:colcon.colcon_core.shell:Creating prefix util module '/home/shiva/Documents/AGV_Kalman_Filter_Robot/robo_car/install/_local_setup_util_ps1.py'
[3.537s] INFO:colcon.colcon_core.shell:Creating prefix chain script '/home/shiva/Documents/AGV_Kalman_Filter_Robot/robo_car/install/setup.ps1'
[3.539s] INFO:colcon.colcon_core.shell:Creating prefix script '/home/shiva/Documents/AGV_Kalman_Filter_Robot/robo_car/install/local_setup.sh'
[3.539s] INFO:colcon.colcon_core.shell:Creating prefix util module '/home/shiva/Documents/AGV_Kalman_Filter_Robot/robo_car/install/_local_setup_util_sh.py'
[3.540s] INFO:colcon.colcon_core.shell:Creating prefix chain script '/home/shiva/Documents/AGV_Kalman_Filter_Robot/robo_car/install/setup.sh'
[3.541s] INFO:colcon.colcon_core.shell:Creating prefix script '/home/shiva/Documents/AGV_Kalman_Filter_Robot/robo_car/install/local_setup.bash'
[3.542s] INFO:colcon.colcon_core.shell:Creating prefix chain script '/home/shiva/Documents/AGV_Kalman_Filter_Robot/robo_car/install/setup.bash'
[3.543s] INFO:colcon.colcon_core.shell:Creating prefix script '/home/shiva/Documents/AGV_Kalman_Filter_Robot/robo_car/install/local_setup.zsh'
[3.544s] INFO:colcon.colcon_core.shell:Creating prefix chain script '/home/shiva/Documents/AGV_Kalman_Filter_Robot/robo_car/install/setup.zsh'
